[2020-04-25 12:51:24.262] [INFO] access - GET /
[2020-04-25 12:51:24.316] [WARN] access - GET /themes/default/assets/css/bootstrap.min.css
[2020-04-25 12:51:24.335] [WARN] access - GET /themes/default/assets/js/jquery-2.2.1.min.js
[2020-04-25 12:51:24.338] [WARN] access - GET /themes/default/assets/css/main.css
[2020-04-25 12:51:24.339] [WARN] access - GET /themes/default/assets/js/bootstrap.min.js
[2020-04-25 12:51:24.342] [WARN] access - GET /media/202004/5e9c38bd0518b1771b0be7a9/13.jpg
[2020-04-25 12:51:24.349] [WARN] access - GET /themes/default/assets/img/logo.png
[2020-04-25 12:51:24.380] [WARN] access - GET /themes/default/assets/fonts/glyphicons-halflings-regular.woff2
[2020-04-25 12:51:24.450] [WARN] access - GET /themes/default/assets/css/bootstrap.min.css.map
[2020-04-25 12:51:26.801] [INFO] access - GET /css
[2020-04-25 12:51:26.830] [WARN] access - GET /themes/default/assets/css/bootstrap.min.css
[2020-04-25 12:51:26.854] [WARN] access - GET /themes/default/assets/js/bootstrap.min.js
[2020-04-25 12:51:26.854] [WARN] access - GET /themes/default/assets/img/logo.png
[2020-04-25 12:51:26.855] [WARN] access - GET /themes/default/assets/css/main.css
[2020-04-25 12:51:26.856] [WARN] access - GET /themes/default/assets/js/jquery-2.2.1.min.js
[2020-04-25 12:51:26.859] [WARN] access - GET /media/202004/5e9afa17e897746894879505/301586082973_.pic.jpg
[2020-04-25 12:51:26.935] [WARN] access - GET /themes/default/assets/css/bootstrap.min.css.map
[2020-04-25 12:51:27.690] [INFO] access - GET /frontend
[2020-04-25 12:51:27.730] [WARN] access - GET /themes/default/assets/css/bootstrap.min.css
[2020-04-25 12:51:27.745] [WARN] access - GET /themes/default/assets/js/jquery-2.2.1.min.js
[2020-04-25 12:51:27.749] [WARN] access - GET /media/202004/5e9afea2a03d396bf9432724/301586082973_.pic.jpg
[2020-04-25 12:51:27.750] [WARN] access - GET /themes/default/assets/img/logo.png
[2020-04-25 12:51:27.751] [WARN] access - GET /themes/default/assets/css/main.css
[2020-04-25 12:51:27.752] [WARN] access - GET /themes/default/assets/js/bootstrap.min.js
[2020-04-25 12:51:27.766] [WARN] access - GET /media/202004/5e9afe73a03d396bf9432722/301586082973_.pic.jpg
[2020-04-25 12:51:27.785] [WARN] access - GET /media/202004/5e9afe4ea03d396bf9432720/301586082973_.pic.jpg
[2020-04-25 12:51:27.786] [WARN] access - GET /media/202004/5e9afdeca03d396bf943271e/301586082973_.pic.jpg
[2020-04-25 12:51:27.787] [WARN] access - GET /media/202004/5e9af929e897746894879502/301586082973_.pic_thumb.jpg
[2020-04-25 12:51:27.834] [WARN] access - GET /themes/default/assets/css/bootstrap.min.css.map
[2020-04-25 12:51:28.860] [WARN] access - GET /css
[2020-04-25 12:51:28.897] [WARN] access - GET /themes/default/assets/css/bootstrap.min.css
[2020-04-25 12:51:28.925] [WARN] access - GET /themes/default/assets/js/jquery-2.2.1.min.js
[2020-04-25 12:51:28.926] [WARN] access - GET /themes/default/assets/css/main.css
[2020-04-25 12:51:28.928] [WARN] access - GET /themes/default/assets/js/bootstrap.min.js
[2020-04-25 12:51:28.929] [WARN] access - GET /themes/default/assets/img/logo.png
[2020-04-25 12:51:28.931] [WARN] access - GET /media/202004/5e9afa17e897746894879505/301586082973_.pic.jpg
[2020-04-25 12:51:28.993] [WARN] access - GET /themes/default/assets/css/bootstrap.min.css.map
[2020-04-25 12:51:29.568] [WARN] access - GET /about
[2020-04-25 12:51:29.612] [WARN] access - GET /themes/default/assets/css/bootstrap.min.css
[2020-04-25 12:51:29.613] [WARN] access - GET /themes/default/assets/css/main.css
[2020-04-25 12:51:29.619] [WARN] access - GET /themes/default/assets/js/bootstrap.min.js
[2020-04-25 12:51:29.621] [WARN] access - GET /themes/default/assets/img/logo.png
[2020-04-25 12:51:29.622] [WARN] access - GET /themes/default/assets/js/jquery-2.2.1.min.js
[2020-04-25 12:51:29.702] [WARN] access - GET /themes/default/assets/css/bootstrap.min.css.map
[2020-04-25 12:51:30.438] [WARN] access - GET /css
[2020-04-25 12:51:30.473] [WARN] access - GET /themes/default/assets/css/bootstrap.min.css
[2020-04-25 12:51:30.474] [WARN] access - GET /media/202004/5e9afa17e897746894879505/301586082973_.pic.jpg
[2020-04-25 12:51:30.479] [WARN] access - GET /themes/default/assets/img/logo.png
[2020-04-25 12:51:30.480] [WARN] access - GET /themes/default/assets/css/main.css
[2020-04-25 12:51:30.481] [WARN] access - GET /themes/default/assets/js/jquery-2.2.1.min.js
[2020-04-25 12:51:30.482] [WARN] access - GET /themes/default/assets/js/bootstrap.min.js
[2020-04-25 12:51:30.569] [WARN] access - GET /themes/default/assets/css/bootstrap.min.css.map
[2020-04-25 12:51:31.189] [WARN] access - GET /frontend
[2020-04-25 12:51:31.254] [WARN] access - GET /themes/default/assets/css/main.css
[2020-04-25 12:51:31.255] [WARN] access - GET /themes/default/assets/css/bootstrap.min.css
[2020-04-25 12:51:31.256] [WARN] access - GET /themes/default/assets/js/bootstrap.min.js
[2020-04-25 12:51:31.257] [WARN] access - GET /media/202004/5e9afea2a03d396bf9432724/301586082973_.pic.jpg
[2020-04-25 12:51:31.258] [WARN] access - GET /themes/default/assets/img/logo.png
[2020-04-25 12:51:31.260] [WARN] access - GET /themes/default/assets/js/jquery-2.2.1.min.js
[2020-04-25 12:51:31.284] [WARN] access - GET /media/202004/5e9afe73a03d396bf9432722/301586082973_.pic.jpg
[2020-04-25 12:51:31.285] [WARN] access - GET /media/202004/5e9afe4ea03d396bf9432720/301586082973_.pic.jpg
[2020-04-25 12:51:31.298] [WARN] access - GET /media/202004/5e9af929e897746894879502/301586082973_.pic_thumb.jpg
[2020-04-25 12:51:31.299] [WARN] access - GET /media/202004/5e9afdeca03d396bf943271e/301586082973_.pic.jpg
[2020-04-25 12:51:31.341] [WARN] access - GET /themes/default/assets/css/bootstrap.min.css.map
[2020-04-25 12:51:31.995] [WARN] access - GET /about
[2020-04-25 12:51:32.028] [WARN] access - GET /themes/default/assets/css/bootstrap.min.css
[2020-04-25 12:51:32.041] [WARN] access - GET /themes/default/assets/css/main.css
[2020-04-25 12:51:32.044] [WARN] access - GET /themes/default/assets/js/jquery-2.2.1.min.js
[2020-04-25 12:51:32.045] [WARN] access - GET /themes/default/assets/img/logo.png
[2020-04-25 12:51:32.046] [WARN] access - GET /themes/default/assets/js/bootstrap.min.js
[2020-04-25 12:51:32.125] [WARN] access - GET /themes/default/assets/css/bootstrap.min.css.map
[2020-04-25 12:51:38.545] [WARN] access - GET /css
[2020-04-25 12:51:38.581] [WARN] access - GET /themes/default/assets/css/bootstrap.min.css
[2020-04-25 12:51:38.604] [WARN] access - GET /themes/default/assets/js/jquery-2.2.1.min.js
[2020-04-25 12:51:38.605] [WARN] access - GET /themes/default/assets/css/main.css
[2020-04-25 12:51:38.607] [WARN] access - GET /themes/default/assets/js/bootstrap.min.js
[2020-04-25 12:51:38.610] [WARN] access - GET /themes/default/assets/img/logo.png
[2020-04-25 12:51:38.611] [WARN] access - GET /media/202004/5e9afa17e897746894879505/301586082973_.pic.jpg
[2020-04-25 12:51:38.677] [WARN] access - GET /themes/default/assets/css/bootstrap.min.css.map
[2020-04-25 12:51:39.481] [WARN] access - GET /about
[2020-04-25 12:51:39.511] [WARN] access - GET /themes/default/assets/css/bootstrap.min.css
[2020-04-25 12:51:39.532] [WARN] access - GET /themes/default/assets/js/jquery-2.2.1.min.js
[2020-04-25 12:51:39.532] [WARN] access - GET /themes/default/assets/img/logo.png
[2020-04-25 12:51:39.533] [WARN] access - GET /themes/default/assets/css/main.css
[2020-04-25 12:51:39.534] [WARN] access - GET /themes/default/assets/js/bootstrap.min.js
[2020-04-25 12:51:39.607] [WARN] access - GET /themes/default/assets/css/bootstrap.min.css.map
[2020-04-25 12:51:40.241] [WARN] access - GET /frontend
[2020-04-25 12:51:40.272] [WARN] access - GET /themes/default/assets/css/bootstrap.min.css
[2020-04-25 12:51:40.287] [WARN] access - GET /themes/default/assets/css/main.css
[2020-04-25 12:51:40.289] [WARN] access - GET /themes/default/assets/js/jquery-2.2.1.min.js
[2020-04-25 12:51:40.290] [WARN] access - GET /themes/default/assets/js/bootstrap.min.js
[2020-04-25 12:51:40.292] [WARN] access - GET /themes/default/assets/img/logo.png
[2020-04-25 12:51:40.294] [WARN] access - GET /media/202004/5e9afea2a03d396bf9432724/301586082973_.pic.jpg
[2020-04-25 12:51:40.332] [WARN] access - GET /media/202004/5e9afe4ea03d396bf9432720/301586082973_.pic.jpg
[2020-04-25 12:51:40.333] [WARN] access - GET /media/202004/5e9afe73a03d396bf9432722/301586082973_.pic.jpg
[2020-04-25 12:51:40.334] [WARN] access - GET /media/202004/5e9afdeca03d396bf943271e/301586082973_.pic.jpg
[2020-04-25 12:51:40.334] [WARN] access - GET /media/202004/5e9af929e897746894879502/301586082973_.pic_thumb.jpg
[2020-04-25 12:51:40.368] [WARN] access - GET /themes/default/assets/css/bootstrap.min.css.map
[2020-04-25 12:51:41.016] [WARN] access - GET /frontend
[2020-04-25 12:51:41.050] [WARN] access - GET /themes/default/assets/css/bootstrap.min.css
[2020-04-25 12:51:41.053] [WARN] access - GET /themes/default/assets/js/jquery-2.2.1.min.js
[2020-04-25 12:51:41.054] [WARN] access - GET /themes/default/assets/css/main.css
[2020-04-25 12:51:41.071] [WARN] access - GET /themes/default/assets/js/bootstrap.min.js
[2020-04-25 12:51:41.072] [WARN] access - GET /themes/default/assets/img/logo.png
[2020-04-25 12:51:41.073] [WARN] access - GET /media/202004/5e9afea2a03d396bf9432724/301586082973_.pic.jpg
[2020-04-25 12:51:41.097] [WARN] access - GET /media/202004/5e9afe73a03d396bf9432722/301586082973_.pic.jpg
[2020-04-25 12:51:41.097] [WARN] access - GET /media/202004/5e9afdeca03d396bf943271e/301586082973_.pic.jpg
[2020-04-25 12:51:41.098] [WARN] access - GET /media/202004/5e9afe4ea03d396bf9432720/301586082973_.pic.jpg
[2020-04-25 12:51:41.099] [WARN] access - GET /media/202004/5e9af929e897746894879502/301586082973_.pic_thumb.jpg
[2020-04-25 12:51:41.137] [WARN] access - GET /themes/default/assets/css/bootstrap.min.css.map
[2020-04-25 12:51:41.827] [WARN] access - GET /
[2020-04-25 12:51:41.853] [WARN] access - GET /themes/default/assets/css/bootstrap.min.css
[2020-04-25 12:51:41.864] [WARN] access - GET /themes/default/assets/js/jquery-2.2.1.min.js
[2020-04-25 12:51:41.865] [WARN] access - GET /themes/default/assets/js/bootstrap.min.js
[2020-04-25 12:51:41.866] [WARN] access - GET /themes/default/assets/css/main.css
[2020-04-25 12:51:41.867] [WARN] access - GET /themes/default/assets/img/logo.png
[2020-04-25 12:51:41.867] [WARN] access - GET /media/202004/5e9c38bd0518b1771b0be7a9/13.jpg
[2020-04-25 12:51:41.929] [WARN] access - GET /themes/default/assets/css/bootstrap.min.css.map
[2020-04-25 12:51:42.660] [WARN] access - GET /frontend
[2020-04-25 12:51:42.688] [WARN] access - GET /themes/default/assets/css/bootstrap.min.css
[2020-04-25 12:51:42.703] [WARN] access - GET /themes/default/assets/js/jquery-2.2.1.min.js
[2020-04-25 12:51:42.706] [WARN] access - GET /themes/default/assets/css/main.css
[2020-04-25 12:51:42.710] [WARN] access - GET /media/202004/5e9afea2a03d396bf9432724/301586082973_.pic.jpg
[2020-04-25 12:51:42.712] [WARN] access - GET /themes/default/assets/js/bootstrap.min.js
[2020-04-25 12:51:42.713] [WARN] access - GET /themes/default/assets/img/logo.png
[2020-04-25 12:51:42.746] [WARN] access - GET /media/202004/5e9afe73a03d396bf9432722/301586082973_.pic.jpg
[2020-04-25 12:51:42.748] [WARN] access - GET /media/202004/5e9afdeca03d396bf943271e/301586082973_.pic.jpg
[2020-04-25 12:51:42.749] [WARN] access - GET /media/202004/5e9af929e897746894879502/301586082973_.pic_thumb.jpg
[2020-04-25 12:51:42.749] [WARN] access - GET /media/202004/5e9afe4ea03d396bf9432720/301586082973_.pic.jpg
[2020-04-25 12:51:42.808] [WARN] access - GET /themes/default/assets/css/bootstrap.min.css.map
[2020-04-25 12:51:43.421] [WARN] access - GET /css
[2020-04-25 12:51:43.451] [WARN] access - GET /themes/default/assets/css/bootstrap.min.css
[2020-04-25 12:51:43.467] [WARN] access - GET /themes/default/assets/css/main.css
[2020-04-25 12:51:43.468] [WARN] access - GET /themes/default/assets/js/jquery-2.2.1.min.js
[2020-04-25 12:51:43.469] [WARN] access - GET /themes/default/assets/js/bootstrap.min.js
[2020-04-25 12:51:43.470] [WARN] access - GET /themes/default/assets/img/logo.png
[2020-04-25 12:51:43.471] [WARN] access - GET /media/202004/5e9afa17e897746894879505/301586082973_.pic.jpg
[2020-04-25 12:51:43.532] [WARN] access - GET /themes/default/assets/css/bootstrap.min.css.map
[2020-04-25 12:51:44.313] [WARN] access - GET /about
[2020-04-25 12:51:44.354] [WARN] access - GET /themes/default/assets/css/bootstrap.min.css
[2020-04-25 12:51:44.358] [WARN] access - GET /themes/default/assets/css/main.css
[2020-04-25 12:51:44.360] [WARN] access - GET /themes/default/assets/js/jquery-2.2.1.min.js
[2020-04-25 12:51:44.362] [WARN] access - GET /themes/default/assets/js/bootstrap.min.js
[2020-04-25 12:51:44.369] [WARN] access - GET /themes/default/assets/img/logo.png
[2020-04-25 12:51:44.445] [WARN] access - GET /themes/default/assets/css/bootstrap.min.css.map
[2020-04-25 12:51:45.151] [WARN] access - GET /css
[2020-04-25 12:51:45.179] [WARN] access - GET /themes/default/assets/css/bootstrap.min.css
[2020-04-25 12:51:45.181] [WARN] access - GET /themes/default/assets/css/main.css
[2020-04-25 12:51:45.182] [WARN] access - GET /themes/default/assets/js/jquery-2.2.1.min.js
[2020-04-25 12:51:45.204] [WARN] access - GET /themes/default/assets/img/logo.png
[2020-04-25 12:51:45.205] [WARN] access - GET /themes/default/assets/js/bootstrap.min.js
[2020-04-25 12:51:45.206] [WARN] access - GET /media/202004/5e9afa17e897746894879505/301586082973_.pic.jpg
[2020-04-25 12:51:45.265] [WARN] access - GET /themes/default/assets/css/bootstrap.min.css.map
[2020-04-25 12:51:45.720] [WARN] access - GET /frontend
[2020-04-25 12:51:45.748] [WARN] access - GET /themes/default/assets/css/bootstrap.min.css
[2020-04-25 12:51:45.766] [WARN] access - GET /media/202004/5e9afea2a03d396bf9432724/301586082973_.pic.jpg
[2020-04-25 12:51:45.767] [WARN] access - GET /themes/default/assets/css/main.css
[2020-04-25 12:51:45.768] [WARN] access - GET /themes/default/assets/img/logo.png
[2020-04-25 12:51:45.769] [WARN] access - GET /themes/default/assets/js/jquery-2.2.1.min.js
[2020-04-25 12:51:45.770] [WARN] access - GET /themes/default/assets/js/bootstrap.min.js
[2020-04-25 12:51:45.783] [WARN] access - GET /media/202004/5e9afe73a03d396bf9432722/301586082973_.pic.jpg
[2020-04-25 12:51:45.784] [WARN] access - GET /media/202004/5e9afe4ea03d396bf9432720/301586082973_.pic.jpg
[2020-04-25 12:51:45.799] [WARN] access - GET /media/202004/5e9afdeca03d396bf943271e/301586082973_.pic.jpg
[2020-04-25 12:51:45.800] [WARN] access - GET /media/202004/5e9af929e897746894879502/301586082973_.pic_thumb.jpg
[2020-04-25 12:51:45.866] [WARN] access - GET /themes/default/assets/css/bootstrap.min.css.map
[2020-04-25 12:51:46.366] [WARN] access - GET /
[2020-04-25 12:51:46.394] [WARN] access - GET /themes/default/assets/css/bootstrap.min.css
[2020-04-25 12:51:46.405] [WARN] access - GET /themes/default/assets/css/main.css
[2020-04-25 12:51:46.411] [WARN] access - GET /themes/default/assets/js/jquery-2.2.1.min.js
[2020-04-25 12:51:46.412] [WARN] access - GET /themes/default/assets/js/bootstrap.min.js
[2020-04-25 12:51:46.416] [WARN] access - GET /media/202004/5e9c38bd0518b1771b0be7a9/13.jpg
[2020-04-25 12:51:46.416] [WARN] access - GET /themes/default/assets/img/logo.png
[2020-04-25 12:51:46.468] [WARN] access - GET /themes/default/assets/css/bootstrap.min.css.map
