[2020-04-19 20:04:05.544] [WARN] access - GET /themes/default/assets/css/bootstrap.min.css
[2020-04-19 20:04:05.544] [WARN] access - GET /themes/default/assets/css/main.css
[2020-04-19 20:04:05.599] [WARN] access - GET /themes/default/assets/css/bootstrap.min.css.map
[2020-04-19 20:06:33.677] [WARN] access - GET /
[2020-04-19 20:06:33.714] [WARN] access - GET /themes/default/assets/css/bootstrap.min.css
[2020-04-19 20:06:33.725] [WARN] access - GET /themes/default/assets/css/main.css
[2020-04-19 20:06:33.727] [WARN] access - GET /themes/default/assets/js/jquery-2.2.1.min.js
[2020-04-19 20:06:33.728] [WARN] access - GET /themes/default/assets/img/logo.png
[2020-04-19 20:06:33.729] [WARN] access - GET /themes/default/assets/js/bootstrap.min.js
[2020-04-19 20:06:33.733] [WARN] access - GET /media/202004/5e9c38bd0518b1771b0be7a9/13.jpg
[2020-04-19 20:06:33.807] [WARN] access - GET /themes/default/assets/css/bootstrap.min.css.map
[2020-04-19 20:06:35.093] [WARN] access - GET /frontend
[2020-04-19 20:06:35.117] [WARN] access - GET /themes/default/assets/css/bootstrap.min.css
[2020-04-19 20:06:35.118] [WARN] access - GET /themes/default/assets/css/main.css
[2020-04-19 20:06:35.121] [WARN] access - GET /themes/default/assets/js/jquery-2.2.1.min.js
[2020-04-19 20:06:35.122] [WARN] access - GET /themes/default/assets/js/bootstrap.min.js
[2020-04-19 20:06:35.123] [WARN] access - GET /themes/default/assets/img/logo.png
[2020-04-19 20:06:35.131] [WARN] access - GET /media/202004/5e9afea2a03d396bf9432724/301586082973_.pic.jpg
[2020-04-19 20:06:35.135] [WARN] access - GET /media/202004/5e9afe73a03d396bf9432722/301586082973_.pic.jpg
[2020-04-19 20:06:35.148] [WARN] access - GET /media/202004/5e9afe4ea03d396bf9432720/301586082973_.pic.jpg
[2020-04-19 20:06:35.149] [WARN] access - GET /media/202004/5e9afdeca03d396bf943271e/301586082973_.pic.jpg
[2020-04-19 20:06:35.149] [WARN] access - GET /media/202004/5e9af929e897746894879502/301586082973_.pic_thumb.jpg
[2020-04-19 20:06:35.194] [WARN] access - GET /themes/default/assets/css/bootstrap.min.css.map
[2020-04-19 20:08:14.391] [WARN] access - GET /
[2020-04-19 20:08:14.423] [WARN] access - GET /themes/default/assets/css/bootstrap.min.css
[2020-04-19 20:08:14.424] [WARN] access - GET /themes/default/assets/css/main.css
[2020-04-19 20:08:14.439] [WARN] access - GET /themes/default/assets/js/jquery-2.2.1.min.js
[2020-04-19 20:08:14.443] [WARN] access - GET /themes/default/assets/js/bootstrap.min.js
[2020-04-19 20:08:14.448] [WARN] access - GET /themes/default/assets/img/logo.png
[2020-04-19 20:08:14.448] [WARN] access - GET /media/202004/5e9c38bd0518b1771b0be7a9/13.jpg
[2020-04-19 20:08:14.490] [WARN] access - GET /themes/default/assets/fonts/glyphicons-halflings-regular.woff2
[2020-04-19 20:08:14.522] [WARN] access - GET /themes/default/assets/css/bootstrap.min.css.map
[2020-04-19 20:08:20.540] [INFO] access - GET /frontend/ju-xing-de-peng-zhuang-jian-ce
[2020-04-19 20:08:20.565] [WARN] access - GET /themes/default/assets/css/bootstrap.min.css
[2020-04-19 20:08:20.569] [WARN] access - GET /themes/default/assets/css/main.css
[2020-04-19 20:08:20.572] [WARN] access - GET /themes/default/assets/img/logo.png
[2020-04-19 20:08:20.572] [WARN] access - GET /themes/default/assets/js/jquery-2.2.1.min.js
[2020-04-19 20:08:20.573] [WARN] access - GET /themes/default/assets/js/bootstrap.min.js
[2020-04-19 20:08:20.639] [WARN] access - GET /themes/default/assets/css/bootstrap.min.css.map
[2020-04-19 20:08:26.173] [INFO] access - GET /frontend
[2020-04-19 20:08:26.191] [WARN] access - GET /themes/default/assets/css/bootstrap.min.css
[2020-04-19 20:08:26.202] [WARN] access - GET /themes/default/assets/css/main.css
[2020-04-19 20:08:26.203] [WARN] access - GET /themes/default/assets/js/jquery-2.2.1.min.js
[2020-04-19 20:08:26.204] [WARN] access - GET /themes/default/assets/js/bootstrap.min.js
[2020-04-19 20:08:26.205] [WARN] access - GET /themes/default/assets/img/logo.png
[2020-04-19 20:08:26.206] [WARN] access - GET /media/202004/5e9afea2a03d396bf9432724/301586082973_.pic.jpg
[2020-04-19 20:08:26.229] [WARN] access - GET /media/202004/5e9afe73a03d396bf9432722/301586082973_.pic.jpg
[2020-04-19 20:08:26.229] [WARN] access - GET /media/202004/5e9afdeca03d396bf943271e/301586082973_.pic.jpg
[2020-04-19 20:08:26.230] [WARN] access - GET /media/202004/5e9afe4ea03d396bf9432720/301586082973_.pic.jpg
[2020-04-19 20:08:26.231] [WARN] access - GET /media/202004/5e9af929e897746894879502/301586082973_.pic_thumb.jpg
[2020-04-19 20:08:26.278] [WARN] access - GET /themes/default/assets/css/bootstrap.min.css.map
[2020-04-19 20:08:27.080] [WARN] access - GET /
[2020-04-19 20:08:27.099] [WARN] access - GET /themes/default/assets/css/bootstrap.min.css
[2020-04-19 20:08:27.107] [WARN] access - GET /themes/default/assets/js/bootstrap.min.js
[2020-04-19 20:08:27.108] [WARN] access - GET /themes/default/assets/css/main.css
[2020-04-19 20:08:27.109] [WARN] access - GET /themes/default/assets/js/jquery-2.2.1.min.js
[2020-04-19 20:08:27.109] [WARN] access - GET /themes/default/assets/img/logo.png
[2020-04-19 20:08:27.110] [WARN] access - GET /media/202004/5e9c38bd0518b1771b0be7a9/13.jpg
[2020-04-19 20:08:27.130] [WARN] access - GET /themes/default/assets/fonts/glyphicons-halflings-regular.woff2
[2020-04-19 20:08:27.169] [WARN] access - GET /themes/default/assets/css/bootstrap.min.css.map
[2020-04-19 20:08:34.503] [WARN] access - GET /frontend
[2020-04-19 20:08:34.523] [WARN] access - GET /themes/default/assets/css/bootstrap.min.css
[2020-04-19 20:08:34.534] [WARN] access - GET /themes/default/assets/css/main.css
[2020-04-19 20:08:34.536] [WARN] access - GET /themes/default/assets/js/jquery-2.2.1.min.js
[2020-04-19 20:08:34.537] [WARN] access - GET /media/202004/5e9afea2a03d396bf9432724/301586082973_.pic.jpg
[2020-04-19 20:08:34.537] [WARN] access - GET /themes/default/assets/img/logo.png
[2020-04-19 20:08:34.538] [WARN] access - GET /themes/default/assets/js/bootstrap.min.js
[2020-04-19 20:08:34.552] [WARN] access - GET /media/202004/5e9afe73a03d396bf9432722/301586082973_.pic.jpg
[2020-04-19 20:08:34.552] [WARN] access - GET /media/202004/5e9afe4ea03d396bf9432720/301586082973_.pic.jpg
[2020-04-19 20:08:34.563] [WARN] access - GET /media/202004/5e9afdeca03d396bf943271e/301586082973_.pic.jpg
[2020-04-19 20:08:34.564] [WARN] access - GET /media/202004/5e9af929e897746894879502/301586082973_.pic_thumb.jpg
[2020-04-19 20:08:34.607] [WARN] access - GET /themes/default/assets/css/bootstrap.min.css.map
[2020-04-19 20:08:37.059] [WARN] access - GET /css
[2020-04-19 20:08:37.084] [WARN] access - GET /themes/default/assets/css/bootstrap.min.css
[2020-04-19 20:08:37.094] [WARN] access - GET /themes/default/assets/css/main.css
[2020-04-19 20:08:37.095] [WARN] access - GET /themes/default/assets/js/jquery-2.2.1.min.js
[2020-04-19 20:08:37.095] [WARN] access - GET /themes/default/assets/js/bootstrap.min.js
[2020-04-19 20:08:37.096] [WARN] access - GET /themes/default/assets/img/logo.png
[2020-04-19 20:08:37.097] [WARN] access - GET /media/202004/5e9afa17e897746894879505/301586082973_.pic.jpg
[2020-04-19 20:08:37.154] [WARN] access - GET /themes/default/assets/css/bootstrap.min.css.map
[2020-04-19 20:11:55.888] [WARN] access - GET /css
[2020-04-19 20:11:55.940] [WARN] access - GET /themes/default/assets/css/bootstrap.min.css
[2020-04-19 20:11:55.949] [WARN] access - GET /themes/default/assets/js/bootstrap.min.js
[2020-04-19 20:11:55.950] [WARN] access - GET /themes/default/assets/img/logo.png
[2020-04-19 20:11:55.952] [WARN] access - GET /themes/default/assets/js/jquery-2.2.1.min.js
[2020-04-19 20:11:55.953] [WARN] access - GET /media/202004/5e9afa17e897746894879505/301586082973_.pic.jpg
[2020-04-19 20:11:55.956] [INFO] access - GET /themes/default/assets/css/main.css
[2020-04-19 20:11:56.026] [WARN] access - GET /themes/default/assets/css/bootstrap.min.css.map
[2020-04-19 20:11:58.985] [WARN] access - GET /frontend
[2020-04-19 20:11:59.007] [WARN] access - GET /themes/default/assets/css/bootstrap.min.css
[2020-04-19 20:11:59.019] [WARN] access - GET /themes/default/assets/js/jquery-2.2.1.min.js
[2020-04-19 20:11:59.020] [WARN] access - GET /themes/default/assets/js/bootstrap.min.js
[2020-04-19 20:11:59.021] [WARN] access - GET /themes/default/assets/css/main.css
[2020-04-19 20:11:59.026] [WARN] access - GET /media/202004/5e9afea2a03d396bf9432724/301586082973_.pic.jpg
[2020-04-19 20:11:59.026] [WARN] access - GET /themes/default/assets/img/logo.png
[2020-04-19 20:11:59.047] [WARN] access - GET /media/202004/5e9afdeca03d396bf943271e/301586082973_.pic.jpg
[2020-04-19 20:11:59.053] [WARN] access - GET /media/202004/5e9af929e897746894879502/301586082973_.pic_thumb.jpg
[2020-04-19 20:11:59.054] [WARN] access - GET /media/202004/5e9afe4ea03d396bf9432720/301586082973_.pic.jpg
[2020-04-19 20:11:59.055] [WARN] access - GET /media/202004/5e9afe73a03d396bf9432722/301586082973_.pic.jpg
[2020-04-19 20:11:59.101] [WARN] access - GET /themes/default/assets/css/bootstrap.min.css.map
[2020-04-19 20:12:01.251] [WARN] access - GET /css
[2020-04-19 20:12:01.275] [WARN] access - GET /themes/default/assets/css/bootstrap.min.css
[2020-04-19 20:12:01.286] [WARN] access - GET /themes/default/assets/css/main.css
[2020-04-19 20:12:01.288] [WARN] access - GET /themes/default/assets/js/bootstrap.min.js
[2020-04-19 20:12:01.289] [WARN] access - GET /themes/default/assets/js/jquery-2.2.1.min.js
[2020-04-19 20:12:01.290] [WARN] access - GET /themes/default/assets/img/logo.png
[2020-04-19 20:12:01.291] [WARN] access - GET /media/202004/5e9afa17e897746894879505/301586082973_.pic.jpg
[2020-04-19 20:12:01.343] [WARN] access - GET /themes/default/assets/css/bootstrap.min.css.map
[2020-04-19 20:12:03.122] [WARN] access - GET /about
[2020-04-19 20:12:03.143] [WARN] access - GET /themes/default/assets/css/bootstrap.min.css
[2020-04-19 20:12:03.156] [WARN] access - GET /themes/default/assets/css/main.css
[2020-04-19 20:12:03.157] [WARN] access - GET /themes/default/assets/img/logo.png
[2020-04-19 20:12:03.158] [WARN] access - GET /themes/default/assets/js/jquery-2.2.1.min.js
[2020-04-19 20:12:03.159] [WARN] access - GET /themes/default/assets/js/bootstrap.min.js
[2020-04-19 20:12:03.214] [WARN] access - GET /themes/default/assets/css/bootstrap.min.css.map
[2020-04-19 20:12:05.344] [WARN] access - GET /
[2020-04-19 20:12:05.364] [WARN] access - GET /themes/default/assets/css/bootstrap.min.css
[2020-04-19 20:12:05.379] [WARN] access - GET /themes/default/assets/js/bootstrap.min.js
[2020-04-19 20:12:05.380] [WARN] access - GET /themes/default/assets/css/main.css
[2020-04-19 20:12:05.381] [WARN] access - GET /themes/default/assets/js/jquery-2.2.1.min.js
[2020-04-19 20:12:05.382] [WARN] access - GET /themes/default/assets/img/logo.png
[2020-04-19 20:12:05.382] [WARN] access - GET /media/202004/5e9c38bd0518b1771b0be7a9/13.jpg
[2020-04-19 20:12:05.446] [WARN] access - GET /themes/default/assets/css/bootstrap.min.css.map
[2020-04-19 20:12:15.052] [WARN] access - GET /
[2020-04-19 20:12:15.071] [WARN] access - GET /themes/default/assets/css/bootstrap.min.css
[2020-04-19 20:12:15.084] [WARN] access - GET /themes/default/assets/css/main.css
[2020-04-19 20:12:15.086] [WARN] access - GET /themes/default/assets/js/jquery-2.2.1.min.js
[2020-04-19 20:12:15.088] [WARN] access - GET /themes/default/assets/js/bootstrap.min.js
[2020-04-19 20:12:15.089] [WARN] access - GET /media/202004/5e9c38bd0518b1771b0be7a9/13.jpg
[2020-04-19 20:12:15.090] [WARN] access - GET /themes/default/assets/img/logo.png
[2020-04-19 20:12:15.143] [WARN] access - GET /themes/default/assets/css/bootstrap.min.css.map
[2020-04-19 20:13:17.499] [INFO] access - GET /
[2020-04-19 20:13:17.518] [WARN] access - GET /themes/default/assets/css/bootstrap.min.css
[2020-04-19 20:13:17.531] [WARN] access - GET /themes/default/assets/css/main.css
[2020-04-19 20:13:17.534] [WARN] access - GET /themes/default/assets/js/jquery-2.2.1.min.js
[2020-04-19 20:13:17.535] [WARN] access - GET /themes/default/assets/js/bootstrap.min.js
[2020-04-19 20:13:17.536] [WARN] access - GET /media/202004/5e9c38bd0518b1771b0be7a9/13.jpg
[2020-04-19 20:13:17.538] [WARN] access - GET /themes/default/assets/img/logo.png
[2020-04-19 20:13:17.607] [INFO] access - GET /themes/default/assets/css/bootstrap.min.css.map
[2020-04-19 20:13:18.239] [WARN] access - GET /
[2020-04-19 20:13:18.256] [WARN] access - GET /themes/default/assets/css/bootstrap.min.css
[2020-04-19 20:13:18.266] [WARN] access - GET /themes/default/assets/css/main.css
[2020-04-19 20:13:18.269] [WARN] access - GET /themes/default/assets/js/jquery-2.2.1.min.js
[2020-04-19 20:13:18.270] [WARN] access - GET /themes/default/assets/img/logo.png
[2020-04-19 20:13:18.271] [WARN] access - GET /themes/default/assets/js/bootstrap.min.js
[2020-04-19 20:13:18.272] [WARN] access - GET /media/202004/5e9c38bd0518b1771b0be7a9/13.jpg
[2020-04-19 20:13:18.332] [WARN] access - GET /themes/default/assets/css/bootstrap.min.css.map
[2020-04-19 20:13:38.528] [INFO] access - GET /
[2020-04-19 20:13:38.546] [WARN] access - GET /themes/default/assets/css/bootstrap.min.css
[2020-04-19 20:13:38.563] [WARN] access - GET /themes/default/assets/css/main.css
[2020-04-19 20:13:38.566] [WARN] access - GET /themes/default/assets/js/jquery-2.2.1.min.js
[2020-04-19 20:13:38.567] [WARN] access - GET /themes/default/assets/img/logo.png
[2020-04-19 20:13:38.568] [WARN] access - GET /media/202004/5e9c38bd0518b1771b0be7a9/13.jpg
[2020-04-19 20:13:38.569] [WARN] access - GET /themes/default/assets/js/bootstrap.min.js
[2020-04-19 20:13:38.637] [WARN] access - GET /themes/default/assets/fonts/glyphicons-halflings-regular.woff2
[2020-04-19 20:13:38.661] [INFO] access - GET /themes/default/assets/css/bootstrap.min.css.map
[2020-04-19 20:13:44.762] [INFO] access - GET /frontend
[2020-04-19 20:13:44.781] [WARN] access - GET /themes/default/assets/css/bootstrap.min.css
[2020-04-19 20:13:44.794] [WARN] access - GET /themes/default/assets/css/main.css
[2020-04-19 20:13:44.796] [WARN] access - GET /themes/default/assets/js/jquery-2.2.1.min.js
[2020-04-19 20:13:44.796] [WARN] access - GET /themes/default/assets/js/bootstrap.min.js
[2020-04-19 20:13:44.797] [WARN] access - GET /media/202004/5e9afea2a03d396bf9432724/301586082973_.pic.jpg
[2020-04-19 20:13:44.798] [WARN] access - GET /themes/default/assets/img/logo.png
[2020-04-19 20:13:44.837] [WARN] access - GET /media/202004/5e9afe73a03d396bf9432722/301586082973_.pic.jpg
[2020-04-19 20:13:44.839] [WARN] access - GET /media/202004/5e9afe4ea03d396bf9432720/301586082973_.pic.jpg
[2020-04-19 20:13:44.841] [WARN] access - GET /media/202004/5e9afdeca03d396bf943271e/301586082973_.pic.jpg
[2020-04-19 20:13:44.841] [WARN] access - GET /media/202004/5e9af929e897746894879502/301586082973_.pic_thumb.jpg
[2020-04-19 20:13:44.897] [WARN] access - GET /themes/default/assets/css/bootstrap.min.css.map
[2020-04-19 20:13:45.497] [INFO] access - GET /css
[2020-04-19 20:13:45.521] [WARN] access - GET /themes/default/assets/css/bootstrap.min.css
[2020-04-19 20:13:45.532] [WARN] access - GET /themes/default/assets/css/main.css
[2020-04-19 20:13:45.533] [WARN] access - GET /themes/default/assets/js/jquery-2.2.1.min.js
[2020-04-19 20:13:45.534] [WARN] access - GET /themes/default/assets/js/bootstrap.min.js
[2020-04-19 20:13:45.536] [WARN] access - GET /themes/default/assets/img/logo.png
[2020-04-19 20:13:45.537] [WARN] access - GET /media/202004/5e9afa17e897746894879505/301586082973_.pic.jpg
[2020-04-19 20:13:45.594] [WARN] access - GET /themes/default/assets/css/bootstrap.min.css.map
[2020-04-19 20:13:46.128] [INFO] access - GET /about
[2020-04-19 20:13:46.147] [WARN] access - GET /themes/default/assets/css/bootstrap.min.css
[2020-04-19 20:13:46.157] [WARN] access - GET /themes/default/assets/img/logo.png
[2020-04-19 20:13:46.158] [WARN] access - GET /themes/default/assets/css/main.css
[2020-04-19 20:13:46.159] [WARN] access - GET /themes/default/assets/js/jquery-2.2.1.min.js
[2020-04-19 20:13:46.160] [WARN] access - GET /themes/default/assets/js/bootstrap.min.js
[2020-04-19 20:13:46.213] [WARN] access - GET /themes/default/assets/css/bootstrap.min.css.map
[2020-04-19 20:13:46.947] [WARN] access - GET /css
[2020-04-19 20:13:46.965] [WARN] access - GET /themes/default/assets/css/bootstrap.min.css
[2020-04-19 20:13:46.978] [WARN] access - GET /themes/default/assets/css/main.css
[2020-04-19 20:13:46.978] [WARN] access - GET /themes/default/assets/js/bootstrap.min.js
[2020-04-19 20:13:46.979] [WARN] access - GET /themes/default/assets/img/logo.png
[2020-04-19 20:13:46.980] [WARN] access - GET /themes/default/assets/js/jquery-2.2.1.min.js
[2020-04-19 20:13:46.981] [WARN] access - GET /media/202004/5e9afa17e897746894879505/301586082973_.pic.jpg
[2020-04-19 20:13:47.044] [WARN] access - GET /themes/default/assets/css/bootstrap.min.css.map
[2020-04-19 20:13:47.527] [WARN] access - GET /frontend
[2020-04-19 20:13:47.545] [WARN] access - GET /themes/default/assets/css/bootstrap.min.css
[2020-04-19 20:13:47.553] [WARN] access - GET /themes/default/assets/css/main.css
[2020-04-19 20:13:47.556] [WARN] access - GET /themes/default/assets/js/jquery-2.2.1.min.js
[2020-04-19 20:13:47.557] [WARN] access - GET /themes/default/assets/js/bootstrap.min.js
[2020-04-19 20:13:47.558] [WARN] access - GET /themes/default/assets/img/logo.png
[2020-04-19 20:13:47.559] [WARN] access - GET /media/202004/5e9afea2a03d396bf9432724/301586082973_.pic.jpg
[2020-04-19 20:13:47.580] [WARN] access - GET /media/202004/5e9afe73a03d396bf9432722/301586082973_.pic.jpg
[2020-04-19 20:13:47.580] [WARN] access - GET /media/202004/5e9af929e897746894879502/301586082973_.pic_thumb.jpg
[2020-04-19 20:13:47.581] [WARN] access - GET /media/202004/5e9afe4ea03d396bf9432720/301586082973_.pic.jpg
[2020-04-19 20:13:47.581] [WARN] access - GET /media/202004/5e9afdeca03d396bf943271e/301586082973_.pic.jpg
[2020-04-19 20:13:47.619] [WARN] access - GET /themes/default/assets/css/bootstrap.min.css.map
[2020-04-19 20:13:48.145] [WARN] access - GET /
[2020-04-19 20:13:48.166] [WARN] access - GET /themes/default/assets/css/bootstrap.min.css
[2020-04-19 20:13:48.173] [WARN] access - GET /themes/default/assets/js/jquery-2.2.1.min.js
[2020-04-19 20:13:48.176] [WARN] access - GET /themes/default/assets/css/main.css
[2020-04-19 20:13:48.177] [WARN] access - GET /themes/default/assets/img/logo.png
[2020-04-19 20:13:48.178] [WARN] access - GET /media/202004/5e9c38bd0518b1771b0be7a9/13.jpg
[2020-04-19 20:13:48.179] [WARN] access - GET /themes/default/assets/js/bootstrap.min.js
[2020-04-19 20:13:48.254] [WARN] access - GET /themes/default/assets/css/bootstrap.min.css.map
[2020-04-19 20:13:52.097] [WARN] access - GET /frontend
[2020-04-19 20:13:52.115] [WARN] access - GET /themes/default/assets/css/bootstrap.min.css
[2020-04-19 20:13:52.128] [WARN] access - GET /themes/default/assets/js/jquery-2.2.1.min.js
[2020-04-19 20:13:52.129] [WARN] access - GET /themes/default/assets/img/logo.png
[2020-04-19 20:13:52.130] [WARN] access - GET /themes/default/assets/js/bootstrap.min.js
[2020-04-19 20:13:52.131] [WARN] access - GET /themes/default/assets/css/main.css
[2020-04-19 20:13:52.132] [WARN] access - GET /media/202004/5e9afea2a03d396bf9432724/301586082973_.pic.jpg
[2020-04-19 20:13:52.142] [WARN] access - GET /media/202004/5e9afe73a03d396bf9432722/301586082973_.pic.jpg
[2020-04-19 20:13:52.144] [WARN] access - GET /media/202004/5e9afe4ea03d396bf9432720/301586082973_.pic.jpg
[2020-04-19 20:13:52.153] [WARN] access - GET /media/202004/5e9afdeca03d396bf943271e/301586082973_.pic.jpg
[2020-04-19 20:13:52.154] [WARN] access - GET /media/202004/5e9af929e897746894879502/301586082973_.pic_thumb.jpg
[2020-04-19 20:13:52.197] [WARN] access - GET /themes/default/assets/css/bootstrap.min.css.map
[2020-04-19 20:13:52.645] [WARN] access - GET /css
[2020-04-19 20:13:52.672] [WARN] access - GET /themes/default/assets/css/bootstrap.min.css
[2020-04-19 20:13:52.677] [WARN] access - GET /themes/default/assets/js/jquery-2.2.1.min.js
[2020-04-19 20:13:52.677] [WARN] access - GET /themes/default/assets/js/bootstrap.min.js
[2020-04-19 20:13:52.678] [WARN] access - GET /themes/default/assets/css/main.css
[2020-04-19 20:13:52.679] [WARN] access - GET /themes/default/assets/img/logo.png
[2020-04-19 20:13:52.680] [WARN] access - GET /media/202004/5e9afa17e897746894879505/301586082973_.pic.jpg
[2020-04-19 20:13:52.745] [WARN] access - GET /themes/default/assets/css/bootstrap.min.css.map
[2020-04-19 20:13:53.205] [WARN] access - GET /about
[2020-04-19 20:13:53.225] [WARN] access - GET /themes/default/assets/css/bootstrap.min.css
[2020-04-19 20:13:53.236] [WARN] access - GET /themes/default/assets/css/main.css
[2020-04-19 20:13:53.238] [WARN] access - GET /themes/default/assets/js/jquery-2.2.1.min.js
[2020-04-19 20:13:53.239] [WARN] access - GET /themes/default/assets/js/bootstrap.min.js
[2020-04-19 20:13:53.240] [WARN] access - GET /themes/default/assets/img/logo.png
[2020-04-19 20:13:53.295] [WARN] access - GET /themes/default/assets/css/bootstrap.min.css.map
[2020-04-19 20:14:23.980] [WARN] access - GET /about
[2020-04-19 20:14:24.003] [WARN] access - GET /themes/default/assets/css/bootstrap.min.css
[2020-04-19 20:14:24.007] [WARN] access - GET /themes/default/assets/js/jquery-2.2.1.min.js
[2020-04-19 20:14:24.009] [WARN] access - GET /themes/default/assets/js/bootstrap.min.js
[2020-04-19 20:14:24.012] [INFO] access - GET /themes/default/assets/css/main.css
[2020-04-19 20:14:24.016] [WARN] access - GET /themes/default/assets/img/logo.png
[2020-04-19 20:14:24.108] [WARN] access - GET /themes/default/assets/css/bootstrap.min.css.map
[2020-04-19 20:14:43.425] [WARN] access - GET /about
[2020-04-19 20:14:43.444] [WARN] access - GET /themes/default/assets/css/bootstrap.min.css
[2020-04-19 20:14:43.457] [WARN] access - GET /themes/default/assets/css/main.css
[2020-04-19 20:14:43.459] [WARN] access - GET /themes/default/assets/js/jquery-2.2.1.min.js
[2020-04-19 20:14:43.460] [WARN] access - GET /themes/default/assets/js/bootstrap.min.js
[2020-04-19 20:14:43.461] [WARN] access - GET /themes/default/assets/img/logo.png
[2020-04-19 20:14:43.530] [WARN] access - GET /themes/default/assets/css/bootstrap.min.css.map
[2020-04-19 20:14:46.278] [WARN] access - GET /
[2020-04-19 20:14:46.297] [WARN] access - GET /themes/default/assets/css/bootstrap.min.css
[2020-04-19 20:14:46.311] [WARN] access - GET /themes/default/assets/js/jquery-2.2.1.min.js
[2020-04-19 20:14:46.312] [WARN] access - GET /themes/default/assets/css/main.css
[2020-04-19 20:14:46.314] [WARN] access - GET /themes/default/assets/img/logo.png
[2020-04-19 20:14:46.315] [WARN] access - GET /themes/default/assets/js/bootstrap.min.js
[2020-04-19 20:14:46.319] [WARN] access - GET /media/202004/5e9c38bd0518b1771b0be7a9/13.jpg
[2020-04-19 20:14:46.362] [WARN] access - GET /themes/default/assets/fonts/glyphicons-halflings-regular.woff2
[2020-04-19 20:14:46.392] [WARN] access - GET /themes/default/assets/css/bootstrap.min.css.map
[2020-04-19 20:14:49.140] [WARN] access - GET /frontend
[2020-04-19 20:14:49.160] [WARN] access - GET /themes/default/assets/css/bootstrap.min.css
[2020-04-19 20:14:49.170] [WARN] access - GET /themes/default/assets/css/main.css
[2020-04-19 20:14:49.172] [WARN] access - GET /themes/default/assets/js/bootstrap.min.js
[2020-04-19 20:14:49.173] [WARN] access - GET /media/202004/5e9afea2a03d396bf9432724/301586082973_.pic.jpg
[2020-04-19 20:14:49.174] [WARN] access - GET /themes/default/assets/js/jquery-2.2.1.min.js
[2020-04-19 20:14:49.174] [WARN] access - GET /themes/default/assets/img/logo.png
[2020-04-19 20:14:49.184] [WARN] access - GET /media/202004/5e9afe73a03d396bf9432722/301586082973_.pic.jpg
[2020-04-19 20:14:49.194] [WARN] access - GET /media/202004/5e9afdeca03d396bf943271e/301586082973_.pic.jpg
[2020-04-19 20:14:49.195] [WARN] access - GET /media/202004/5e9afe4ea03d396bf9432720/301586082973_.pic.jpg
[2020-04-19 20:14:49.195] [WARN] access - GET /media/202004/5e9af929e897746894879502/301586082973_.pic_thumb.jpg
[2020-04-19 20:14:49.235] [WARN] access - GET /themes/default/assets/css/bootstrap.min.css.map
[2020-04-19 20:14:51.527] [WARN] access - GET /
[2020-04-19 20:14:51.545] [WARN] access - GET /themes/default/assets/css/bootstrap.min.css
[2020-04-19 20:14:51.554] [WARN] access - GET /themes/default/assets/css/main.css
[2020-04-19 20:14:51.555] [WARN] access - GET /media/202004/5e9c38bd0518b1771b0be7a9/13.jpg
[2020-04-19 20:14:51.556] [WARN] access - GET /themes/default/assets/js/jquery-2.2.1.min.js
[2020-04-19 20:14:51.556] [WARN] access - GET /themes/default/assets/js/bootstrap.min.js
[2020-04-19 20:14:51.557] [WARN] access - GET /themes/default/assets/img/logo.png
[2020-04-19 20:14:51.605] [WARN] access - GET /themes/default/assets/css/bootstrap.min.css.map
[2020-04-19 20:15:03.808] [INFO] access - GET /admin/features
[2020-04-19 20:15:03.845] [INFO] access - GET /assets/admin/main.css
[2020-04-19 20:15:03.848] [INFO] access - GET /assets/admin/vendor.css
[2020-04-19 20:15:03.863] [INFO] access - GET /assets/admin/views.js
[2020-04-19 20:15:03.865] [INFO] access - GET /assets/admin/main.js
[2020-04-19 20:15:03.979] [INFO] access - GET /assets/admin/vendor.js
[2020-04-19 20:15:04.125] [WARN] access - GET /api/account
[2020-04-19 20:15:04.201] [INFO] access - PUT /api/statistics
[2020-04-19 20:15:04.236] [INFO] access - GET /assets/admin/images/logo.png
[2020-04-19 20:15:04.250] [WARN] access - GET /api/categories
[2020-04-19 20:15:04.251] [INFO] access - GET /assets/admin/fonts/fontawesome-webfont.woff2?v=4.6.1
[2020-04-19 20:15:04.254] [INFO] access - GET /api/dashboard
[2020-04-19 20:15:04.254] [WARN] access - GET /api/models?type=feature
[2020-04-19 20:15:04.256] [WARN] access - GET /api/features
[2020-04-19 20:15:04.289] [WARN] access - GET /media/202004/5e9c38bd0518b1771b0be7a9/13.jpg
[2020-04-19 20:15:06.869] [WARN] access - GET /api/models?type=feature
[2020-04-19 20:15:06.875] [WARN] access - GET /api/features
[2020-04-19 20:15:08.432] [WARN] access - GET /api/categories/5e9af8b7e897746894879500
[2020-04-19 20:15:08.452] [INFO] access - GET /api/contents?_id=5e9af8b7e897746894879500&currentPage=1&deleted=false&pageSize=20
[2020-04-19 20:15:08.472] [WARN] access - GET /api/contents?_id=5e9af8b7e897746894879500&currentPage=1&deleted=false&pageSize=20
[2020-04-19 20:15:08.497] [WARN] access - GET /media/202004/5e9afea2a03d396bf9432724/301586082973_.pic.jpg
[2020-04-19 20:15:08.498] [WARN] access - GET /media/202004/5e9af929e897746894879502/301586082973_.pic_thumb.jpg
[2020-04-19 20:15:08.499] [WARN] access - GET /media/202004/5e9afdeca03d396bf943271e/301586082973_.pic.jpg
[2020-04-19 20:15:08.501] [WARN] access - GET /media/202004/5e9afe4ea03d396bf9432720/301586082973_.pic.jpg
[2020-04-19 20:15:08.502] [WARN] access - GET /media/202004/5e9afe73a03d396bf9432722/301586082973_.pic.jpg
[2020-04-19 20:15:09.663] [WARN] access - GET /api/models?type=feature
[2020-04-19 20:15:09.667] [WARN] access - GET /api/features
[2020-04-19 20:16:13.381] [INFO] access - GET /admin/features
[2020-04-19 20:16:13.416] [INFO] access - GET /assets/admin/main.css
[2020-04-19 20:16:13.418] [INFO] access - GET /assets/admin/views.js
[2020-04-19 20:16:13.419] [INFO] access - GET /assets/admin/vendor.css
[2020-04-19 20:16:13.429] [INFO] access - GET /assets/admin/main.js
[2020-04-19 20:16:13.533] [INFO] access - GET /assets/admin/vendor.js
[2020-04-19 20:16:13.735] [WARN] access - GET /api/account
[2020-04-19 20:16:13.798] [INFO] access - PUT /api/statistics
[2020-04-19 20:16:13.834] [WARN] access - GET /api/dashboard
[2020-04-19 20:16:13.837] [INFO] access - GET /assets/admin/fonts/fontawesome-webfont.woff2?v=4.6.1
[2020-04-19 20:16:13.840] [WARN] access - GET /api/categories
[2020-04-19 20:16:13.845] [INFO] access - GET /assets/admin/images/logo.png
[2020-04-19 20:16:13.850] [WARN] access - GET /api/models?type=feature
[2020-04-19 20:16:13.850] [WARN] access - GET /api/features
[2020-04-19 20:16:13.888] [WARN] access - GET /media/202004/5e9c38bd0518b1771b0be7a9/13.jpg
[2020-04-19 20:17:02.437] [INFO] access - GET /admin/features
[2020-04-19 20:17:02.461] [INFO] access - GET /assets/admin/main.css
[2020-04-19 20:17:02.471] [INFO] access - GET /assets/admin/vendor.css
[2020-04-19 20:17:02.476] [INFO] access - GET /assets/admin/main.js
[2020-04-19 20:17:02.481] [INFO] access - GET /assets/admin/views.js
[2020-04-19 20:17:02.584] [INFO] access - GET /assets/admin/vendor.js
[2020-04-19 20:17:02.761] [WARN] access - GET /api/account
[2020-04-19 20:17:02.777] [INFO] access - GET /assets/admin/images/logo.png
[2020-04-19 20:17:02.813] [INFO] access - PUT /api/statistics
[2020-04-19 20:17:02.856] [WARN] access - GET /api/dashboard
[2020-04-19 20:17:02.857] [WARN] access - GET /api/categories
[2020-04-19 20:17:02.862] [WARN] access - GET /api/models?type=feature
[2020-04-19 20:17:02.868] [INFO] access - GET /assets/admin/fonts/fontawesome-webfont.woff2?v=4.6.1
[2020-04-19 20:17:02.869] [WARN] access - GET /api/features
[2020-04-19 20:17:02.907] [WARN] access - GET /media/202004/5e9c38bd0518b1771b0be7a9/13.jpg
[2020-04-19 20:17:07.469] [WARN] access - GET /api/categories/5e9af8b7e897746894879500
[2020-04-19 20:17:07.481] [WARN] access - GET /api/contents?_id=5e9af8b7e897746894879500&currentPage=1&deleted=false&pageSize=20
[2020-04-19 20:17:07.500] [WARN] access - GET /api/contents?_id=5e9af8b7e897746894879500&currentPage=1&deleted=false&pageSize=20
[2020-04-19 20:17:07.517] [WARN] access - GET /media/202004/5e9afea2a03d396bf9432724/301586082973_.pic.jpg
[2020-04-19 20:17:07.517] [WARN] access - GET /media/202004/5e9af929e897746894879502/301586082973_.pic_thumb.jpg
[2020-04-19 20:17:07.518] [WARN] access - GET /media/202004/5e9afdeca03d396bf943271e/301586082973_.pic.jpg
[2020-04-19 20:17:07.518] [WARN] access - GET /media/202004/5e9afe4ea03d396bf9432720/301586082973_.pic.jpg
[2020-04-19 20:17:07.519] [WARN] access - GET /media/202004/5e9afe73a03d396bf9432722/301586082973_.pic.jpg
[2020-04-19 20:17:09.128] [INFO] access - GET /api/categories/5e9af9dae897746894879504
[2020-04-19 20:17:09.138] [INFO] access - GET /api/contents?_id=5e9af9dae897746894879504&currentPage=1&deleted=false&pageSize=20
[2020-04-19 20:17:09.162] [WARN] access - GET /api/contents?_id=5e9af9dae897746894879504&currentPage=1&deleted=false&pageSize=20
[2020-04-19 20:17:09.167] [WARN] access - GET /media/202004/5e9afa17e897746894879505/301586082973_.pic.jpg
[2020-04-19 20:17:11.184] [INFO] access - GET /api/contents?currentPage=1&deleted=true&pageSize=20
[2020-04-19 20:17:11.199] [WARN] access - GET /api/contents?currentPage=1&deleted=true&pageSize=20
[2020-04-19 20:17:13.151] [INFO] access - GET /api/pages/5e9af966e897746894879503?markdown=true
[2020-04-19 20:17:13.155] [INFO] access - GET /api/media?currentPage=1&pageSize=9
[2020-04-19 20:17:13.950] [INFO] access - GET /api/media?currentPage=1&pageSize=20
[2020-04-19 20:17:14.000] [WARN] access - GET /media/202004/5e9c38bd0518b1771b0be7a9/13.jpg
[2020-04-19 20:17:14.005] [WARN] access - GET /media/202004/5e9afea2a03d396bf9432724/301586082973_.pic.jpg
[2020-04-19 20:17:14.007] [WARN] access - GET /media/202004/5e9afe73a03d396bf9432722/301586082973_.pic.jpg
[2020-04-19 20:17:14.009] [WARN] access - GET /media/202004/5e9afdeca03d396bf943271e/301586082973_.pic.jpg
[2020-04-19 20:17:14.009] [WARN] access - GET /media/202004/5e9afa17e897746894879505/301586082973_.pic.jpg
[2020-04-19 20:17:14.012] [WARN] access - GET /media/202004/5e9afe4ea03d396bf9432720/301586082973_.pic.jpg
[2020-04-19 20:17:14.017] [WARN] access - GET /media/202004/5e9af929e897746894879502/301586082973_.pic_thumb.jpg
[2020-04-19 20:17:19.930] [WARN] access - GET /api/media?currentPage=1&pageSize=20
[2020-04-19 20:17:22.068] [WARN] access - GET /api/models?type=feature
[2020-04-19 20:17:22.072] [WARN] access - GET /api/features
[2020-04-19 20:17:24.063] [WARN] access - GET /api/models?type=feature
[2020-04-19 20:17:24.067] [WARN] access - GET /api/features
[2020-04-19 20:17:25.826] [WARN] access - GET /api/models/5e9c38410518b1771b0be7a7
[2020-04-19 20:17:25.826] [WARN] access - GET /api/media?currentPage=1&pageSize=9
[2020-04-19 20:17:35.041] [WARN] access - GET /api/media?currentPage=1&pageSize=20
[2020-04-19 20:17:35.085] [WARN] access - GET /media/202004/5e9afea2a03d396bf9432724/301586082973_.pic.jpg
[2020-04-19 20:17:35.089] [WARN] access - GET /media/202004/5e9afe73a03d396bf9432722/301586082973_.pic.jpg
[2020-04-19 20:17:35.092] [WARN] access - GET /media/202004/5e9afe4ea03d396bf9432720/301586082973_.pic.jpg
[2020-04-19 20:17:35.094] [WARN] access - GET /media/202004/5e9af929e897746894879502/301586082973_.pic_thumb.jpg
[2020-04-19 20:17:35.095] [WARN] access - GET /media/202004/5e9afa17e897746894879505/301586082973_.pic.jpg
[2020-04-19 20:17:35.096] [WARN] access - GET /media/202004/5e9afdeca03d396bf943271e/301586082973_.pic.jpg
[2020-04-19 20:17:40.163] [WARN] access - GET /api/site-info
[2020-04-19 20:17:49.742] [WARN] access - GET /api/categories
[2020-04-19 20:17:53.801] [WARN] access - GET /api/site-info
[2020-04-19 20:17:55.925] [WARN] access - GET /api/models?type=feature
[2020-04-19 20:18:03.513] [WARN] access - GET /api/models?type=feature
[2020-04-19 20:18:03.518] [WARN] access - GET /api/features
[2020-04-19 20:18:04.856] [WARN] access - GET /api/categories/5e9af8b7e897746894879500
[2020-04-19 20:18:04.873] [WARN] access - GET /api/contents?_id=5e9af8b7e897746894879500&currentPage=1&deleted=false&pageSize=20
[2020-04-19 20:18:04.892] [WARN] access - GET /api/contents?_id=5e9af8b7e897746894879500&currentPage=1&deleted=false&pageSize=20
[2020-04-19 20:18:04.908] [WARN] access - GET /media/202004/5e9afea2a03d396bf9432724/301586082973_.pic.jpg
[2020-04-19 20:18:04.909] [WARN] access - GET /media/202004/5e9afe73a03d396bf9432722/301586082973_.pic.jpg
[2020-04-19 20:18:04.912] [WARN] access - GET /media/202004/5e9afdeca03d396bf943271e/301586082973_.pic.jpg
[2020-04-19 20:18:04.912] [WARN] access - GET /media/202004/5e9afe4ea03d396bf9432720/301586082973_.pic.jpg
[2020-04-19 20:18:04.913] [WARN] access - GET /media/202004/5e9af929e897746894879502/301586082973_.pic_thumb.jpg
[2020-04-19 20:18:05.729] [WARN] access - GET /api/categories/5e9af9dae897746894879504
[2020-04-19 20:18:05.744] [WARN] access - GET /api/contents?_id=5e9af9dae897746894879504&currentPage=1&deleted=false&pageSize=20
[2020-04-19 20:18:05.760] [WARN] access - GET /api/contents?_id=5e9af9dae897746894879504&currentPage=1&deleted=false&pageSize=20
[2020-04-19 20:18:05.765] [WARN] access - GET /media/202004/5e9afa17e897746894879505/301586082973_.pic.jpg
[2020-04-19 20:18:43.072] [INFO] access - GET /admin/contents/category/5e9af9dae897746894879504
[2020-04-19 20:18:43.104] [INFO] access - GET /assets/admin/vendor.css
[2020-04-19 20:18:43.111] [INFO] access - GET /assets/admin/main.css
[2020-04-19 20:18:43.115] [INFO] access - GET /assets/admin/views.js
[2020-04-19 20:18:43.116] [INFO] access - GET /assets/admin/main.js
[2020-04-19 20:18:43.243] [INFO] access - GET /assets/admin/vendor.js
[2020-04-19 20:18:43.400] [WARN] access - GET /api/account
[2020-04-19 20:18:43.420] [INFO] access - GET /assets/admin/images/logo.png
[2020-04-19 20:18:43.472] [INFO] access - PUT /api/statistics
[2020-04-19 20:18:43.504] [WARN] access - GET /api/dashboard
[2020-04-19 20:18:43.506] [WARN] access - GET /api/categories/5e9af9dae897746894879504
[2020-04-19 20:18:43.508] [INFO] access - GET /assets/admin/fonts/fontawesome-webfont.woff2?v=4.6.1
[2020-04-19 20:18:43.511] [WARN] access - GET /api/categories
[2020-04-19 20:18:43.522] [WARN] access - GET /api/contents?_id=5e9af9dae897746894879504&currentPage=1&deleted=false&pageSize=20
[2020-04-19 20:18:43.537] [WARN] access - GET /api/contents?_id=5e9af9dae897746894879504&currentPage=1&deleted=false&pageSize=20
[2020-04-19 20:18:43.573] [WARN] access - GET /media/202004/5e9afa17e897746894879505/301586082973_.pic.jpg
[2020-04-19 20:19:24.156] [INFO] access - GET /admin/contents/category/5e9af9dae897746894879504
[2020-04-19 20:19:24.204] [INFO] access - GET /assets/admin/vendor.css
[2020-04-19 20:19:24.205] [INFO] access - GET /assets/admin/main.css
[2020-04-19 20:19:24.212] [INFO] access - GET /assets/admin/main.js
[2020-04-19 20:19:24.213] [INFO] access - GET /assets/admin/views.js
[2020-04-19 20:19:24.336] [INFO] access - GET /assets/admin/vendor.js
[2020-04-19 20:19:24.491] [WARN] access - GET /api/account
[2020-04-19 20:19:24.505] [INFO] access - GET /assets/admin/images/logo.png
[2020-04-19 20:19:24.560] [INFO] access - PUT /api/statistics
[2020-04-19 20:19:24.577] [WARN] access - GET /api/dashboard
[2020-04-19 20:19:24.581] [WARN] access - GET /api/categories
[2020-04-19 20:19:24.582] [WARN] access - GET /api/categories/5e9af9dae897746894879504
[2020-04-19 20:19:24.585] [INFO] access - GET /assets/admin/fonts/fontawesome-webfont.woff2?v=4.6.1
[2020-04-19 20:19:24.588] [WARN] access - GET /api/contents?_id=5e9af9dae897746894879504&currentPage=1&deleted=false&pageSize=20
[2020-04-19 20:19:24.598] [WARN] access - GET /api/contents?_id=5e9af9dae897746894879504&currentPage=1&deleted=false&pageSize=20
[2020-04-19 20:19:24.627] [WARN] access - GET /media/202004/5e9afa17e897746894879505/301586082973_.pic.jpg
[2020-04-19 20:19:29.374] [INFO] access - GET /css/zhu-ni-xie-chu-you-xiu-de-qian-duan-dai-ma
[2020-04-19 20:19:29.391] [WARN] access - GET /themes/default/assets/css/bootstrap.min.css
[2020-04-19 20:19:29.399] [WARN] access - GET /themes/default/assets/js/jquery-2.2.1.min.js
[2020-04-19 20:19:29.400] [WARN] access - GET /themes/default/assets/js/bootstrap.min.js
[2020-04-19 20:19:29.400] [WARN] access - GET /themes/default/assets/css/main.css
[2020-04-19 20:19:29.400] [WARN] access - GET /themes/default/assets/img/logo.png
[2020-04-19 20:19:42.186] [WARN] access - GET /admin/contents/category/5e9af9dae897746894879504
[2020-04-19 20:19:42.208] [WARN] access - GET /assets/admin/vendor.css
[2020-04-19 20:19:42.217] [WARN] access - GET /assets/admin/main.css
[2020-04-19 20:19:42.220] [WARN] access - GET /assets/admin/vendor.js
[2020-04-19 20:19:42.221] [WARN] access - GET /assets/admin/main.js
[2020-04-19 20:19:42.222] [WARN] access - GET /assets/admin/views.js
[2020-04-19 20:19:42.348] [WARN] access - GET /api/account
[2020-04-19 20:19:42.368] [WARN] access - GET /assets/admin/images/logo.png
[2020-04-19 20:19:42.411] [INFO] access - PUT /api/statistics
[2020-04-19 20:19:42.447] [WARN] access - GET /assets/admin/fonts/fontawesome-webfont.woff2?v=4.6.1
[2020-04-19 20:19:42.448] [WARN] access - GET /api/categories
[2020-04-19 20:19:42.451] [INFO] access - GET /api/dashboard
[2020-04-19 20:19:42.452] [WARN] access - GET /api/categories/5e9af9dae897746894879504
[2020-04-19 20:19:42.460] [INFO] access - GET /api/contents?_id=5e9af9dae897746894879504&currentPage=1&deleted=false&pageSize=20
[2020-04-19 20:19:42.473] [WARN] access - GET /api/contents?_id=5e9af9dae897746894879504&currentPage=1&deleted=false&pageSize=20
[2020-04-19 20:19:42.478] [WARN] access - GET /media/202004/5e9afa17e897746894879505/301586082973_.pic.jpg
[2020-04-19 20:19:46.151] [WARN] access - GET /api/categories/5e9af8b7e897746894879500
[2020-04-19 20:19:46.164] [WARN] access - GET /api/contents?_id=5e9af8b7e897746894879500&currentPage=1&deleted=false&pageSize=20
[2020-04-19 20:19:46.191] [WARN] access - GET /api/contents?_id=5e9af8b7e897746894879500&currentPage=1&deleted=false&pageSize=20
[2020-04-19 20:19:46.209] [WARN] access - GET /media/202004/5e9afea2a03d396bf9432724/301586082973_.pic.jpg
[2020-04-19 20:19:46.210] [WARN] access - GET /media/202004/5e9afe73a03d396bf9432722/301586082973_.pic.jpg
[2020-04-19 20:19:46.215] [WARN] access - GET /media/202004/5e9afdeca03d396bf943271e/301586082973_.pic.jpg
[2020-04-19 20:19:46.216] [WARN] access - GET /media/202004/5e9afe4ea03d396bf9432720/301586082973_.pic.jpg
[2020-04-19 20:19:46.218] [WARN] access - GET /media/202004/5e9af929e897746894879502/301586082973_.pic_thumb.jpg
[2020-04-19 20:19:47.880] [WARN] access - GET /api/categories/5e9af9dae897746894879504
[2020-04-19 20:19:47.892] [WARN] access - GET /api/contents?_id=5e9af9dae897746894879504&currentPage=1&deleted=false&pageSize=20
[2020-04-19 20:19:47.914] [WARN] access - GET /api/contents?_id=5e9af9dae897746894879504&currentPage=1&deleted=false&pageSize=20
[2020-04-19 20:19:51.020] [WARN] access - GET /api/media?currentPage=1&pageSize=9
[2020-04-19 20:19:51.021] [WARN] access - GET /api/pages/5e9af966e897746894879503?markdown=true
[2020-04-19 20:19:51.696] [WARN] access - GET /api/media?currentPage=1&pageSize=20
[2020-04-19 20:19:51.750] [WARN] access - GET /media/202004/5e9c38bd0518b1771b0be7a9/13.jpg
[2020-04-19 20:19:51.756] [WARN] access - GET /media/202004/5e9afdeca03d396bf943271e/301586082973_.pic.jpg
[2020-04-19 20:19:51.757] [WARN] access - GET /media/202004/5e9afea2a03d396bf9432724/301586082973_.pic.jpg
[2020-04-19 20:19:51.760] [WARN] access - GET /media/202004/5e9afa17e897746894879505/301586082973_.pic.jpg
[2020-04-19 20:19:51.760] [WARN] access - GET /media/202004/5e9afe4ea03d396bf9432720/301586082973_.pic.jpg
[2020-04-19 20:19:51.761] [WARN] access - GET /media/202004/5e9afe73a03d396bf9432722/301586082973_.pic.jpg
[2020-04-19 20:19:51.766] [WARN] access - GET /media/202004/5e9af929e897746894879502/301586082973_.pic_thumb.jpg
[2020-04-19 20:19:55.192] [WARN] access - GET /api/pages/5e9af966e897746894879503?markdown=true
[2020-04-19 20:19:55.192] [WARN] access - GET /api/media?currentPage=1&pageSize=9
[2020-04-19 20:20:53.095] [INFO] access - GET /admin/pages/5e9af966e897746894879503
[2020-04-19 20:20:53.155] [INFO] access - GET /assets/admin/main.css
[2020-04-19 20:20:53.156] [INFO] access - GET /assets/admin/vendor.css
[2020-04-19 20:20:53.164] [INFO] access - GET /assets/admin/views.js
[2020-04-19 20:20:53.177] [INFO] access - GET /assets/admin/main.js
[2020-04-19 20:20:53.276] [INFO] access - GET /assets/admin/vendor.js
[2020-04-19 20:20:53.496] [WARN] access - GET /api/account
[2020-04-19 20:20:53.511] [INFO] access - GET /assets/admin/images/logo.png
[2020-04-19 20:20:53.565] [INFO] access - PUT /api/statistics
[2020-04-19 20:20:53.595] [WARN] access - GET /api/categories
[2020-04-19 20:20:53.596] [WARN] access - GET /api/dashboard
[2020-04-19 20:20:53.599] [INFO] access - GET /assets/admin/fonts/fontawesome-webfont.woff2?v=4.6.1
[2020-04-19 20:20:53.601] [WARN] access - GET /api/pages/5e9af966e897746894879503?markdown=true
[2020-04-19 20:20:53.604] [WARN] access - GET /api/media?currentPage=1&pageSize=9
[2020-04-19 20:21:41.994] [INFO] access - GET /admin/pages/5e9af966e897746894879503
[2020-04-19 20:21:42.028] [INFO] access - GET /assets/admin/vendor.css
[2020-04-19 20:21:42.033] [INFO] access - GET /assets/admin/main.css
[2020-04-19 20:21:42.046] [INFO] access - GET /assets/admin/views.js
[2020-04-19 20:21:42.052] [INFO] access - GET /assets/admin/main.js
[2020-04-19 20:21:42.166] [INFO] access - GET /assets/admin/vendor.js
[2020-04-19 20:21:42.325] [WARN] access - GET /api/account
[2020-04-19 20:21:42.337] [INFO] access - GET /assets/admin/images/logo.png
[2020-04-19 20:21:42.390] [INFO] access - PUT /api/statistics
[2020-04-19 20:21:42.411] [WARN] access - GET /api/dashboard
[2020-04-19 20:21:42.414] [INFO] access - GET /assets/admin/fonts/fontawesome-webfont.woff2?v=4.6.1
[2020-04-19 20:21:42.415] [WARN] access - GET /api/categories
[2020-04-19 20:21:42.417] [WARN] access - GET /api/pages/5e9af966e897746894879503?markdown=true
[2020-04-19 20:21:42.419] [WARN] access - GET /api/media?currentPage=1&pageSize=9
[2020-04-19 20:21:56.169] [WARN] access - GET /admin/pages/5e9af966e897746894879503
[2020-04-19 20:21:56.195] [WARN] access - GET /assets/admin/vendor.css
[2020-04-19 20:21:56.208] [WARN] access - GET /assets/admin/main.css
[2020-04-19 20:21:56.210] [WARN] access - GET /assets/admin/vendor.js
[2020-04-19 20:21:56.210] [WARN] access - GET /assets/admin/main.js
[2020-04-19 20:21:56.211] [WARN] access - GET /assets/admin/views.js
[2020-04-19 20:21:56.351] [WARN] access - GET /api/account
[2020-04-19 20:21:56.398] [WARN] access - GET /assets/admin/images/logo.png
[2020-04-19 20:21:56.431] [INFO] access - PUT /api/statistics
[2020-04-19 20:21:56.445] [WARN] access - GET /api/dashboard
[2020-04-19 20:21:56.449] [WARN] access - GET /assets/admin/fonts/fontawesome-webfont.woff2?v=4.6.1
[2020-04-19 20:21:56.450] [WARN] access - GET /api/categories
[2020-04-19 20:21:56.453] [WARN] access - GET /api/pages/5e9af966e897746894879503?markdown=true
[2020-04-19 20:21:56.454] [WARN] access - GET /api/media?currentPage=1&pageSize=9
[2020-04-19 20:22:47.790] [INFO] access - GET /admin/pages/5e9af966e897746894879503
[2020-04-19 20:22:47.820] [INFO] access - GET /assets/admin/vendor.css
[2020-04-19 20:22:47.832] [INFO] access - GET /assets/admin/main.css
[2020-04-19 20:22:47.843] [INFO] access - GET /assets/admin/views.js
[2020-04-19 20:22:47.847] [INFO] access - GET /assets/admin/main.js
[2020-04-19 20:22:47.950] [INFO] access - GET /assets/admin/vendor.js
[2020-04-19 20:22:48.121] [WARN] access - GET /api/account
[2020-04-19 20:22:48.133] [INFO] access - GET /assets/admin/images/logo.png
[2020-04-19 20:22:48.192] [INFO] access - PUT /api/statistics
[2020-04-19 20:22:48.215] [WARN] access - GET /api/dashboard
[2020-04-19 20:22:48.215] [WARN] access - GET /api/categories
[2020-04-19 20:22:48.217] [INFO] access - GET /assets/admin/fonts/fontawesome-webfont.woff2?v=4.6.1
[2020-04-19 20:22:48.218] [WARN] access - GET /api/pages/5e9af966e897746894879503?markdown=true
[2020-04-19 20:22:48.220] [WARN] access - GET /api/media?currentPage=1&pageSize=9
[2020-04-19 20:22:53.108] [INFO] access - PUT /api/pages/5e9af966e897746894879503
[2020-04-19 20:22:53.155] [WARN] access - GET /api/pages/5e9af966e897746894879503?markdown=true
[2020-04-19 20:22:53.163] [WARN] access - GET /api/media?currentPage=1&pageSize=9
[2020-04-19 20:23:41.590] [INFO] access - GET /admin/pages/5e9af966e897746894879503
[2020-04-19 20:23:41.628] [INFO] access - GET /assets/admin/main.css
[2020-04-19 20:23:41.635] [INFO] access - GET /assets/admin/views.js
[2020-04-19 20:23:41.643] [INFO] access - GET /assets/admin/vendor.css
[2020-04-19 20:23:41.645] [INFO] access - GET /assets/admin/main.js
[2020-04-19 20:23:41.760] [INFO] access - GET /assets/admin/vendor.js
[2020-04-19 20:23:41.921] [WARN] access - GET /api/account
[2020-04-19 20:23:41.934] [INFO] access - GET /assets/admin/images/logo.png
[2020-04-19 20:23:41.977] [INFO] access - PUT /api/statistics
[2020-04-19 20:23:41.995] [WARN] access - GET /api/dashboard
[2020-04-19 20:23:41.997] [INFO] access - GET /api/categories
[2020-04-19 20:23:41.998] [WARN] access - GET /api/pages/5e9af966e897746894879503?markdown=true
[2020-04-19 20:23:41.999] [INFO] access - GET /assets/admin/fonts/fontawesome-webfont.woff2?v=4.6.1
[2020-04-19 20:23:42.001] [WARN] access - GET /api/media?currentPage=1&pageSize=9
[2020-04-19 20:24:06.564] [INFO] access - GET /admin/pages/5e9af966e897746894879503
[2020-04-19 20:24:06.591] [INFO] access - GET /assets/admin/vendor.css
[2020-04-19 20:24:06.597] [INFO] access - GET /assets/admin/main.css
[2020-04-19 20:24:06.604] [INFO] access - GET /assets/admin/views.js
[2020-04-19 20:24:06.606] [INFO] access - GET /assets/admin/main.js
[2020-04-19 20:24:06.715] [INFO] access - GET /assets/admin/vendor.js
[2020-04-19 20:24:06.870] [WARN] access - GET /api/account
[2020-04-19 20:24:06.881] [INFO] access - GET /assets/admin/images/logo.png
[2020-04-19 20:24:06.932] [INFO] access - PUT /api/statistics
[2020-04-19 20:24:06.951] [WARN] access - GET /api/dashboard
[2020-04-19 20:24:06.952] [WARN] access - GET /api/categories
[2020-04-19 20:24:06.954] [INFO] access - GET /assets/admin/fonts/fontawesome-webfont.woff2?v=4.6.1
[2020-04-19 20:24:06.955] [WARN] access - GET /api/pages/5e9af966e897746894879503?markdown=true
[2020-04-19 20:24:06.956] [WARN] access - GET /api/media?currentPage=1&pageSize=9
[2020-04-19 20:24:43.447] [INFO] access - PUT /api/pages/5e9af966e897746894879503
[2020-04-19 20:24:43.501] [WARN] access - GET /api/media?currentPage=1&pageSize=9
[2020-04-19 20:24:43.505] [WARN] access - GET /api/pages/5e9af966e897746894879503?markdown=true
[2020-04-19 20:24:44.499] [INFO] access - PUT /api/pages/5e9af966e897746894879503
[2020-04-19 20:24:44.533] [WARN] access - GET /api/media?currentPage=1&pageSize=9
[2020-04-19 20:24:44.536] [WARN] access - GET /api/pages/5e9af966e897746894879503?markdown=true
[2020-04-19 20:24:45.116] [INFO] access - PUT /api/pages/5e9af966e897746894879503
[2020-04-19 20:24:45.142] [WARN] access - GET /api/media?currentPage=1&pageSize=9
[2020-04-19 20:24:45.145] [WARN] access - GET /api/pages/5e9af966e897746894879503?markdown=true
[2020-04-19 20:24:46.631] [INFO] access - PUT /api/pages/5e9af966e897746894879503
[2020-04-19 20:24:46.666] [WARN] access - GET /api/media?currentPage=1&pageSize=9
[2020-04-19 20:24:46.669] [WARN] access - GET /api/pages/5e9af966e897746894879503?markdown=true
[2020-04-19 20:24:47.327] [INFO] access - PUT /api/pages/5e9af966e897746894879503
[2020-04-19 20:24:47.352] [WARN] access - GET /api/media?currentPage=1&pageSize=9
[2020-04-19 20:24:47.355] [WARN] access - GET /api/pages/5e9af966e897746894879503?markdown=true
[2020-04-19 20:24:47.842] [INFO] access - PUT /api/pages/5e9af966e897746894879503
[2020-04-19 20:24:47.868] [WARN] access - GET /api/media?currentPage=1&pageSize=9
[2020-04-19 20:24:47.871] [WARN] access - GET /api/pages/5e9af966e897746894879503?markdown=true
[2020-04-19 20:24:48.447] [INFO] access - PUT /api/pages/5e9af966e897746894879503
[2020-04-19 20:24:48.474] [WARN] access - GET /api/media?currentPage=1&pageSize=9
[2020-04-19 20:24:48.477] [WARN] access - GET /api/pages/5e9af966e897746894879503?markdown=true
[2020-04-19 20:25:06.330] [WARN] access - GET /admin/pages/5e9af966e897746894879503
[2020-04-19 20:25:06.348] [WARN] access - GET /assets/admin/vendor.css
[2020-04-19 20:25:06.356] [WARN] access - GET /assets/admin/main.css
[2020-04-19 20:25:06.357] [WARN] access - GET /assets/admin/vendor.js
[2020-04-19 20:25:06.358] [WARN] access - GET /assets/admin/views.js
[2020-04-19 20:25:06.360] [WARN] access - GET /assets/admin/main.js
[2020-04-19 20:25:06.465] [WARN] access - GET /api/account
[2020-04-19 20:25:06.478] [WARN] access - GET /assets/admin/images/logo.png
[2020-04-19 20:25:06.520] [INFO] access - PUT /api/statistics
[2020-04-19 20:25:06.546] [WARN] access - GET /assets/admin/fonts/fontawesome-webfont.woff2?v=4.6.1
[2020-04-19 20:25:06.547] [WARN] access - GET /api/dashboard
[2020-04-19 20:25:06.547] [WARN] access - GET /api/categories
[2020-04-19 20:25:06.553] [WARN] access - GET /api/pages/5e9af966e897746894879503?markdown=true
[2020-04-19 20:25:06.554] [WARN] access - GET /api/media?currentPage=1&pageSize=9
[2020-04-19 20:25:18.030] [WARN] access - GET /assets/admin/vendor.css
[2020-04-19 20:25:18.031] [WARN] access - GET /assets/admin/main.css
[2020-04-19 20:26:17.499] [INFO] access - GET /admin/pages/5e9af966e897746894879503
[2020-04-19 20:26:17.537] [INFO] access - GET /assets/admin/main.css
[2020-04-19 20:26:17.547] [INFO] access - GET /assets/admin/vendor.css
[2020-04-19 20:26:17.570] [INFO] access - GET /assets/admin/main.js
[2020-04-19 20:26:17.574] [INFO] access - GET /assets/admin/views.js
[2020-04-19 20:26:17.712] [INFO] access - GET /assets/admin/vendor.js
[2020-04-19 20:26:17.880] [WARN] access - GET /api/account
[2020-04-19 20:26:17.890] [INFO] access - GET /assets/admin/images/logo.png
[2020-04-19 20:26:17.937] [INFO] access - PUT /api/statistics
[2020-04-19 20:26:17.960] [WARN] access - GET /api/categories
[2020-04-19 20:26:17.962] [WARN] access - GET /api/dashboard
[2020-04-19 20:26:17.964] [INFO] access - GET /assets/admin/fonts/fontawesome-webfont.woff2?v=4.6.1
[2020-04-19 20:26:17.964] [WARN] access - GET /api/pages/5e9af966e897746894879503?markdown=true
[2020-04-19 20:26:17.967] [WARN] access - GET /api/media?currentPage=1&pageSize=9
[2020-04-19 20:26:27.232] [INFO] access - PUT /api/pages/5e9af966e897746894879503
[2020-04-19 20:26:27.270] [WARN] access - GET /api/media?currentPage=1&pageSize=9
[2020-04-19 20:26:27.273] [WARN] access - GET /api/pages/5e9af966e897746894879503?markdown=true
[2020-04-19 20:26:28.084] [INFO] access - PUT /api/pages/5e9af966e897746894879503
[2020-04-19 20:26:28.125] [WARN] access - GET /api/media?currentPage=1&pageSize=9
[2020-04-19 20:26:28.128] [WARN] access - GET /api/pages/5e9af966e897746894879503?markdown=true
[2020-04-19 20:26:30.952] [WARN] access - GET /api/media?currentPage=1&pageSize=20
[2020-04-19 20:26:31.010] [WARN] access - GET /media/202004/5e9c38bd0518b1771b0be7a9/13.jpg
[2020-04-19 20:26:31.012] [WARN] access - GET /media/202004/5e9afe73a03d396bf9432722/301586082973_.pic.jpg
[2020-04-19 20:26:31.013] [WARN] access - GET /media/202004/5e9afea2a03d396bf9432724/301586082973_.pic.jpg
[2020-04-19 20:26:31.016] [WARN] access - GET /media/202004/5e9afa17e897746894879505/301586082973_.pic.jpg
[2020-04-19 20:26:31.016] [WARN] access - GET /media/202004/5e9afe4ea03d396bf9432720/301586082973_.pic.jpg
[2020-04-19 20:26:31.021] [WARN] access - GET /media/202004/5e9afdeca03d396bf943271e/301586082973_.pic.jpg
[2020-04-19 20:26:31.025] [WARN] access - GET /media/202004/5e9af929e897746894879502/301586082973_.pic_thumb.jpg
[2020-04-19 20:26:33.597] [WARN] access - GET /api/site-info
[2020-04-19 20:26:34.222] [WARN] access - GET /api/categories
[2020-04-19 20:26:34.888] [WARN] access - GET /api/models?type=feature
[2020-04-19 20:26:35.500] [INFO] access - GET /api/roles
[2020-04-19 20:26:36.557] [WARN] access - GET /api/models?type=feature
[2020-04-19 20:27:03.338] [INFO] access - GET /admin/setting/feature-models
[2020-04-19 20:27:03.362] [INFO] access - GET /assets/admin/main.css
[2020-04-19 20:27:03.375] [INFO] access - GET /assets/admin/vendor.css
[2020-04-19 20:27:03.376] [INFO] access - GET /assets/admin/views.js
[2020-04-19 20:27:03.385] [INFO] access - GET /assets/admin/main.js
[2020-04-19 20:27:03.487] [INFO] access - GET /assets/admin/vendor.js
[2020-04-19 20:27:03.664] [WARN] access - GET /api/account
[2020-04-19 20:27:03.687] [INFO] access - GET /assets/admin/images/logo.png
[2020-04-19 20:27:03.720] [INFO] access - PUT /api/statistics
[2020-04-19 20:27:03.746] [WARN] access - GET /api/dashboard
[2020-04-19 20:27:03.747] [WARN] access - GET /api/categories
[2020-04-19 20:27:03.752] [INFO] access - GET /assets/admin/fonts/fontawesome-webfont.woff2?v=4.6.1
[2020-04-19 20:27:03.753] [WARN] access - GET /api/models?type=feature
[2020-04-19 20:27:15.575] [WARN] access - GET /api/models?type=feature
[2020-04-19 20:27:15.580] [WARN] access - GET /api/features
[2020-04-19 20:27:15.603] [WARN] access - GET /media/202004/5e9c38bd0518b1771b0be7a9/13.jpg
[2020-04-19 20:27:17.088] [WARN] access - GET /api/categories/5e9af8b7e897746894879500
[2020-04-19 20:27:17.098] [WARN] access - GET /api/contents?_id=5e9af8b7e897746894879500&currentPage=1&deleted=false&pageSize=20
[2020-04-19 20:27:17.111] [WARN] access - GET /api/contents?_id=5e9af8b7e897746894879500&currentPage=1&deleted=false&pageSize=20
[2020-04-19 20:27:17.139] [WARN] access - GET /media/202004/5e9afea2a03d396bf9432724/301586082973_.pic.jpg
[2020-04-19 20:27:17.140] [WARN] access - GET /media/202004/5e9afe73a03d396bf9432722/301586082973_.pic.jpg
[2020-04-19 20:27:17.141] [WARN] access - GET /media/202004/5e9afdeca03d396bf943271e/301586082973_.pic.jpg
[2020-04-19 20:27:17.142] [WARN] access - GET /media/202004/5e9afe4ea03d396bf9432720/301586082973_.pic.jpg
[2020-04-19 20:27:17.142] [WARN] access - GET /media/202004/5e9af929e897746894879502/301586082973_.pic_thumb.jpg
[2020-04-19 20:27:17.769] [WARN] access - GET /api/categories/5e9af9dae897746894879504
[2020-04-19 20:27:17.775] [WARN] access - GET /api/contents?_id=5e9af9dae897746894879504&currentPage=1&deleted=false&pageSize=20
[2020-04-19 20:27:17.789] [WARN] access - GET /api/contents?_id=5e9af9dae897746894879504&currentPage=1&deleted=false&pageSize=20
[2020-04-19 20:27:17.797] [WARN] access - GET /media/202004/5e9afa17e897746894879505/301586082973_.pic.jpg
[2020-04-19 20:27:18.410] [WARN] access - GET /api/contents?currentPage=1&deleted=true&pageSize=20
[2020-04-19 20:27:18.422] [WARN] access - GET /api/contents?currentPage=1&deleted=true&pageSize=20
[2020-04-19 20:27:19.845] [WARN] access - GET /api/pages/5e9af966e897746894879503?markdown=true
[2020-04-19 20:27:19.846] [WARN] access - GET /api/media?currentPage=1&pageSize=9
[2020-04-19 20:27:20.744] [WARN] access - GET /api/media?currentPage=1&pageSize=20
[2020-04-19 20:27:23.574] [WARN] access - GET /api/site-info
[2020-04-19 20:27:24.316] [WARN] access - GET /api/categories
[2020-04-19 20:27:25.237] [INFO] access - GET /api/models?type=content
[2020-04-19 20:27:26.080] [WARN] access - GET /api/models?type=feature
[2020-04-19 20:27:26.681] [WARN] access - GET /api/roles
[2020-04-19 20:27:27.300] [INFO] access - GET /api/admin-users
[2020-04-19 20:27:28.490] [WARN] access - GET /api/roles
[2020-04-19 20:27:28.991] [WARN] access - GET /api/models?type=feature
[2020-04-19 20:27:29.533] [WARN] access - GET /api/models?type=content
[2020-04-19 20:27:30.029] [WARN] access - GET /api/site-info
[2020-04-19 20:27:30.635] [WARN] access - GET /api/categories
[2020-04-19 20:28:11.574] [WARN] access - GET /assets/admin/vendor.css
[2020-04-19 20:28:11.575] [WARN] access - GET /assets/admin/main.css
[2020-04-19 20:28:57.064] [INFO] access - GET /admin/setting/categories
[2020-04-19 20:28:57.090] [INFO] access - GET /assets/admin/main.css
[2020-04-19 20:28:57.091] [INFO] access - GET /assets/admin/vendor.css
[2020-04-19 20:28:57.095] [INFO] access - GET /assets/admin/views.js
[2020-04-19 20:28:57.101] [INFO] access - GET /assets/admin/main.js
[2020-04-19 20:28:57.218] [INFO] access - GET /assets/admin/vendor.js
[2020-04-19 20:28:57.405] [WARN] access - GET /api/account
[2020-04-19 20:28:57.418] [INFO] access - GET /assets/admin/images/logo.png
[2020-04-19 20:28:57.466] [INFO] access - PUT /api/statistics
[2020-04-19 20:28:57.475] [WARN] access - GET /api/dashboard
[2020-04-19 20:28:57.477] [WARN] access - GET /api/categories
[2020-04-19 20:28:57.478] [INFO] access - GET /assets/admin/fonts/fontawesome-webfont.woff2?v=4.6.1
[2020-04-19 20:28:57.485] [WARN] access - GET /api/categories
[2020-04-19 20:29:03.080] [WARN] access - GET /api/media?currentPage=1&pageSize=20
[2020-04-19 20:29:03.126] [WARN] access - GET /media/202004/5e9c38bd0518b1771b0be7a9/13.jpg
[2020-04-19 20:29:03.128] [WARN] access - GET /media/202004/5e9afea2a03d396bf9432724/301586082973_.pic.jpg
[2020-04-19 20:29:03.128] [WARN] access - GET /media/202004/5e9afe4ea03d396bf9432720/301586082973_.pic.jpg
[2020-04-19 20:29:03.129] [WARN] access - GET /media/202004/5e9afe73a03d396bf9432722/301586082973_.pic.jpg
[2020-04-19 20:29:03.129] [WARN] access - GET /media/202004/5e9afdeca03d396bf943271e/301586082973_.pic.jpg
[2020-04-19 20:29:03.132] [WARN] access - GET /media/202004/5e9afa17e897746894879505/301586082973_.pic.jpg
[2020-04-19 20:29:03.136] [WARN] access - GET /media/202004/5e9af929e897746894879502/301586082973_.pic_thumb.jpg
[2020-04-19 20:29:06.789] [WARN] access - GET /api/models?type=feature
[2020-04-19 20:29:06.792] [WARN] access - GET /api/features
[2020-04-19 20:29:45.716] [WARN] access - GET /frontend
[2020-04-19 20:29:45.741] [WARN] access - GET /themes/default/assets/css/bootstrap.min.css
[2020-04-19 20:29:45.750] [WARN] access - GET /themes/default/assets/css/main.css
[2020-04-19 20:29:45.760] [WARN] access - GET /themes/default/assets/js/jquery-2.2.1.min.js
[2020-04-19 20:29:45.763] [WARN] access - GET /themes/default/assets/img/logo.png
[2020-04-19 20:29:45.764] [WARN] access - GET /media/202004/5e9afea2a03d396bf9432724/301586082973_.pic.jpg
[2020-04-19 20:29:45.768] [WARN] access - GET /themes/default/assets/js/bootstrap.min.js
[2020-04-19 20:29:45.782] [WARN] access - GET /media/202004/5e9afe73a03d396bf9432722/301586082973_.pic.jpg
[2020-04-19 20:29:45.785] [WARN] access - GET /media/202004/5e9afe4ea03d396bf9432720/301586082973_.pic.jpg
[2020-04-19 20:29:45.797] [WARN] access - GET /media/202004/5e9af929e897746894879502/301586082973_.pic_thumb.jpg
[2020-04-19 20:29:45.805] [WARN] access - GET /media/202004/5e9afdeca03d396bf943271e/301586082973_.pic.jpg
[2020-04-19 20:29:45.889] [WARN] access - GET /themes/default/assets/css/bootstrap.min.css.map
[2020-04-19 20:29:48.683] [WARN] access - GET /
[2020-04-19 20:29:48.730] [WARN] access - GET /themes/default/assets/js/bootstrap.min.js
[2020-04-19 20:29:48.731] [WARN] access - GET /themes/default/assets/css/bootstrap.min.css
[2020-04-19 20:29:48.731] [WARN] access - GET /themes/default/assets/img/logo.png
[2020-04-19 20:29:48.732] [WARN] access - GET /themes/default/assets/js/jquery-2.2.1.min.js
[2020-04-19 20:29:48.746] [WARN] access - GET /media/202004/5e9c38bd0518b1771b0be7a9/13.jpg
[2020-04-19 20:29:48.746] [WARN] access - GET /themes/default/assets/css/main.css
[2020-04-19 20:29:48.809] [WARN] access - GET /themes/default/assets/fonts/glyphicons-halflings-regular.woff2
[2020-04-19 20:29:48.924] [WARN] access - GET /themes/default/assets/css/bootstrap.min.css.map
[2020-04-19 20:29:49.751] [INFO] access - GET /css
[2020-04-19 20:29:49.802] [WARN] access - GET /themes/default/assets/css/bootstrap.min.css
[2020-04-19 20:29:49.803] [WARN] access - GET /themes/default/assets/js/jquery-2.2.1.min.js
[2020-04-19 20:29:49.810] [WARN] access - GET /themes/default/assets/css/main.css
[2020-04-19 20:29:49.810] [WARN] access - GET /themes/default/assets/js/bootstrap.min.js
[2020-04-19 20:29:49.814] [WARN] access - GET /themes/default/assets/img/logo.png
[2020-04-19 20:29:49.814] [WARN] access - GET /media/202004/5e9afa17e897746894879505/301586082973_.pic.jpg
[2020-04-19 20:29:49.870] [WARN] access - GET /themes/default/assets/css/bootstrap.min.css.map
[2020-04-19 20:31:28.143] [WARN] access - GET /css
[2020-04-19 20:31:28.177] [WARN] access - GET /themes/default/assets/css/bootstrap.min.css
[2020-04-19 20:31:28.177] [WARN] access - GET /themes/default/assets/css/main.css
[2020-04-19 20:31:28.180] [WARN] access - GET /themes/default/assets/js/bootstrap.min.js
[2020-04-19 20:31:28.181] [WARN] access - GET /themes/default/assets/img/logo.png
[2020-04-19 20:31:28.182] [WARN] access - GET /media/202004/5e9afa17e897746894879505/301586082973_.pic.jpg
[2020-04-19 20:31:28.183] [WARN] access - GET /themes/default/assets/js/jquery-2.2.1.min.js
[2020-04-19 20:31:28.256] [WARN] access - GET /themes/default/assets/css/bootstrap.min.css.map
[2020-04-19 20:31:35.320] [INFO] access - GET /search?words=
[2020-04-19 20:31:35.340] [WARN] access - GET /themes/default/assets/css/bootstrap.min.css
[2020-04-19 20:31:35.354] [WARN] access - GET /themes/default/assets/css/main.css
[2020-04-19 20:31:37.083] [WARN] access - GET /themes/default/assets/js/jquery-2.2.1.min.js
[2020-04-19 20:31:37.086] [WARN] access - GET /themes/default/assets/js/bootstrap.min.js
[2020-04-19 20:31:37.089] [WARN] access - GET /media/202004/5e9afea2a03d396bf9432724/301586082973_.pic.jpg
[2020-04-19 20:31:37.092] [WARN] access - GET /media/202004/5e9afe73a03d396bf9432722/301586082973_.pic.jpg
[2020-04-19 20:31:37.111] [WARN] access - GET /media/202004/5e9afdeca03d396bf943271e/301586082973_.pic.jpg
[2020-04-19 20:31:37.112] [WARN] access - GET /media/202004/5e9afe4ea03d396bf9432720/301586082973_.pic.jpg
[2020-04-19 20:31:37.113] [WARN] access - GET /media/202004/5e9af929e897746894879502/301586082973_.pic_thumb.jpg
[2020-04-19 20:31:37.134] [WARN] access - GET /media/202004/5e9afa17e897746894879505/301586082973_.pic.jpg
[2020-04-19 20:31:37.134] [INFO] access - GET /themes/default/assets/img/logo.png
[2020-04-19 20:31:37.137] [WARN] access - GET /themes/default/assets/css/bootstrap.min.css.map
[2020-04-19 20:31:43.295] [WARN] access - GET /
[2020-04-19 20:31:43.316] [WARN] access - GET /themes/default/assets/css/bootstrap.min.css
[2020-04-19 20:31:43.328] [WARN] access - GET /themes/default/assets/js/bootstrap.min.js
[2020-04-19 20:31:43.334] [WARN] access - GET /themes/default/assets/js/jquery-2.2.1.min.js
[2020-04-19 20:31:43.337] [WARN] access - GET /themes/default/assets/css/main.css
[2020-04-19 20:31:43.338] [WARN] access - GET /media/202004/5e9c38bd0518b1771b0be7a9/13.jpg
[2020-04-19 20:31:43.342] [WARN] access - GET /themes/default/assets/img/logo.png
[2020-04-19 20:31:43.408] [WARN] access - GET /themes/default/assets/css/bootstrap.min.css.map
[2020-04-19 20:31:59.515] [WARN] access - GET /css
[2020-04-19 20:31:59.535] [WARN] access - GET /themes/default/assets/css/bootstrap.min.css
[2020-04-19 20:31:59.553] [WARN] access - GET /themes/default/assets/css/main.css
[2020-04-19 20:31:59.555] [WARN] access - GET /themes/default/assets/js/jquery-2.2.1.min.js
[2020-04-19 20:31:59.556] [WARN] access - GET /themes/default/assets/js/bootstrap.min.js
[2020-04-19 20:31:59.557] [WARN] access - GET /themes/default/assets/img/logo.png
[2020-04-19 20:31:59.557] [WARN] access - GET /media/202004/5e9afa17e897746894879505/301586082973_.pic.jpg
[2020-04-19 20:31:59.638] [WARN] access - GET /themes/default/assets/css/bootstrap.min.css.map
[2020-04-19 20:32:00.548] [WARN] access - GET /frontend
[2020-04-19 20:32:00.580] [WARN] access - GET /themes/default/assets/css/bootstrap.min.css
[2020-04-19 20:32:00.585] [WARN] access - GET /themes/default/assets/css/main.css
[2020-04-19 20:32:01.199] [WARN] access - GET /themes/default/assets/js/bootstrap.min.js
[2020-04-19 20:32:01.201] [WARN] access - GET /themes/default/assets/js/jquery-2.2.1.min.js
[2020-04-19 20:32:01.202] [WARN] access - GET /themes/default/assets/img/logo.png
[2020-04-19 20:32:01.204] [WARN] access - GET /media/202004/5e9afea2a03d396bf9432724/301586082973_.pic.jpg
[2020-04-19 20:32:01.241] [WARN] access - GET /media/202004/5e9afdeca03d396bf943271e/301586082973_.pic.jpg
[2020-04-19 20:32:01.242] [WARN] access - GET /media/202004/5e9afe73a03d396bf9432722/301586082973_.pic.jpg
[2020-04-19 20:32:01.242] [WARN] access - GET /media/202004/5e9af929e897746894879502/301586082973_.pic_thumb.jpg
[2020-04-19 20:32:01.243] [WARN] access - GET /media/202004/5e9afe4ea03d396bf9432720/301586082973_.pic.jpg
[2020-04-19 20:32:01.243] [WARN] access - GET /themes/default/assets/css/bootstrap.min.css.map
[2020-04-19 20:32:01.447] [WARN] access - GET /about
[2020-04-19 20:32:01.468] [WARN] access - GET /themes/default/assets/css/bootstrap.min.css
[2020-04-19 20:32:01.474] [WARN] access - GET /themes/default/assets/css/main.css
[2020-04-19 20:32:01.478] [WARN] access - GET /themes/default/assets/js/jquery-2.2.1.min.js
[2020-04-19 20:32:01.486] [WARN] access - GET /themes/default/assets/img/logo.png
[2020-04-19 20:32:01.489] [WARN] access - GET /themes/default/assets/js/bootstrap.min.js
[2020-04-19 20:32:01.528] [WARN] access - GET /themes/default/assets/css/bootstrap.min.css.map
[2020-04-19 20:32:08.078] [WARN] access - GET /frontend
[2020-04-19 20:32:08.099] [WARN] access - GET /themes/default/assets/css/bootstrap.min.css
[2020-04-19 20:32:08.109] [WARN] access - GET /themes/default/assets/css/main.css
[2020-04-19 20:32:08.110] [WARN] access - GET /themes/default/assets/js/jquery-2.2.1.min.js
[2020-04-19 20:32:08.111] [WARN] access - GET /themes/default/assets/js/bootstrap.min.js
[2020-04-19 20:32:08.112] [WARN] access - GET /media/202004/5e9afea2a03d396bf9432724/301586082973_.pic.jpg
[2020-04-19 20:32:08.112] [WARN] access - GET /themes/default/assets/img/logo.png
[2020-04-19 20:32:08.127] [WARN] access - GET /media/202004/5e9afe73a03d396bf9432722/301586082973_.pic.jpg
[2020-04-19 20:32:08.136] [WARN] access - GET /media/202004/5e9afe4ea03d396bf9432720/301586082973_.pic.jpg
[2020-04-19 20:32:08.136] [WARN] access - GET /media/202004/5e9afdeca03d396bf943271e/301586082973_.pic.jpg
[2020-04-19 20:32:11.154] [WARN] access - GET /media/202004/5e9af929e897746894879502/301586082973_.pic_thumb.jpg
[2020-04-19 20:32:11.211] [WARN] access - GET /themes/default/assets/css/bootstrap.min.css.map
[2020-04-19 20:32:11.262] [WARN] access - GET /
[2020-04-19 20:32:11.290] [WARN] access - GET /themes/default/assets/css/bootstrap.min.css
[2020-04-19 20:32:11.305] [WARN] access - GET /themes/default/assets/js/jquery-2.2.1.min.js
[2020-04-19 20:32:11.307] [WARN] access - GET /themes/default/assets/css/main.css
[2020-04-19 20:32:11.309] [WARN] access - GET /themes/default/assets/js/bootstrap.min.js
[2020-04-19 20:32:11.310] [WARN] access - GET /themes/default/assets/img/logo.png
[2020-04-19 20:32:11.310] [WARN] access - GET /media/202004/5e9c38bd0518b1771b0be7a9/13.jpg
[2020-04-19 20:32:11.374] [WARN] access - GET /themes/default/assets/css/bootstrap.min.css.map
[2020-04-19 20:33:29.846] [INFO] access - GET /search?words=
[2020-04-19 20:33:29.873] [WARN] access - GET /themes/default/assets/css/bootstrap.min.css
[2020-04-19 20:33:29.882] [WARN] access - GET /themes/default/assets/js/bootstrap.min.js
[2020-04-19 20:33:29.883] [WARN] access - GET /themes/default/assets/css/main.css
[2020-04-19 20:33:29.884] [WARN] access - GET /themes/default/assets/js/jquery-2.2.1.min.js
[2020-04-19 20:33:29.900] [WARN] access - GET /themes/default/assets/img/logo.png
[2020-04-19 20:33:29.904] [WARN] access - GET /media/202004/5e9afea2a03d396bf9432724/301586082973_.pic.jpg
[2020-04-19 20:33:29.914] [WARN] access - GET /media/202004/5e9af929e897746894879502/301586082973_.pic_thumb.jpg
[2020-04-19 20:33:29.916] [WARN] access - GET /media/202004/5e9afe4ea03d396bf9432720/301586082973_.pic.jpg
[2020-04-19 20:33:29.917] [WARN] access - GET /media/202004/5e9afe73a03d396bf9432722/301586082973_.pic.jpg
[2020-04-19 20:33:29.918] [WARN] access - GET /media/202004/5e9afdeca03d396bf943271e/301586082973_.pic.jpg
[2020-04-19 20:33:29.924] [WARN] access - GET /media/202004/5e9afa17e897746894879505/301586082973_.pic.jpg
[2020-04-19 20:33:29.965] [WARN] access - GET /themes/default/assets/css/bootstrap.min.css.map
[2020-04-19 20:33:33.435] [WARN] access - GET /
[2020-04-19 20:33:33.458] [WARN] access - GET /themes/default/assets/css/bootstrap.min.css
[2020-04-19 20:33:33.467] [WARN] access - GET /themes/default/assets/js/jquery-2.2.1.min.js
[2020-04-19 20:33:33.470] [WARN] access - GET /themes/default/assets/css/main.css
[2020-04-19 20:33:33.476] [WARN] access - GET /themes/default/assets/js/bootstrap.min.js
[2020-04-19 20:33:33.477] [WARN] access - GET /media/202004/5e9c38bd0518b1771b0be7a9/13.jpg
[2020-04-19 20:33:33.478] [WARN] access - GET /themes/default/assets/img/logo.png
[2020-04-19 20:33:33.526] [WARN] access - GET /themes/default/assets/css/bootstrap.min.css.map
[2020-04-19 20:33:34.558] [INFO] access - GET /frontend
[2020-04-19 20:33:34.585] [WARN] access - GET /themes/default/assets/css/bootstrap.min.css
[2020-04-19 20:33:34.601] [WARN] access - GET /themes/default/assets/css/main.css
[2020-04-19 20:33:34.602] [WARN] access - GET /media/202004/5e9afea2a03d396bf9432724/301586082973_.pic.jpg
[2020-04-19 20:33:34.604] [WARN] access - GET /themes/default/assets/img/logo.png
[2020-04-19 20:33:34.605] [WARN] access - GET /themes/default/assets/js/bootstrap.min.js
[2020-04-19 20:33:34.605] [WARN] access - GET /themes/default/assets/js/jquery-2.2.1.min.js
[2020-04-19 20:33:34.612] [WARN] access - GET /media/202004/5e9afe73a03d396bf9432722/301586082973_.pic.jpg
[2020-04-19 20:33:34.622] [WARN] access - GET /media/202004/5e9afe4ea03d396bf9432720/301586082973_.pic.jpg
[2020-04-19 20:33:34.625] [WARN] access - GET /media/202004/5e9af929e897746894879502/301586082973_.pic_thumb.jpg
[2020-04-19 20:33:34.632] [WARN] access - GET /media/202004/5e9afdeca03d396bf943271e/301586082973_.pic.jpg
[2020-04-19 20:33:34.680] [WARN] access - GET /themes/default/assets/css/bootstrap.min.css.map
[2020-04-19 20:33:35.127] [WARN] access - GET /css
[2020-04-19 20:33:35.162] [WARN] access - GET /themes/default/assets/js/jquery-2.2.1.min.js
[2020-04-19 20:33:35.164] [WARN] access - GET /themes/default/assets/css/main.css
[2020-04-19 20:33:35.164] [WARN] access - GET /themes/default/assets/js/bootstrap.min.js
[2020-04-19 20:33:35.166] [WARN] access - GET /themes/default/assets/css/bootstrap.min.css
[2020-04-19 20:33:35.167] [WARN] access - GET /themes/default/assets/img/logo.png
[2020-04-19 20:33:35.168] [WARN] access - GET /media/202004/5e9afa17e897746894879505/301586082973_.pic.jpg
[2020-04-19 20:33:35.232] [WARN] access - GET /themes/default/assets/css/bootstrap.min.css.map
[2020-04-19 20:33:35.675] [WARN] access - GET /about
[2020-04-19 20:33:35.696] [WARN] access - GET /themes/default/assets/css/bootstrap.min.css
[2020-04-19 20:33:35.705] [WARN] access - GET /themes/default/assets/js/jquery-2.2.1.min.js
[2020-04-19 20:33:36.833] [WARN] access - GET /themes/default/assets/css/main.css
[2020-04-19 20:33:36.833] [WARN] access - GET /themes/default/assets/img/logo.png
[2020-04-19 20:33:36.834] [WARN] access - GET /themes/default/assets/js/bootstrap.min.js
[2020-04-19 20:33:36.920] [WARN] access - GET /themes/default/assets/css/bootstrap.min.css.map
[2020-04-19 20:33:37.538] [WARN] access - GET /frontend
[2020-04-19 20:33:37.557] [WARN] access - GET /themes/default/assets/css/bootstrap.min.css
[2020-04-19 20:33:37.565] [WARN] access - GET /themes/default/assets/css/main.css
[2020-04-19 20:33:37.566] [WARN] access - GET /themes/default/assets/js/jquery-2.2.1.min.js
[2020-04-19 20:33:37.566] [WARN] access - GET /themes/default/assets/js/bootstrap.min.js
[2020-04-19 20:33:37.567] [WARN] access - GET /media/202004/5e9afea2a03d396bf9432724/301586082973_.pic.jpg
[2020-04-19 20:33:37.567] [WARN] access - GET /themes/default/assets/img/logo.png
[2020-04-19 20:33:37.579] [WARN] access - GET /media/202004/5e9afe73a03d396bf9432722/301586082973_.pic.jpg
[2020-04-19 20:33:37.585] [WARN] access - GET /media/202004/5e9afdeca03d396bf943271e/301586082973_.pic.jpg
[2020-04-19 20:33:37.587] [WARN] access - GET /media/202004/5e9afe4ea03d396bf9432720/301586082973_.pic.jpg
[2020-04-19 20:33:37.587] [WARN] access - GET /media/202004/5e9af929e897746894879502/301586082973_.pic_thumb.jpg
[2020-04-19 20:33:37.618] [WARN] access - GET /themes/default/assets/css/bootstrap.min.css.map
[2020-04-19 20:33:38.187] [WARN] access - GET /
[2020-04-19 20:33:38.213] [WARN] access - GET /themes/default/assets/css/bootstrap.min.css
[2020-04-19 20:33:38.216] [WARN] access - GET /themes/default/assets/css/main.css
[2020-04-19 20:33:38.219] [WARN] access - GET /themes/default/assets/js/jquery-2.2.1.min.js
[2020-04-19 20:33:38.220] [WARN] access - GET /themes/default/assets/img/logo.png
[2020-04-19 20:33:38.221] [WARN] access - GET /themes/default/assets/js/bootstrap.min.js
[2020-04-19 20:33:38.222] [WARN] access - GET /media/202004/5e9c38bd0518b1771b0be7a9/13.jpg
[2020-04-19 20:33:38.261] [WARN] access - GET /themes/default/assets/css/bootstrap.min.css.map
[2020-04-19 20:34:06.862] [WARN] access - GET /frontend
[2020-04-19 20:34:06.910] [WARN] access - GET /themes/default/assets/css/main.css
[2020-04-19 20:34:06.924] [WARN] access - GET /themes/default/assets/js/jquery-2.2.1.min.js
[2020-04-19 20:34:06.924] [WARN] access - GET /themes/default/assets/img/logo.png
[2020-04-19 20:34:06.925] [WARN] access - GET /themes/default/assets/css/bootstrap.min.css
[2020-04-19 20:34:06.925] [WARN] access - GET /themes/default/assets/js/bootstrap.min.js
[2020-04-19 20:34:06.926] [WARN] access - GET /media/202004/5e9afea2a03d396bf9432724/301586082973_.pic.jpg
[2020-04-19 20:34:06.985] [WARN] access - GET /media/202004/5e9afe73a03d396bf9432722/301586082973_.pic.jpg
[2020-04-19 20:34:06.992] [WARN] access - GET /media/202004/5e9afe4ea03d396bf9432720/301586082973_.pic.jpg
[2020-04-19 20:34:06.992] [WARN] access - GET /media/202004/5e9af929e897746894879502/301586082973_.pic_thumb.jpg
[2020-04-19 20:34:06.993] [WARN] access - GET /media/202004/5e9afdeca03d396bf943271e/301586082973_.pic.jpg
[2020-04-19 20:34:07.028] [WARN] access - GET /themes/default/assets/css/bootstrap.min.css.map
[2020-04-19 20:34:07.580] [WARN] access - GET /css
[2020-04-19 20:34:07.601] [WARN] access - GET /themes/default/assets/css/bootstrap.min.css
[2020-04-19 20:34:07.610] [WARN] access - GET /themes/default/assets/css/main.css
[2020-04-19 20:34:07.610] [WARN] access - GET /themes/default/assets/img/logo.png
[2020-04-19 20:34:07.611] [WARN] access - GET /themes/default/assets/js/bootstrap.min.js
[2020-04-19 20:34:07.611] [WARN] access - GET /themes/default/assets/js/jquery-2.2.1.min.js
[2020-04-19 20:34:07.612] [WARN] access - GET /media/202004/5e9afa17e897746894879505/301586082973_.pic.jpg
[2020-04-19 20:34:07.666] [WARN] access - GET /themes/default/assets/css/bootstrap.min.css.map
[2020-04-19 20:34:08.201] [WARN] access - GET /about
[2020-04-19 20:34:08.219] [WARN] access - GET /themes/default/assets/css/bootstrap.min.css
[2020-04-19 20:34:08.229] [WARN] access - GET /themes/default/assets/js/jquery-2.2.1.min.js
[2020-04-19 20:34:09.105] [WARN] access - GET /themes/default/assets/css/main.css
[2020-04-19 20:34:09.105] [WARN] access - GET /themes/default/assets/js/bootstrap.min.js
[2020-04-19 20:34:09.105] [WARN] access - GET /themes/default/assets/img/logo.png
[2020-04-19 20:34:09.199] [INFO] access - GET /themes/default/assets/img/logo.png
[2020-04-19 20:34:09.234] [WARN] access - GET /themes/default/assets/css/bootstrap.min.css.map
[2020-04-19 20:34:10.775] [WARN] access - GET /frontend
[2020-04-19 20:34:10.799] [WARN] access - GET /themes/default/assets/css/bootstrap.min.css
[2020-04-19 20:34:10.805] [WARN] access - GET /themes/default/assets/css/main.css
[2020-04-19 20:34:10.806] [WARN] access - GET /themes/default/assets/js/jquery-2.2.1.min.js
[2020-04-19 20:34:10.807] [WARN] access - GET /themes/default/assets/js/bootstrap.min.js
[2020-04-19 20:34:10.808] [WARN] access - GET /themes/default/assets/img/logo.png
[2020-04-19 20:34:10.808] [WARN] access - GET /media/202004/5e9afea2a03d396bf9432724/301586082973_.pic.jpg
[2020-04-19 20:34:10.822] [WARN] access - GET /media/202004/5e9afdeca03d396bf943271e/301586082973_.pic.jpg
[2020-04-19 20:34:10.823] [WARN] access - GET /media/202004/5e9afe73a03d396bf9432722/301586082973_.pic.jpg
[2020-04-19 20:34:10.823] [WARN] access - GET /media/202004/5e9afe4ea03d396bf9432720/301586082973_.pic.jpg
[2020-04-19 20:34:11.563] [WARN] access - GET /media/202004/5e9af929e897746894879502/301586082973_.pic_thumb.jpg
[2020-04-19 20:34:11.667] [WARN] access - GET /themes/default/assets/css/bootstrap.min.css.map
[2020-04-19 20:34:11.711] [WARN] access - GET /
[2020-04-19 20:34:11.733] [WARN] access - GET /themes/default/assets/css/bootstrap.min.css
[2020-04-19 20:34:11.746] [WARN] access - GET /themes/default/assets/js/jquery-2.2.1.min.js
[2020-04-19 20:34:11.747] [WARN] access - GET /media/202004/5e9c38bd0518b1771b0be7a9/13.jpg
[2020-04-19 20:34:11.748] [WARN] access - GET /themes/default/assets/img/logo.png
[2020-04-19 20:34:11.751] [WARN] access - GET /themes/default/assets/css/main.css
[2020-04-19 20:34:11.754] [WARN] access - GET /themes/default/assets/js/bootstrap.min.js
[2020-04-19 20:34:11.812] [WARN] access - GET /themes/default/assets/css/bootstrap.min.css.map
[2020-04-19 20:34:12.226] [WARN] access - GET /frontend
[2020-04-19 20:34:12.254] [WARN] access - GET /themes/default/assets/css/bootstrap.min.css
[2020-04-19 20:34:12.256] [WARN] access - GET /themes/default/assets/css/main.css
[2020-04-19 20:34:12.257] [WARN] access - GET /themes/default/assets/js/jquery-2.2.1.min.js
[2020-04-19 20:34:12.257] [WARN] access - GET /themes/default/assets/js/bootstrap.min.js
[2020-04-19 20:34:12.257] [WARN] access - GET /media/202004/5e9afea2a03d396bf9432724/301586082973_.pic.jpg
[2020-04-19 20:34:12.259] [WARN] access - GET /themes/default/assets/img/logo.png
[2020-04-19 20:34:12.264] [WARN] access - GET /media/202004/5e9afe73a03d396bf9432722/301586082973_.pic.jpg
[2020-04-19 20:34:12.277] [WARN] access - GET /media/202004/5e9afe4ea03d396bf9432720/301586082973_.pic.jpg
[2020-04-19 20:34:12.277] [WARN] access - GET /media/202004/5e9af929e897746894879502/301586082973_.pic_thumb.jpg
[2020-04-19 20:34:13.537] [WARN] access - GET /media/202004/5e9afdeca03d396bf943271e/301586082973_.pic.jpg
[2020-04-19 20:34:13.667] [WARN] access - GET /themes/default/assets/css/bootstrap.min.css.map
[2020-04-19 20:34:13.721] [WARN] access - GET /about
[2020-04-19 20:34:13.767] [WARN] access - GET /themes/default/assets/css/bootstrap.min.css
[2020-04-19 20:34:13.774] [WARN] access - GET /themes/default/assets/img/logo.png
[2020-04-19 20:34:13.776] [WARN] access - GET /themes/default/assets/js/jquery-2.2.1.min.js
[2020-04-19 20:34:13.776] [WARN] access - GET /themes/default/assets/css/main.css
[2020-04-19 20:34:13.777] [WARN] access - GET /themes/default/assets/js/bootstrap.min.js
[2020-04-19 20:34:13.837] [WARN] access - GET /themes/default/assets/css/bootstrap.min.css.map
[2020-04-19 20:34:15.604] [WARN] access - GET /search?words=
[2020-04-19 20:34:15.628] [WARN] access - GET /themes/default/assets/css/main.css
[2020-04-19 20:34:15.629] [WARN] access - GET /themes/default/assets/css/bootstrap.min.css
[2020-04-19 20:34:15.630] [WARN] access - GET /themes/default/assets/js/jquery-2.2.1.min.js
[2020-04-19 20:34:15.631] [WARN] access - GET /themes/default/assets/js/bootstrap.min.js
[2020-04-19 20:34:15.632] [WARN] access - GET /themes/default/assets/img/logo.png
[2020-04-19 20:34:15.639] [WARN] access - GET /media/202004/5e9afea2a03d396bf9432724/301586082973_.pic.jpg
[2020-04-19 20:34:15.654] [WARN] access - GET /media/202004/5e9afe4ea03d396bf9432720/301586082973_.pic.jpg
[2020-04-19 20:34:15.654] [WARN] access - GET /media/202004/5e9afe73a03d396bf9432722/301586082973_.pic.jpg
[2020-04-19 20:34:15.655] [WARN] access - GET /media/202004/5e9afa17e897746894879505/301586082973_.pic.jpg
[2020-04-19 20:34:15.656] [WARN] access - GET /media/202004/5e9af929e897746894879502/301586082973_.pic_thumb.jpg
[2020-04-19 20:34:15.656] [WARN] access - GET /media/202004/5e9afdeca03d396bf943271e/301586082973_.pic.jpg
[2020-04-19 20:34:15.694] [WARN] access - GET /themes/default/assets/css/bootstrap.min.css.map
[2020-04-19 20:34:17.604] [WARN] access - GET /about
[2020-04-19 20:34:17.624] [WARN] access - GET /themes/default/assets/css/bootstrap.min.css
[2020-04-19 20:34:17.635] [WARN] access - GET /themes/default/assets/css/main.css
[2020-04-19 20:34:17.635] [WARN] access - GET /themes/default/assets/js/jquery-2.2.1.min.js
[2020-04-19 20:34:17.636] [WARN] access - GET /themes/default/assets/js/bootstrap.min.js
[2020-04-19 20:34:17.636] [WARN] access - GET /themes/default/assets/img/logo.png
[2020-04-19 20:34:17.691] [WARN] access - GET /themes/default/assets/css/bootstrap.min.css.map
[2020-04-19 20:34:18.169] [WARN] access - GET /frontend
[2020-04-19 20:34:18.187] [WARN] access - GET /themes/default/assets/css/bootstrap.min.css
[2020-04-19 20:34:18.196] [WARN] access - GET /themes/default/assets/js/jquery-2.2.1.min.js
[2020-04-19 20:34:18.198] [WARN] access - GET /themes/default/assets/css/main.css
[2020-04-19 20:34:18.199] [WARN] access - GET /themes/default/assets/js/bootstrap.min.js
[2020-04-19 20:34:18.199] [WARN] access - GET /media/202004/5e9afea2a03d396bf9432724/301586082973_.pic.jpg
[2020-04-19 20:34:18.199] [WARN] access - GET /themes/default/assets/img/logo.png
[2020-04-19 20:34:18.214] [WARN] access - GET /media/202004/5e9afdeca03d396bf943271e/301586082973_.pic.jpg
[2020-04-19 20:34:18.214] [WARN] access - GET /media/202004/5e9afe73a03d396bf9432722/301586082973_.pic.jpg
[2020-04-19 20:34:18.215] [WARN] access - GET /media/202004/5e9afe4ea03d396bf9432720/301586082973_.pic.jpg
[2020-04-19 20:34:18.215] [WARN] access - GET /media/202004/5e9af929e897746894879502/301586082973_.pic_thumb.jpg
[2020-04-19 20:34:18.245] [WARN] access - GET /themes/default/assets/css/bootstrap.min.css.map
[2020-04-19 20:34:18.936] [INFO] access - GET /css
[2020-04-19 20:34:18.954] [WARN] access - GET /themes/default/assets/css/bootstrap.min.css
[2020-04-19 20:34:18.956] [WARN] access - GET /themes/default/assets/css/main.css
[2020-04-19 20:34:18.957] [WARN] access - GET /media/202004/5e9afa17e897746894879505/301586082973_.pic.jpg
[2020-04-19 20:34:18.957] [WARN] access - GET /themes/default/assets/js/bootstrap.min.js
[2020-04-19 20:34:18.958] [WARN] access - GET /themes/default/assets/js/jquery-2.2.1.min.js
[2020-04-19 20:34:18.958] [WARN] access - GET /themes/default/assets/img/logo.png
[2020-04-19 20:34:19.007] [WARN] access - GET /themes/default/assets/css/bootstrap.min.css.map
[2020-04-19 20:34:19.624] [WARN] access - GET /
[2020-04-19 20:34:19.650] [WARN] access - GET /themes/default/assets/img/logo.png
[2020-04-19 20:34:19.650] [WARN] access - GET /themes/default/assets/css/bootstrap.min.css
[2020-04-19 20:34:19.651] [WARN] access - GET /media/202004/5e9c38bd0518b1771b0be7a9/13.jpg
[2020-04-19 20:34:19.651] [WARN] access - GET /themes/default/assets/css/main.css
[2020-04-19 20:34:19.651] [WARN] access - GET /themes/default/assets/js/jquery-2.2.1.min.js
[2020-04-19 20:34:19.652] [WARN] access - GET /themes/default/assets/js/bootstrap.min.js
[2020-04-19 20:34:19.710] [WARN] access - GET /themes/default/assets/css/bootstrap.min.css.map
[2020-04-19 20:34:56.390] [WARN] access - GET /frontend
[2020-04-19 20:34:56.408] [WARN] access - GET /themes/default/assets/css/bootstrap.min.css
[2020-04-19 20:34:56.413] [WARN] access - GET /themes/default/assets/css/main.css
[2020-04-19 20:34:56.415] [WARN] access - GET /themes/default/assets/js/jquery-2.2.1.min.js
[2020-04-19 20:34:56.416] [WARN] access - GET /themes/default/assets/js/bootstrap.min.js
[2020-04-19 20:34:56.416] [WARN] access - GET /media/202004/5e9afea2a03d396bf9432724/301586082973_.pic.jpg
[2020-04-19 20:34:56.417] [WARN] access - GET /themes/default/assets/img/logo.png
[2020-04-19 20:34:56.428] [WARN] access - GET /media/202004/5e9afe4ea03d396bf9432720/301586082973_.pic.jpg
[2020-04-19 20:34:56.428] [WARN] access - GET /media/202004/5e9afdeca03d396bf943271e/301586082973_.pic.jpg
[2020-04-19 20:34:56.429] [WARN] access - GET /media/202004/5e9afe73a03d396bf9432722/301586082973_.pic.jpg
[2020-04-19 20:34:56.429] [WARN] access - GET /media/202004/5e9af929e897746894879502/301586082973_.pic_thumb.jpg
[2020-04-19 20:34:57.614] [WARN] access - GET /css
[2020-04-19 20:34:57.632] [WARN] access - GET /themes/default/assets/css/bootstrap.min.css
[2020-04-19 20:34:57.637] [WARN] access - GET /themes/default/assets/css/main.css
[2020-04-19 20:34:57.638] [WARN] access - GET /themes/default/assets/js/jquery-2.2.1.min.js
[2020-04-19 20:34:57.639] [WARN] access - GET /themes/default/assets/js/bootstrap.min.js
[2020-04-19 20:34:57.639] [WARN] access - GET /themes/default/assets/img/logo.png
[2020-04-19 20:34:57.640] [WARN] access - GET /media/202004/5e9afa17e897746894879505/301586082973_.pic.jpg
[2020-04-19 20:34:58.236] [WARN] access - GET /about
[2020-04-19 20:34:58.254] [WARN] access - GET /themes/default/assets/css/bootstrap.min.css
[2020-04-19 20:34:58.259] [WARN] access - GET /themes/default/assets/css/main.css
[2020-04-19 20:34:58.259] [WARN] access - GET /themes/default/assets/js/bootstrap.min.js
[2020-04-19 20:34:58.260] [WARN] access - GET /themes/default/assets/js/jquery-2.2.1.min.js
[2020-04-19 20:34:58.260] [WARN] access - GET /themes/default/assets/img/logo.png
[2020-04-19 20:35:01.031] [WARN] access - GET /frontend
[2020-04-19 20:35:01.053] [WARN] access - GET /themes/default/assets/css/bootstrap.min.css
[2020-04-19 20:35:01.060] [WARN] access - GET /themes/default/assets/js/jquery-2.2.1.min.js
[2020-04-19 20:35:01.061] [WARN] access - GET /themes/default/assets/css/main.css
[2020-04-19 20:35:01.061] [WARN] access - GET /themes/default/assets/js/bootstrap.min.js
[2020-04-19 20:35:01.062] [WARN] access - GET /media/202004/5e9afea2a03d396bf9432724/301586082973_.pic.jpg
[2020-04-19 20:35:01.063] [WARN] access - GET /themes/default/assets/img/logo.png
[2020-04-19 20:35:01.072] [WARN] access - GET /media/202004/5e9afe73a03d396bf9432722/301586082973_.pic.jpg
[2020-04-19 20:35:01.076] [WARN] access - GET /media/202004/5e9afe4ea03d396bf9432720/301586082973_.pic.jpg
[2020-04-19 20:35:01.076] [WARN] access - GET /media/202004/5e9af929e897746894879502/301586082973_.pic_thumb.jpg
[2020-04-19 20:35:02.109] [WARN] access - GET /media/202004/5e9afdeca03d396bf943271e/301586082973_.pic.jpg
[2020-04-19 20:35:03.680] [WARN] access - GET /css
[2020-04-19 20:35:03.696] [WARN] access - GET /themes/default/assets/css/bootstrap.min.css
[2020-04-19 20:35:03.702] [WARN] access - GET /themes/default/assets/css/main.css
[2020-04-19 20:35:03.703] [WARN] access - GET /themes/default/assets/js/jquery-2.2.1.min.js
[2020-04-19 20:35:03.703] [WARN] access - GET /themes/default/assets/img/logo.png
[2020-04-19 20:35:03.704] [WARN] access - GET /themes/default/assets/js/bootstrap.min.js
[2020-04-19 20:35:03.704] [WARN] access - GET /media/202004/5e9afa17e897746894879505/301586082973_.pic.jpg
[2020-04-19 20:35:07.164] [WARN] access - GET /themes/default/assets/css/bootstrap.min.css
[2020-04-19 20:35:07.171] [WARN] access - GET /themes/default/assets/css/main.css
[2020-04-19 20:35:07.227] [WARN] access - GET /themes/default/assets/css/bootstrap.min.css.map
[2020-04-19 20:35:09.583] [WARN] access - GET /css
[2020-04-19 20:35:09.602] [WARN] access - GET /themes/default/assets/css/bootstrap.min.css
[2020-04-19 20:35:09.609] [WARN] access - GET /themes/default/assets/css/main.css
[2020-04-19 20:35:09.610] [WARN] access - GET /themes/default/assets/js/jquery-2.2.1.min.js
[2020-04-19 20:35:09.610] [WARN] access - GET /themes/default/assets/js/bootstrap.min.js
[2020-04-19 20:35:09.611] [WARN] access - GET /themes/default/assets/img/logo.png
[2020-04-19 20:35:09.611] [WARN] access - GET /media/202004/5e9afa17e897746894879505/301586082973_.pic.jpg
[2020-04-19 20:35:09.671] [WARN] access - GET /themes/default/assets/css/bootstrap.min.css.map
[2020-04-19 20:35:12.505] [INFO] access - GET /css/zhu-ni-xie-chu-you-xiu-de-qian-duan-dai-ma
[2020-04-19 20:35:12.523] [WARN] access - GET /themes/default/assets/css/bootstrap.min.css
[2020-04-19 20:35:12.526] [WARN] access - GET /themes/default/assets/css/main.css
[2020-04-19 20:35:12.527] [WARN] access - GET /themes/default/assets/js/jquery-2.2.1.min.js
[2020-04-19 20:35:12.527] [WARN] access - GET /themes/default/assets/js/bootstrap.min.js
[2020-04-19 20:35:12.527] [WARN] access - GET /themes/default/assets/img/logo.png
[2020-04-19 20:35:16.420] [WARN] access - GET /themes/default/assets/css/bootstrap.min.css
[2020-04-19 20:35:16.421] [WARN] access - GET /themes/default/assets/css/main.css
[2020-04-19 20:35:16.478] [WARN] access - GET /themes/default/assets/css/bootstrap.min.css.map
