[2020-05-01 21:24:51.891] [INFO] access - GET /
[2020-05-01 21:24:51.947] [INFO] access - GET /assets/admin/vendor/custom-bootstrap-3.3.5/css/bootstrap.min.css
[2020-05-01 21:24:51.949] [INFO] access - GET /assets/admin/images/logo.png
[2020-05-01 21:24:51.950] [INFO] access - GET /assets/admin/main.css
[2020-05-01 21:24:57.583] [INFO] access - GET /admin
[2020-05-01 21:24:57.609] [WARN] access - GET /assets/admin/main.css
[2020-05-01 21:24:57.610] [INFO] access - GET /assets/admin/vendor.css
[2020-05-01 21:24:57.618] [INFO] access - GET /assets/admin/main.js
[2020-05-01 21:24:57.621] [INFO] access - GET /assets/admin/views.js
[2020-05-01 21:24:57.645] [INFO] access - GET /assets/admin/vendor.js
[2020-05-01 21:24:57.710] [WARN] access - GET /assets/admin/images/logo.png
[2020-05-01 21:24:57.731] [ERROR] access - GET /api/dashboard
[2020-05-01 21:24:57.749] [ERROR] access - PUT /api/statistics
[2020-05-01 21:24:57.750] [ERROR] access - GET /api/account
[2020-05-01 21:24:57.751] [ERROR] access - GET /api/categories
[2020-05-01 21:24:57.752] [ERROR] access - GET /api/account
[2020-05-01 21:24:57.837] [INFO] access - GET /assets/admin/fonts/fontawesome-webfont.woff2?v=4.6.1
[2020-05-01 21:24:57.841] [INFO] access - GET /api/install
[2020-05-01 21:24:57.848] [WARN] access - GET /api/install
[2020-05-01 21:24:57.850] [WARN] access - GET /api/install
[2020-05-01 21:24:57.853] [WARN] access - GET /api/install
[2020-05-01 21:24:57.856] [WARN] access - GET /api/install
[2020-05-01 21:24:57.859] [WARN] access - GET /api/install
[2020-05-01 21:24:57.878] [WARN] access - GET /api/install
[2020-05-01 21:24:57.880] [WARN] access - GET /api/install
[2020-05-01 21:24:57.883] [WARN] access - GET /api/install
[2020-05-01 21:24:57.885] [WARN] access - GET /api/install
[2020-05-01 21:24:57.912] [INFO] access - GET /api/install/themes
[2020-05-01 21:40:26.032] [INFO] access - GET /admin/install
[2020-05-01 21:40:26.055] [WARN] access - GET /assets/admin/vendor.css
[2020-05-01 21:40:26.056] [WARN] access - GET /assets/admin/main.css
[2020-05-01 21:40:26.058] [WARN] access - GET /assets/admin/vendor.js
[2020-05-01 21:40:26.059] [WARN] access - GET /assets/admin/main.js
[2020-05-01 21:40:26.060] [WARN] access - GET /assets/admin/views.js
[2020-05-01 21:40:26.141] [WARN] access - GET /api/install
[2020-05-01 21:40:26.158] [WARN] access - GET /assets/admin/images/logo.png
[2020-05-01 21:40:26.184] [WARN] access - GET /api/install/themes
[2020-05-01 21:40:33.204] [INFO] access - PUT /api/install/test-database
[2020-05-01 21:41:34.308] [WARN] access - GET /assets/admin/vendor.css
[2020-05-01 21:41:34.309] [WARN] access - GET /assets/admin/main.css
