[2020-04-18 23:38:24.360] [WARN] access - GET /frontend
[2020-04-18 23:38:24.442] [WARN] access - GET /themes/default/assets/css/bootstrap.min.css
[2020-04-18 23:38:24.444] [WARN] access - GET /themes/default/assets/css/main.css
[2020-04-18 23:38:24.445] [WARN] access - GET /themes/default/assets/img/logo.png
[2020-04-18 23:38:24.446] [WARN] access - GET /themes/default/assets/js/bootstrap.min.js
[2020-04-18 23:38:24.446] [WARN] access - GET /media/202004/5e9afea2a03d396bf9432724/301586082973_.pic.jpg
[2020-04-18 23:38:24.447] [WARN] access - GET /themes/default/assets/js/jquery-2.2.1.min.js
[2020-04-18 23:38:24.454] [WARN] access - GET /media/202004/5e9afe73a03d396bf9432722/301586082973_.pic.jpg
[2020-04-18 23:38:24.455] [WARN] access - GET /media/202004/5e9afe4ea03d396bf9432720/301586082973_.pic.jpg
[2020-04-18 23:38:24.469] [WARN] access - GET /media/202004/5e9afdeca03d396bf943271e/301586082973_.pic.jpg
[2020-04-18 23:38:24.469] [WARN] access - GET /media/202004/5e9af929e897746894879502/301586082973_.pic_thumb.jpg
[2020-04-18 23:38:25.475] [WARN] access - GET /css
[2020-04-18 23:38:25.492] [WARN] access - GET /themes/default/assets/css/bootstrap.min.css
[2020-04-18 23:38:25.501] [WARN] access - GET /themes/default/assets/js/bootstrap.min.js
[2020-04-18 23:38:25.501] [WARN] access - GET /themes/default/assets/css/main.css
[2020-04-18 23:38:25.502] [WARN] access - GET /themes/default/assets/img/logo.png
[2020-04-18 23:38:25.506] [WARN] access - GET /themes/default/assets/js/jquery-2.2.1.min.js
[2020-04-18 23:38:25.506] [WARN] access - GET /media/202004/5e9afa17e897746894879505/301586082973_.pic.jpg
[2020-04-18 23:38:26.455] [WARN] access - GET /frontend
[2020-04-18 23:38:26.480] [WARN] access - GET /themes/default/assets/js/jquery-2.2.1.min.js
[2020-04-18 23:38:26.480] [WARN] access - GET /themes/default/assets/js/bootstrap.min.js
[2020-04-18 23:38:26.481] [WARN] access - GET /themes/default/assets/css/bootstrap.min.css
[2020-04-18 23:38:26.481] [WARN] access - GET /themes/default/assets/css/main.css
[2020-04-18 23:38:26.481] [WARN] access - GET /media/202004/5e9afea2a03d396bf9432724/301586082973_.pic.jpg
[2020-04-18 23:38:26.481] [WARN] access - GET /themes/default/assets/img/logo.png
[2020-04-18 23:38:26.489] [WARN] access - GET /media/202004/5e9afe73a03d396bf9432722/301586082973_.pic.jpg
[2020-04-18 23:38:26.489] [WARN] access - GET /media/202004/5e9afe4ea03d396bf9432720/301586082973_.pic.jpg
[2020-04-18 23:38:26.493] [WARN] access - GET /media/202004/5e9afdeca03d396bf943271e/301586082973_.pic.jpg
[2020-04-18 23:38:26.494] [WARN] access - GET /media/202004/5e9af929e897746894879502/301586082973_.pic_thumb.jpg
[2020-04-18 23:38:27.877] [WARN] access - GET /css
[2020-04-18 23:38:27.899] [WARN] access - GET /themes/default/assets/css/bootstrap.min.css
[2020-04-18 23:38:27.906] [WARN] access - GET /themes/default/assets/img/logo.png
[2020-04-18 23:38:27.907] [WARN] access - GET /themes/default/assets/css/main.css
[2020-04-18 23:38:27.908] [WARN] access - GET /themes/default/assets/js/jquery-2.2.1.min.js
[2020-04-18 23:38:27.908] [WARN] access - GET /themes/default/assets/js/bootstrap.min.js
[2020-04-18 23:38:27.909] [WARN] access - GET /media/202004/5e9afa17e897746894879505/301586082973_.pic.jpg
[2020-04-18 23:38:29.169] [WARN] access - GET /frontend
[2020-04-18 23:38:29.185] [WARN] access - GET /themes/default/assets/css/bootstrap.min.css
[2020-04-18 23:38:29.191] [WARN] access - GET /themes/default/assets/css/main.css
[2020-04-18 23:38:29.192] [WARN] access - GET /themes/default/assets/js/jquery-2.2.1.min.js
[2020-04-18 23:38:29.192] [WARN] access - GET /themes/default/assets/img/logo.png
[2020-04-18 23:38:29.192] [WARN] access - GET /themes/default/assets/js/bootstrap.min.js
[2020-04-18 23:38:29.193] [WARN] access - GET /media/202004/5e9afea2a03d396bf9432724/301586082973_.pic.jpg
[2020-04-18 23:38:29.200] [WARN] access - GET /media/202004/5e9afe73a03d396bf9432722/301586082973_.pic.jpg
[2020-04-18 23:38:29.204] [WARN] access - GET /media/202004/5e9afe4ea03d396bf9432720/301586082973_.pic.jpg
[2020-04-18 23:38:29.205] [WARN] access - GET /media/202004/5e9afdeca03d396bf943271e/301586082973_.pic.jpg
[2020-04-18 23:38:29.205] [WARN] access - GET /media/202004/5e9af929e897746894879502/301586082973_.pic_thumb.jpg
[2020-04-18 23:38:49.214] [INFO] access - GET /api/categories/5e9af8b7e897746894879500
[2020-04-18 23:38:49.216] [WARN] access - GET /api/models?type=content
[2020-04-18 23:38:49.216] [WARN] access - GET /api/views
[2020-04-18 23:39:02.192] [INFO] access - PUT /api/categories/5e9af8b7e897746894879500
[2020-04-18 23:39:02.207] [INFO] access - GET /api/categories
[2020-04-18 23:39:02.215] [WARN] access - GET /api/categories
[2020-04-18 23:39:04.629] [WARN] access - GET /api/models?type=content
[2020-04-18 23:39:04.630] [WARN] access - GET /api/views
[2020-04-18 23:39:04.631] [WARN] access - GET /api/categories/5e9af9dae897746894879504
[2020-04-18 23:39:16.296] [INFO] access - PUT /api/categories/5e9af9dae897746894879504
[2020-04-18 23:39:16.309] [INFO] access - GET /api/categories
[2020-04-18 23:39:16.318] [WARN] access - GET /api/categories
[2020-04-18 23:39:19.723] [INFO] access - GET /frontend
[2020-04-18 23:39:19.752] [WARN] access - GET /themes/default/assets/css/bootstrap.min.css
[2020-04-18 23:39:19.763] [WARN] access - GET /themes/default/assets/css/main.css
[2020-04-18 23:39:19.764] [WARN] access - GET /themes/default/assets/js/jquery-2.2.1.min.js
[2020-04-18 23:39:19.765] [WARN] access - GET /media/202004/5e9afea2a03d396bf9432724/301586082973_.pic.jpg
[2020-04-18 23:39:19.766] [WARN] access - GET /themes/default/assets/img/logo.png
[2020-04-18 23:39:19.766] [WARN] access - GET /themes/default/assets/js/bootstrap.min.js
[2020-04-18 23:39:19.788] [WARN] access - GET /media/202004/5e9afe73a03d396bf9432722/301586082973_.pic.jpg
[2020-04-18 23:39:19.789] [WARN] access - GET /media/202004/5e9afe4ea03d396bf9432720/301586082973_.pic.jpg
[2020-04-18 23:39:19.794] [WARN] access - GET /media/202004/5e9afdeca03d396bf943271e/301586082973_.pic.jpg
[2020-04-18 23:39:19.795] [WARN] access - GET /media/202004/5e9af929e897746894879502/301586082973_.pic_thumb.jpg
[2020-04-18 23:39:19.881] [INFO] access - GET /themes/default/assets/css/bootstrap.min.css.map
[2020-04-18 23:39:21.310] [INFO] access - GET /css
[2020-04-18 23:39:21.327] [WARN] access - GET /themes/default/assets/css/bootstrap.min.css
[2020-04-18 23:39:21.336] [WARN] access - GET /themes/default/assets/css/main.css
[2020-04-18 23:39:21.337] [WARN] access - GET /themes/default/assets/js/bootstrap.min.js
[2020-04-18 23:39:21.338] [WARN] access - GET /themes/default/assets/js/jquery-2.2.1.min.js
[2020-04-18 23:39:21.339] [WARN] access - GET /themes/default/assets/img/logo.png
[2020-04-18 23:39:21.339] [WARN] access - GET /media/202004/5e9afa17e897746894879505/301586082973_.pic.jpg
[2020-04-18 23:39:21.391] [WARN] access - GET /themes/default/assets/css/bootstrap.min.css.map
[2020-04-18 23:39:23.567] [INFO] access - GET /css/zhu-ni-xie-chu-you-xiu-de-qian-duan-dai-ma
[2020-04-18 23:39:23.586] [WARN] access - GET /themes/default/assets/css/bootstrap.min.css
[2020-04-18 23:39:23.592] [WARN] access - GET /themes/default/assets/css/main.css
[2020-04-18 23:39:23.593] [WARN] access - GET /themes/default/assets/js/jquery-2.2.1.min.js
[2020-04-18 23:39:23.593] [WARN] access - GET /themes/default/assets/js/bootstrap.min.js
[2020-04-18 23:39:23.594] [WARN] access - GET /themes/default/assets/img/logo.png
[2020-04-18 23:39:32.381] [INFO] access - GET /api/pages/5e9af966e897746894879503?markdown=true
[2020-04-18 23:39:32.386] [INFO] access - GET /api/media?currentPage=1&pageSize=9
[2020-04-18 23:40:17.224] [INFO] access - PUT /api/pages/5e9af966e897746894879503
[2020-04-18 23:40:17.247] [WARN] access - GET /api/media?currentPage=1&pageSize=9
[2020-04-18 23:40:17.250] [INFO] access - GET /api/pages/5e9af966e897746894879503?markdown=true
[2020-04-18 23:40:22.274] [INFO] access - GET /css
[2020-04-18 23:40:22.297] [WARN] access - GET /themes/default/assets/css/bootstrap.min.css
[2020-04-18 23:40:22.303] [WARN] access - GET /themes/default/assets/css/main.css
[2020-04-18 23:40:22.306] [WARN] access - GET /themes/default/assets/js/bootstrap.min.js
[2020-04-18 23:40:22.308] [WARN] access - GET /themes/default/assets/js/jquery-2.2.1.min.js
[2020-04-18 23:40:22.316] [WARN] access - GET /themes/default/assets/img/logo.png
[2020-04-18 23:40:22.318] [WARN] access - GET /media/202004/5e9afa17e897746894879505/301586082973_.pic.jpg
[2020-04-18 23:40:22.372] [WARN] access - GET /themes/default/assets/css/bootstrap.min.css.map
[2020-04-18 23:40:23.471] [INFO] access - GET /about
[2020-04-18 23:40:23.488] [WARN] access - GET /themes/default/assets/css/bootstrap.min.css
[2020-04-18 23:40:23.495] [WARN] access - GET /themes/default/assets/js/jquery-2.2.1.min.js
[2020-04-18 23:40:23.496] [WARN] access - GET /themes/default/assets/css/main.css
[2020-04-18 23:40:23.497] [WARN] access - GET /themes/default/assets/js/bootstrap.min.js
[2020-04-18 23:40:23.498] [WARN] access - GET /themes/default/assets/img/logo.png
[2020-04-18 23:40:23.542] [WARN] access - GET /themes/default/assets/css/bootstrap.min.css.map
[2020-04-18 23:40:52.839] [INFO] access - GET /api/categories
[2020-04-18 23:40:54.544] [INFO] access - GET /api/categories/5e9af966e897746894879503
[2020-04-18 23:40:54.545] [WARN] access - GET /api/models?type=content
[2020-04-18 23:40:54.546] [WARN] access - GET /api/views
[2020-04-18 23:41:06.296] [WARN] access - GET /api/pages/5e9af966e897746894879503?markdown=true
[2020-04-18 23:41:06.296] [WARN] access - GET /api/media?currentPage=1&pageSize=9
[2020-04-18 23:41:33.015] [WARN] access - GET /about
[2020-04-18 23:41:33.035] [WARN] access - GET /themes/default/assets/css/bootstrap.min.css
[2020-04-18 23:41:33.044] [WARN] access - GET /themes/default/assets/css/main.css
[2020-04-18 23:41:33.045] [WARN] access - GET /themes/default/assets/js/jquery-2.2.1.min.js
[2020-04-18 23:41:33.046] [WARN] access - GET /themes/default/assets/js/bootstrap.min.js
[2020-04-18 23:41:33.047] [WARN] access - GET /themes/default/assets/img/logo.png
[2020-04-18 23:41:33.123] [WARN] access - GET /themes/default/assets/css/bootstrap.min.css.map
[2020-04-18 23:41:34.285] [INFO] access - GET /
[2020-04-18 23:41:34.306] [WARN] access - GET /themes/default/assets/css/bootstrap.min.css
[2020-04-18 23:41:34.314] [WARN] access - GET /themes/default/assets/js/bootstrap.min.js
[2020-04-18 23:41:34.315] [WARN] access - GET /themes/default/assets/js/jquery-2.2.1.min.js
[2020-04-18 23:41:34.316] [WARN] access - GET /themes/default/assets/css/main.css
[2020-04-18 23:41:34.317] [WARN] access - GET /themes/default/assets/img/logo.png
[2020-04-18 23:41:34.393] [WARN] access - GET /themes/default/assets/css/bootstrap.min.css.map
[2020-04-18 23:41:39.263] [WARN] access - GET /frontend
[2020-04-18 23:41:39.286] [WARN] access - GET /themes/default/assets/css/bootstrap.min.css
[2020-04-18 23:41:39.297] [WARN] access - GET /themes/default/assets/css/main.css
[2020-04-18 23:41:39.298] [WARN] access - GET /themes/default/assets/js/jquery-2.2.1.min.js
[2020-04-18 23:41:39.299] [WARN] access - GET /themes/default/assets/js/bootstrap.min.js
[2020-04-18 23:41:39.299] [WARN] access - GET /themes/default/assets/img/logo.png
[2020-04-18 23:41:39.306] [WARN] access - GET /media/202004/5e9afea2a03d396bf9432724/301586082973_.pic.jpg
[2020-04-18 23:41:39.316] [WARN] access - GET /media/202004/5e9afe73a03d396bf9432722/301586082973_.pic.jpg
[2020-04-18 23:41:39.322] [WARN] access - GET /media/202004/5e9afdeca03d396bf943271e/301586082973_.pic.jpg
[2020-04-18 23:41:39.323] [WARN] access - GET /media/202004/5e9afe4ea03d396bf9432720/301586082973_.pic.jpg
[2020-04-18 23:41:39.324] [WARN] access - GET /media/202004/5e9af929e897746894879502/301586082973_.pic_thumb.jpg
[2020-04-18 23:41:39.355] [WARN] access - GET /themes/default/assets/css/bootstrap.min.css.map
[2020-04-18 23:41:52.638] [WARN] access - GET /frontend
[2020-04-18 23:41:52.659] [WARN] access - GET /themes/default/assets/css/bootstrap.min.css
[2020-04-18 23:41:52.673] [WARN] access - GET /themes/default/assets/js/bootstrap.min.js
[2020-04-18 23:41:52.677] [WARN] access - GET /themes/default/assets/css/main.css
[2020-04-18 23:41:52.681] [WARN] access - GET /media/202004/5e9afea2a03d396bf9432724/301586082973_.pic.jpg
[2020-04-18 23:41:52.682] [WARN] access - GET /themes/default/assets/js/jquery-2.2.1.min.js
[2020-04-18 23:41:52.686] [WARN] access - GET /themes/default/assets/img/logo.png
[2020-04-18 23:41:52.693] [WARN] access - GET /media/202004/5e9afe73a03d396bf9432722/301586082973_.pic.jpg
[2020-04-18 23:41:52.702] [WARN] access - GET /media/202004/5e9afdeca03d396bf943271e/301586082973_.pic.jpg
[2020-04-18 23:41:52.703] [WARN] access - GET /media/202004/5e9af929e897746894879502/301586082973_.pic_thumb.jpg
[2020-04-18 23:41:52.747] [WARN] access - GET /media/202004/5e9afe4ea03d396bf9432720/301586082973_.pic.jpg
[2020-04-18 23:41:52.774] [WARN] access - GET /themes/default/assets/css/bootstrap.min.css.map
[2020-04-18 23:41:54.589] [WARN] access - GET /
[2020-04-18 23:41:54.609] [WARN] access - GET /themes/default/assets/css/bootstrap.min.css
[2020-04-18 23:41:54.611] [WARN] access - GET /themes/default/assets/css/main.css
[2020-04-18 23:41:54.612] [WARN] access - GET /themes/default/assets/img/logo.png
[2020-04-18 23:41:54.613] [WARN] access - GET /themes/default/assets/js/bootstrap.min.js
[2020-04-18 23:41:54.614] [WARN] access - GET /themes/default/assets/js/jquery-2.2.1.min.js
[2020-04-18 23:41:54.664] [WARN] access - GET /themes/default/assets/css/bootstrap.min.css.map
[2020-04-18 23:41:56.147] [INFO] access - GET /frontend/chang-yong-de-9-ge-javascript-fang-fa
[2020-04-18 23:41:56.168] [WARN] access - GET /themes/default/assets/css/bootstrap.min.css
[2020-04-18 23:41:56.175] [WARN] access - GET /themes/default/assets/img/logo.png
[2020-04-18 23:41:56.176] [WARN] access - GET /themes/default/assets/js/jquery-2.2.1.min.js
[2020-04-18 23:41:56.177] [WARN] access - GET /themes/default/assets/css/main.css
[2020-04-18 23:41:56.177] [WARN] access - GET /themes/default/assets/js/bootstrap.min.js
[2020-04-18 23:41:56.229] [WARN] access - GET /themes/default/assets/css/bootstrap.min.css.map
[2020-04-18 23:42:05.817] [INFO] access - GET /frontend
[2020-04-18 23:42:05.834] [WARN] access - GET /themes/default/assets/css/bootstrap.min.css
[2020-04-18 23:42:05.843] [WARN] access - GET /themes/default/assets/js/jquery-2.2.1.min.js
[2020-04-18 23:42:05.843] [WARN] access - GET /themes/default/assets/css/main.css
[2020-04-18 23:42:05.843] [WARN] access - GET /themes/default/assets/js/bootstrap.min.js
[2020-04-18 23:42:05.846] [WARN] access - GET /themes/default/assets/img/logo.png
[2020-04-18 23:42:05.847] [WARN] access - GET /media/202004/5e9afea2a03d396bf9432724/301586082973_.pic.jpg
[2020-04-18 23:42:05.865] [WARN] access - GET /media/202004/5e9afe73a03d396bf9432722/301586082973_.pic.jpg
[2020-04-18 23:42:05.865] [WARN] access - GET /media/202004/5e9afe4ea03d396bf9432720/301586082973_.pic.jpg
[2020-04-18 23:42:05.865] [WARN] access - GET /media/202004/5e9afdeca03d396bf943271e/301586082973_.pic.jpg
[2020-04-18 23:42:11.303] [WARN] access - GET /media/202004/5e9af929e897746894879502/301586082973_.pic_thumb.jpg
[2020-04-18 23:42:11.340] [WARN] access - GET /themes/default/assets/css/bootstrap.min.css.map
[2020-04-18 23:42:11.753] [INFO] access - GET /frontend/liang-fen-zhong-gao-dong-mian-shi-chang-wen-de-bi-bao
[2020-04-18 23:42:11.771] [WARN] access - GET /themes/default/assets/css/bootstrap.min.css
[2020-04-18 23:42:11.775] [WARN] access - GET /themes/default/assets/css/main.css
[2020-04-18 23:42:11.776] [WARN] access - GET /themes/default/assets/js/jquery-2.2.1.min.js
[2020-04-18 23:42:11.777] [WARN] access - GET /themes/default/assets/js/bootstrap.min.js
[2020-04-18 23:42:11.777] [WARN] access - GET /themes/default/assets/img/logo.png
[2020-04-18 23:42:16.168] [INFO] access - GET /frontend/ju-xing-de-peng-zhuang-jian-ce
[2020-04-18 23:42:16.184] [WARN] access - GET /themes/default/assets/css/bootstrap.min.css
[2020-04-18 23:42:16.190] [WARN] access - GET /themes/default/assets/css/main.css
[2020-04-18 23:42:16.191] [WARN] access - GET /themes/default/assets/js/bootstrap.min.js
[2020-04-18 23:42:16.191] [WARN] access - GET /themes/default/assets/js/jquery-2.2.1.min.js
[2020-04-18 23:42:16.192] [WARN] access - GET /themes/default/assets/img/logo.png
[2020-04-18 23:42:34.516] [INFO] access - GET /api/categories/5e9af8b7e897746894879500
[2020-04-18 23:42:34.528] [INFO] access - GET /api/contents?_id=5e9af8b7e897746894879500&currentPage=1&deleted=false&pageSize=20
[2020-04-18 23:42:34.545] [WARN] access - GET /api/contents?_id=5e9af8b7e897746894879500&currentPage=1&deleted=false&pageSize=20
[2020-04-18 23:42:34.560] [WARN] access - GET /media/202004/5e9afea2a03d396bf9432724/301586082973_.pic.jpg
[2020-04-18 23:42:35.659] [INFO] access - GET /api/categories/5e9af9dae897746894879504
[2020-04-18 23:42:35.668] [INFO] access - GET /api/contents?_id=5e9af9dae897746894879504&currentPage=1&deleted=false&pageSize=20
[2020-04-18 23:42:35.680] [WARN] access - GET /api/contents?_id=5e9af9dae897746894879504&currentPage=1&deleted=false&pageSize=20
[2020-04-18 23:42:35.686] [WARN] access - GET /media/202004/5e9afa17e897746894879505/301586082973_.pic.jpg
[2020-04-18 23:42:37.577] [WARN] access - GET /api/contents?currentPage=1&deleted=true&pageSize=20
[2020-04-18 23:42:37.585] [WARN] access - GET /api/contents?currentPage=1&deleted=true&pageSize=20
[2020-04-18 23:42:41.552] [WARN] access - GET /api/categories/5e9af8b7e897746894879500
[2020-04-18 23:42:41.565] [WARN] access - GET /api/contents?_id=5e9af8b7e897746894879500&currentPage=1&deleted=false&pageSize=20
[2020-04-18 23:42:41.580] [WARN] access - GET /api/contents?_id=5e9af8b7e897746894879500&currentPage=1&deleted=false&pageSize=20
[2020-04-18 23:42:50.696] [WARN] access - GET /api/contents?currentPage=1&deleted=true&pageSize=20
[2020-04-18 23:42:50.704] [WARN] access - GET /api/contents?currentPage=1&deleted=true&pageSize=20
[2020-04-18 23:42:51.266] [WARN] access - GET /api/categories/5e9af9dae897746894879504
[2020-04-18 23:42:51.274] [WARN] access - GET /api/contents?_id=5e9af9dae897746894879504&currentPage=1&deleted=false&pageSize=20
[2020-04-18 23:42:51.282] [WARN] access - GET /api/contents?_id=5e9af9dae897746894879504&currentPage=1&deleted=false&pageSize=20
[2020-04-18 23:42:51.289] [WARN] access - GET /media/202004/5e9afa17e897746894879505/301586082973_.pic.jpg
[2020-04-18 23:42:52.329] [WARN] access - GET /api/features
[2020-04-18 23:42:52.329] [WARN] access - GET /api/models?type=feature
[2020-04-18 23:42:54.344] [WARN] access - GET /api/models?type=feature
[2020-04-18 23:42:54.345] [WARN] access - GET /api/features
[2020-04-18 23:43:01.487] [INFO] access - GET /api/media?currentPage=1&pageSize=20
[2020-04-18 23:43:04.018] [WARN] access - GET /api/site-info
[2020-04-18 23:43:04.930] [WARN] access - GET /api/categories
[2020-04-18 23:43:05.835] [WARN] access - GET /api/models?type=content
[2020-04-18 23:43:06.842] [WARN] access - GET /api/models?type=feature
[2020-04-18 23:43:07.598] [WARN] access - GET /api/roles
[2020-04-18 23:43:08.625] [WARN] access - GET /api/admin-users
[2020-04-18 23:43:10.638] [WARN] access - GET /api/media?currentPage=1&pageSize=20
[2020-04-18 23:43:11.949] [WARN] access - GET /api/pages/5e9af966e897746894879503?markdown=true
[2020-04-18 23:43:11.953] [WARN] access - GET /api/media?currentPage=1&pageSize=9
[2020-04-18 23:43:13.553] [WARN] access - GET /api/categories/5e9af8b7e897746894879500
[2020-04-18 23:43:13.563] [WARN] access - GET /api/contents?_id=5e9af8b7e897746894879500&currentPage=1&deleted=false&pageSize=20
[2020-04-18 23:43:13.580] [WARN] access - GET /api/contents?_id=5e9af8b7e897746894879500&currentPage=1&deleted=false&pageSize=20
[2020-04-18 23:43:14.194] [WARN] access - GET /api/categories/5e9af9dae897746894879504
[2020-04-18 23:43:14.202] [WARN] access - GET /api/contents?_id=5e9af9dae897746894879504&currentPage=1&deleted=false&pageSize=20
[2020-04-18 23:43:14.210] [WARN] access - GET /api/contents?_id=5e9af9dae897746894879504&currentPage=1&deleted=false&pageSize=20
[2020-04-18 23:43:14.217] [WARN] access - GET /media/202004/5e9afa17e897746894879505/301586082973_.pic.jpg
[2020-04-18 23:43:14.846] [WARN] access - GET /api/contents?currentPage=1&deleted=true&pageSize=20
[2020-04-18 23:43:14.854] [WARN] access - GET /api/contents?currentPage=1&deleted=true&pageSize=20
[2020-04-18 23:43:15.848] [WARN] access - GET /api/features
[2020-04-18 23:43:15.848] [WARN] access - GET /api/models?type=feature
[2020-04-18 23:43:21.729] [WARN] access - GET /api/pages/5e9af966e897746894879503?markdown=true
[2020-04-18 23:43:21.730] [WARN] access - GET /api/media?currentPage=1&pageSize=9
[2020-04-18 23:43:22.437] [WARN] access - GET /api/media?currentPage=1&pageSize=20
[2020-04-18 23:43:26.124] [WARN] access - GET /api/site-info
[2020-04-18 23:43:26.901] [WARN] access - GET /api/models?type=content
[2020-04-18 23:43:27.742] [WARN] access - GET /api/categories
[2020-04-18 23:43:28.470] [WARN] access - GET /api/models?type=content
[2020-04-18 23:44:20.093] [INFO] access - GET /admin
[2020-04-18 23:44:20.126] [INFO] access - GET /assets/admin/main.css
[2020-04-18 23:44:20.132] [INFO] access - GET /assets/admin/vendor.css
[2020-04-18 23:44:20.133] [INFO] access - GET /assets/admin/main.js
[2020-04-18 23:44:20.134] [INFO] access - GET /assets/admin/views.js
[2020-04-18 23:44:20.155] [INFO] access - GET /assets/admin/vendor.js
[2020-04-18 23:44:20.237] [INFO] access - GET /assets/admin/images/logo@2x.png
[2020-04-18 23:44:20.263] [INFO] access - PUT /api/statistics
[2020-04-18 23:44:20.280] [WARN] access - GET /api/categories
[2020-04-18 23:44:20.281] [WARN] access - GET /api/account
[2020-04-18 23:44:20.286] [INFO] access - GET /assets/admin/fonts/fontawesome-webfont.woff2?v=4.6.1
[2020-04-18 23:44:20.286] [INFO] access - GET /api/dashboard
[2020-04-18 23:44:20.289] [WARN] access - GET /api/account
[2020-04-18 23:44:21.873] [WARN] access - GET /admin
[2020-04-18 23:44:21.896] [WARN] access - GET /assets/admin/vendor.css
[2020-04-18 23:44:21.903] [WARN] access - GET /assets/admin/main.js
[2020-04-18 23:44:21.904] [WARN] access - GET /assets/admin/views.js
[2020-04-18 23:44:21.904] [WARN] access - GET /assets/admin/main.css
[2020-04-18 23:44:21.904] [WARN] access - GET /assets/admin/vendor.js
[2020-04-18 23:44:21.957] [WARN] access - GET /assets/admin/images/logo@2x.png
[2020-04-18 23:44:21.988] [INFO] access - PUT /api/statistics
[2020-04-18 23:44:22.001] [WARN] access - GET /api/dashboard
[2020-04-18 23:44:22.001] [WARN] access - GET /api/categories
[2020-04-18 23:44:22.001] [WARN] access - GET /api/account
[2020-04-18 23:44:22.006] [WARN] access - GET /api/account
[2020-04-18 23:44:30.876] [WARN] access - GET /api/models?type=feature
[2020-04-18 23:44:30.877] [WARN] access - GET /api/features
[2020-04-18 23:44:32.364] [WARN] access - GET /api/categories/5e9af8b7e897746894879500
[2020-04-18 23:44:32.373] [WARN] access - GET /api/contents?_id=5e9af8b7e897746894879500&currentPage=1&deleted=false&pageSize=20
[2020-04-18 23:44:32.394] [WARN] access - GET /api/contents?_id=5e9af8b7e897746894879500&currentPage=1&deleted=false&pageSize=20
[2020-04-18 23:44:32.414] [WARN] access - GET /media/202004/5e9afea2a03d396bf9432724/301586082973_.pic.jpg
[2020-04-18 23:44:32.416] [WARN] access - GET /media/202004/5e9afe73a03d396bf9432722/301586082973_.pic.jpg
[2020-04-18 23:44:32.416] [WARN] access - GET /media/202004/5e9afe4ea03d396bf9432720/301586082973_.pic.jpg
[2020-04-18 23:44:32.417] [WARN] access - GET /media/202004/5e9afdeca03d396bf943271e/301586082973_.pic.jpg
[2020-04-18 23:44:32.417] [WARN] access - GET /media/202004/5e9af929e897746894879502/301586082973_.pic_thumb.jpg
[2020-04-18 23:44:33.205] [WARN] access - GET /api/categories/5e9af9dae897746894879504
[2020-04-18 23:44:33.210] [WARN] access - GET /api/contents?_id=5e9af9dae897746894879504&currentPage=1&deleted=false&pageSize=20
[2020-04-18 23:44:33.227] [WARN] access - GET /api/contents?_id=5e9af9dae897746894879504&currentPage=1&deleted=false&pageSize=20
[2020-04-18 23:44:33.232] [WARN] access - GET /media/202004/5e9afa17e897746894879505/301586082973_.pic.jpg
[2020-04-18 23:44:34.583] [WARN] access - GET /api/contents?currentPage=1&deleted=true&pageSize=20
[2020-04-18 23:44:34.603] [WARN] access - GET /api/contents?currentPage=1&deleted=true&pageSize=20
[2020-04-18 23:44:36.533] [WARN] access - GET /api/media?currentPage=1&pageSize=9
[2020-04-18 23:44:36.534] [WARN] access - GET /api/pages/5e9af966e897746894879503?markdown=true
[2020-04-18 23:44:37.260] [WARN] access - GET /api/media?currentPage=1&pageSize=20
[2020-04-18 23:44:40.069] [WARN] access - GET /api/site-info
[2020-04-18 23:44:41.794] [WARN] access - GET /api/categories
[2020-04-18 23:44:42.735] [WARN] access - GET /api/models?type=content
[2020-04-18 23:44:43.596] [WARN] access - GET /api/models?type=feature
[2020-04-18 23:44:44.480] [WARN] access - GET /api/roles
[2020-04-18 23:44:45.273] [WARN] access - GET /api/admin-users
[2020-04-18 23:44:46.105] [WARN] access - GET /api/roles
[2020-04-18 23:44:49.572] [WARN] access - GET /api/models?type=feature
[2020-04-18 23:44:49.573] [WARN] access - GET /api/features
[2020-04-18 23:44:51.022] [WARN] access - GET /api/categories/5e9af8b7e897746894879500
[2020-04-18 23:44:51.030] [WARN] access - GET /api/contents?_id=5e9af8b7e897746894879500&currentPage=1&deleted=false&pageSize=20
[2020-04-18 23:44:51.045] [WARN] access - GET /api/contents?_id=5e9af8b7e897746894879500&currentPage=1&deleted=false&pageSize=20
[2020-04-18 23:44:51.067] [WARN] access - GET /media/202004/5e9afea2a03d396bf9432724/301586082973_.pic.jpg
[2020-04-18 23:44:51.073] [WARN] access - GET /media/202004/5e9afe4ea03d396bf9432720/301586082973_.pic.jpg
[2020-04-18 23:44:51.075] [WARN] access - GET /media/202004/5e9afe73a03d396bf9432722/301586082973_.pic.jpg
[2020-04-18 23:44:51.077] [WARN] access - GET /media/202004/5e9af929e897746894879502/301586082973_.pic_thumb.jpg
[2020-04-18 23:44:51.083] [WARN] access - GET /media/202004/5e9afdeca03d396bf943271e/301586082973_.pic.jpg
[2020-04-18 23:44:51.698] [WARN] access - GET /api/categories/5e9af9dae897746894879504
[2020-04-18 23:44:51.703] [WARN] access - GET /api/contents?_id=5e9af9dae897746894879504&currentPage=1&deleted=false&pageSize=20
[2020-04-18 23:44:51.718] [WARN] access - GET /api/contents?_id=5e9af9dae897746894879504&currentPage=1&deleted=false&pageSize=20
[2020-04-18 23:44:51.721] [WARN] access - GET /media/202004/5e9afa17e897746894879505/301586082973_.pic.jpg
[2020-04-18 23:44:52.357] [WARN] access - GET /api/contents?currentPage=1&deleted=true&pageSize=20
[2020-04-18 23:44:52.369] [WARN] access - GET /api/contents?currentPage=1&deleted=true&pageSize=20
[2020-04-18 23:44:57.014] [INFO] access - GET /frontend
[2020-04-18 23:44:57.035] [WARN] access - GET /themes/default/assets/css/bootstrap.min.css
[2020-04-18 23:44:57.043] [WARN] access - GET /themes/default/assets/css/main.css
[2020-04-18 23:44:57.044] [WARN] access - GET /themes/default/assets/js/jquery-2.2.1.min.js
[2020-04-18 23:44:57.045] [WARN] access - GET /themes/default/assets/js/bootstrap.min.js
[2020-04-18 23:44:57.046] [WARN] access - GET /media/202004/5e9afea2a03d396bf9432724/301586082973_.pic.jpg
[2020-04-18 23:44:57.048] [WARN] access - GET /themes/default/assets/img/logo.png
[2020-04-18 23:44:57.068] [WARN] access - GET /media/202004/5e9afe73a03d396bf9432722/301586082973_.pic.jpg
[2020-04-18 23:44:57.068] [WARN] access - GET /media/202004/5e9afe4ea03d396bf9432720/301586082973_.pic.jpg
[2020-04-18 23:44:57.069] [WARN] access - GET /media/202004/5e9af929e897746894879502/301586082973_.pic_thumb.jpg
[2020-04-18 23:44:57.069] [WARN] access - GET /media/202004/5e9afdeca03d396bf943271e/301586082973_.pic.jpg
[2020-04-18 23:44:57.120] [WARN] access - GET /themes/default/assets/css/bootstrap.min.css.map
[2020-04-18 23:44:58.039] [WARN] access - GET /frontend
[2020-04-18 23:44:58.055] [WARN] access - GET /themes/default/assets/css/bootstrap.min.css
[2020-04-18 23:44:58.062] [WARN] access - GET /themes/default/assets/css/main.css
[2020-04-18 23:44:58.062] [WARN] access - GET /themes/default/assets/js/jquery-2.2.1.min.js
[2020-04-18 23:44:58.063] [WARN] access - GET /themes/default/assets/js/bootstrap.min.js
[2020-04-18 23:44:58.064] [WARN] access - GET /themes/default/assets/img/logo.png
[2020-04-18 23:44:58.064] [WARN] access - GET /media/202004/5e9afea2a03d396bf9432724/301586082973_.pic.jpg
[2020-04-18 23:44:58.081] [WARN] access - GET /media/202004/5e9afdeca03d396bf943271e/301586082973_.pic.jpg
[2020-04-18 23:44:58.081] [WARN] access - GET /media/202004/5e9afe73a03d396bf9432722/301586082973_.pic.jpg
[2020-04-18 23:44:58.082] [WARN] access - GET /media/202004/5e9afe4ea03d396bf9432720/301586082973_.pic.jpg
[2020-04-18 23:44:58.082] [WARN] access - GET /media/202004/5e9af929e897746894879502/301586082973_.pic_thumb.jpg
[2020-04-18 23:44:58.128] [WARN] access - GET /themes/default/assets/css/bootstrap.min.css.map
[2020-04-18 23:44:59.571] [INFO] access - GET /
[2020-04-18 23:44:59.597] [WARN] access - GET /themes/default/assets/css/bootstrap.min.css
[2020-04-18 23:44:59.608] [WARN] access - GET /themes/default/assets/css/main.css
[2020-04-18 23:44:59.611] [WARN] access - GET /themes/default/assets/js/jquery-2.2.1.min.js
[2020-04-18 23:44:59.611] [WARN] access - GET /themes/default/assets/js/bootstrap.min.js
[2020-04-18 23:44:59.612] [WARN] access - GET /themes/default/assets/img/logo.png
[2020-04-18 23:44:59.678] [WARN] access - GET /themes/default/assets/css/bootstrap.min.css.map
[2020-04-18 23:45:01.566] [WARN] access - GET /frontend
[2020-04-18 23:45:01.585] [WARN] access - GET /themes/default/assets/css/bootstrap.min.css
[2020-04-18 23:45:01.594] [WARN] access - GET /themes/default/assets/js/bootstrap.min.js
[2020-04-18 23:45:01.595] [WARN] access - GET /themes/default/assets/css/main.css
[2020-04-18 23:45:01.595] [WARN] access - GET /themes/default/assets/img/logo.png
[2020-04-18 23:45:01.596] [WARN] access - GET /media/202004/5e9afea2a03d396bf9432724/301586082973_.pic.jpg
[2020-04-18 23:45:01.596] [WARN] access - GET /themes/default/assets/js/jquery-2.2.1.min.js
[2020-04-18 23:45:01.607] [WARN] access - GET /media/202004/5e9afe73a03d396bf9432722/301586082973_.pic.jpg
[2020-04-18 23:45:01.608] [WARN] access - GET /media/202004/5e9afe4ea03d396bf9432720/301586082973_.pic.jpg
[2020-04-18 23:45:01.614] [WARN] access - GET /media/202004/5e9afdeca03d396bf943271e/301586082973_.pic.jpg
[2020-04-18 23:45:01.615] [WARN] access - GET /media/202004/5e9af929e897746894879502/301586082973_.pic_thumb.jpg
[2020-04-18 23:45:01.652] [WARN] access - GET /themes/default/assets/css/bootstrap.min.css.map
