[2020-04-18 21:00:08.727] [INFO] access - GET /api/categories?path=%2Fcss
[2020-04-18 21:00:10.887] [INFO] access - POST /api/categories
[2020-04-18 21:00:10.908] [INFO] access - GET /api/categories
[2020-04-18 21:00:10.923] [WARN] access - GET /api/categories
[2020-04-18 21:00:14.959] [WARN] access - GET /api/models?type=content
[2020-04-18 21:00:14.960] [WARN] access - GET /api/views
[2020-04-18 21:00:14.962] [WARN] access - GET /api/categories/5e9af966e897746894879503
[2020-04-18 21:00:18.800] [INFO] access - PUT /api/categories/5e9af966e897746894879503
[2020-04-18 21:00:18.813] [INFO] access - GET /api/categories
[2020-04-18 21:00:18.823] [WARN] access - GET /api/categories
[2020-04-18 21:00:23.257] [INFO] access - GET /
[2020-04-18 21:00:23.281] [WARN] access - GET /themes/default/assets/css/bootstrap.min.css
[2020-04-18 21:00:23.287] [WARN] access - GET /themes/default/assets/css/main.css
[2020-04-18 21:00:23.288] [WARN] access - GET /themes/default/assets/js/jquery-2.2.1.min.js
[2020-04-18 21:00:23.295] [WARN] access - GET /themes/default/assets/js/bootstrap.min.js
[2020-04-18 21:00:23.296] [WARN] access - GET /themes/default/assets/img/logo.png
[2020-04-18 21:00:23.355] [INFO] access - GET /themes/default/assets/css/bootstrap.min.css.map
[2020-04-18 21:00:46.420] [INFO] access - GET /api/categories/5e9af8b7e897746894879500
[2020-04-18 21:00:46.430] [INFO] access - GET /api/contents?_id=5e9af8b7e897746894879500&currentPage=1&deleted=false&pageSize=20
[2020-04-18 21:00:46.445] [WARN] access - GET /api/contents?_id=5e9af8b7e897746894879500&currentPage=1&deleted=false&pageSize=20
[2020-04-18 21:00:47.160] [INFO] access - GET /api/categories/5e9af9dae897746894879504
[2020-04-18 21:00:47.164] [INFO] access - GET /api/contents?_id=5e9af9dae897746894879504&currentPage=1&deleted=false&pageSize=20
[2020-04-18 21:00:47.173] [WARN] access - GET /api/contents?_id=5e9af9dae897746894879504&currentPage=1&deleted=false&pageSize=20
[2020-04-18 21:00:48.542] [WARN] access - GET /api/media?currentPage=1&pageSize=9
[2020-04-18 21:01:11.398] [INFO] access - POST /api/media
[2020-04-18 21:01:22.082] [INFO] access - POST /api/contents
[2020-04-18 21:01:22.109] [WARN] access - GET /api/categories/5e9af9dae897746894879504
[2020-04-18 21:01:22.120] [INFO] access - GET /api/contents?_id=5e9af9dae897746894879504&currentPage=1&deleted=false&pageSize=20
[2020-04-18 21:01:22.138] [WARN] access - GET /api/contents?_id=5e9af9dae897746894879504&currentPage=1&deleted=false&pageSize=20
[2020-04-18 21:01:22.147] [INFO] access - GET /media/202004/5e9afa17e897746894879505/301586082973_.pic.jpg
[2020-04-18 21:01:25.792] [INFO] access - GET /
[2020-04-18 21:01:25.819] [WARN] access - GET /themes/default/assets/css/bootstrap.min.css
[2020-04-18 21:01:25.821] [WARN] access - GET /themes/default/assets/css/main.css
[2020-04-18 21:01:25.824] [WARN] access - GET /themes/default/assets/js/jquery-2.2.1.min.js
[2020-04-18 21:01:25.829] [WARN] access - GET /themes/default/assets/js/bootstrap.min.js
[2020-04-18 21:01:25.832] [WARN] access - GET /themes/default/assets/img/logo.png
[2020-04-18 21:01:25.894] [WARN] access - GET /themes/default/assets/css/bootstrap.min.css.map
[2020-04-18 21:01:29.230] [INFO] access - GET /frontend/liang-fen-zhong-gao-dong-mian-shi-chang-wen-de-bi-bao
[2020-04-18 21:01:29.264] [WARN] access - GET /themes/default/assets/css/bootstrap.min.css
[2020-04-18 21:01:29.276] [WARN] access - GET /themes/default/assets/css/main.css
[2020-04-18 21:01:29.277] [WARN] access - GET /themes/default/assets/js/jquery-2.2.1.min.js
[2020-04-18 21:01:29.277] [WARN] access - GET /themes/default/assets/js/bootstrap.min.js
[2020-04-18 21:01:29.278] [WARN] access - GET /themes/default/assets/img/logo.png
[2020-04-18 21:01:29.338] [WARN] access - GET /themes/default/assets/css/bootstrap.min.css.map
[2020-04-18 21:01:46.981] [WARN] access - GET /themes/default/assets/css/bootstrap.min.css.map
[2020-04-18 21:01:50.924] [INFO] access - GET /frontend
[2020-04-18 21:01:50.964] [WARN] access - GET /themes/default/assets/css/bootstrap.min.css
[2020-04-18 21:01:50.978] [WARN] access - GET /themes/default/assets/css/main.css
[2020-04-18 21:01:50.981] [WARN] access - GET /themes/default/assets/js/jquery-2.2.1.min.js
[2020-04-18 21:01:50.983] [WARN] access - GET /themes/default/assets/js/bootstrap.min.js
[2020-04-18 21:01:50.985] [WARN] access - GET /themes/default/assets/img/logo.png
[2020-04-18 21:01:50.986] [WARN] access - GET /media/202004/5e9af929e897746894879502/301586082973_.pic_thumb.jpg
[2020-04-18 21:01:51.052] [WARN] access - GET /themes/default/assets/css/bootstrap.min.css.map
[2020-04-18 21:01:56.645] [WARN] access - GET /themes/default/assets/css/bootstrap.min.css.map
[2020-04-18 21:01:58.882] [INFO] access - GET /css/zhu-ni-xie-chu-you-xiu-de-qian-duan-dai-ma
[2020-04-18 21:01:58.914] [WARN] access - GET /themes/default/assets/css/bootstrap.min.css
[2020-04-18 21:01:58.922] [WARN] access - GET /themes/default/assets/css/main.css
[2020-04-18 21:01:58.923] [WARN] access - GET /themes/default/assets/img/logo.png
[2020-04-18 21:01:58.924] [WARN] access - GET /themes/default/assets/js/bootstrap.min.js
[2020-04-18 21:01:58.925] [WARN] access - GET /themes/default/assets/js/jquery-2.2.1.min.js
[2020-04-18 21:01:58.982] [WARN] access - GET /themes/default/assets/css/bootstrap.min.css.map
[2020-04-18 21:02:09.426] [INFO] access - GET /about
[2020-04-18 21:02:09.447] [WARN] access - GET /themes/default/assets/css/bootstrap.min.css
[2020-04-18 21:02:09.449] [WARN] access - GET /themes/default/assets/css/main.css
[2020-04-18 21:02:09.450] [WARN] access - GET /themes/default/assets/js/jquery-2.2.1.min.js
[2020-04-18 21:02:09.456] [WARN] access - GET /themes/default/assets/js/bootstrap.min.js
[2020-04-18 21:02:09.457] [WARN] access - GET /themes/default/assets/img/logo.png
[2020-04-18 21:02:09.520] [WARN] access - GET /themes/default/assets/css/bootstrap.min.css.map
[2020-04-18 21:02:15.367] [INFO] access - GET /css
[2020-04-18 21:02:15.382] [WARN] access - GET /themes/default/assets/css/bootstrap.min.css
[2020-04-18 21:02:15.391] [WARN] access - GET /themes/default/assets/css/main.css
[2020-04-18 21:02:15.394] [WARN] access - GET /themes/default/assets/js/jquery-2.2.1.min.js
[2020-04-18 21:02:15.396] [WARN] access - GET /themes/default/assets/js/bootstrap.min.js
[2020-04-18 21:02:15.397] [WARN] access - GET /themes/default/assets/img/logo.png
[2020-04-18 21:02:15.397] [WARN] access - GET /media/202004/5e9afa17e897746894879505/301586082973_.pic.jpg
[2020-04-18 21:02:15.435] [WARN] access - GET /themes/default/assets/css/bootstrap.min.css.map
[2020-04-18 21:02:16.406] [WARN] access - GET /frontend
[2020-04-18 21:02:16.427] [WARN] access - GET /themes/default/assets/css/bootstrap.min.css
[2020-04-18 21:02:16.439] [WARN] access - GET /themes/default/assets/js/bootstrap.min.js
[2020-04-18 21:02:16.439] [WARN] access - GET /themes/default/assets/js/jquery-2.2.1.min.js
[2020-04-18 21:02:16.440] [WARN] access - GET /themes/default/assets/img/logo.png
[2020-04-18 21:02:16.440] [WARN] access - GET /themes/default/assets/css/main.css
[2020-04-18 21:02:16.441] [WARN] access - GET /media/202004/5e9af929e897746894879502/301586082973_.pic_thumb.jpg
[2020-04-18 21:02:16.495] [WARN] access - GET /themes/default/assets/css/bootstrap.min.css.map
[2020-04-18 21:02:23.211] [WARN] access - GET /css
[2020-04-18 21:02:23.230] [WARN] access - GET /themes/default/assets/css/bootstrap.min.css
[2020-04-18 21:02:23.240] [WARN] access - GET /themes/default/assets/css/main.css
[2020-04-18 21:02:23.240] [WARN] access - GET /themes/default/assets/js/jquery-2.2.1.min.js
[2020-04-18 21:02:23.243] [WARN] access - GET /themes/default/assets/js/bootstrap.min.js
[2020-04-18 21:02:23.244] [WARN] access - GET /themes/default/assets/img/logo.png
[2020-04-18 21:02:23.244] [WARN] access - GET /media/202004/5e9afa17e897746894879505/301586082973_.pic.jpg
[2020-04-18 21:02:23.288] [WARN] access - GET /themes/default/assets/css/bootstrap.min.css.map
[2020-04-18 21:02:24.043] [WARN] access - GET /frontend
[2020-04-18 21:02:24.062] [WARN] access - GET /themes/default/assets/css/bootstrap.min.css
[2020-04-18 21:02:24.074] [WARN] access - GET /themes/default/assets/js/bootstrap.min.js
[2020-04-18 21:02:24.075] [WARN] access - GET /themes/default/assets/img/logo.png
[2020-04-18 21:02:24.076] [WARN] access - GET /themes/default/assets/css/main.css
[2020-04-18 21:02:24.076] [WARN] access - GET /themes/default/assets/js/jquery-2.2.1.min.js
[2020-04-18 21:02:24.077] [WARN] access - GET /media/202004/5e9af929e897746894879502/301586082973_.pic_thumb.jpg
[2020-04-18 21:02:24.127] [WARN] access - GET /themes/default/assets/css/bootstrap.min.css.map
[2020-04-18 21:02:25.057] [WARN] access - GET /
[2020-04-18 21:02:25.074] [WARN] access - GET /themes/default/assets/css/bootstrap.min.css
[2020-04-18 21:02:25.083] [WARN] access - GET /themes/default/assets/css/main.css
[2020-04-18 21:02:25.084] [WARN] access - GET /themes/default/assets/js/jquery-2.2.1.min.js
[2020-04-18 21:02:25.084] [WARN] access - GET /themes/default/assets/js/bootstrap.min.js
[2020-04-18 21:02:25.085] [WARN] access - GET /themes/default/assets/img/logo.png
[2020-04-18 21:02:25.137] [WARN] access - GET /themes/default/assets/css/bootstrap.min.css.map
[2020-04-18 21:02:25.736] [WARN] access - GET /frontend
[2020-04-18 21:02:25.758] [WARN] access - GET /themes/default/assets/css/bootstrap.min.css
[2020-04-18 21:02:25.770] [WARN] access - GET /themes/default/assets/css/main.css
[2020-04-18 21:02:25.771] [WARN] access - GET /themes/default/assets/js/jquery-2.2.1.min.js
[2020-04-18 21:02:25.771] [WARN] access - GET /media/202004/5e9af929e897746894879502/301586082973_.pic_thumb.jpg
[2020-04-18 21:02:25.774] [WARN] access - GET /themes/default/assets/js/bootstrap.min.js
[2020-04-18 21:02:25.774] [WARN] access - GET /themes/default/assets/img/logo.png
[2020-04-18 21:02:25.832] [WARN] access - GET /themes/default/assets/css/bootstrap.min.css.map
[2020-04-18 21:02:26.505] [WARN] access - GET /
[2020-04-18 21:02:26.522] [WARN] access - GET /themes/default/assets/css/bootstrap.min.css
[2020-04-18 21:02:26.524] [WARN] access - GET /themes/default/assets/css/main.css
[2020-04-18 21:02:26.525] [WARN] access - GET /themes/default/assets/js/jquery-2.2.1.min.js
[2020-04-18 21:02:26.531] [WARN] access - GET /themes/default/assets/js/bootstrap.min.js
[2020-04-18 21:02:26.533] [WARN] access - GET /themes/default/assets/img/logo.png
[2020-04-18 21:02:26.575] [WARN] access - GET /themes/default/assets/css/bootstrap.min.css.map
[2020-04-18 21:05:31.171] [INFO] access - GET /
[2020-04-18 21:05:31.201] [WARN] access - GET /themes/default/assets/css/bootstrap.min.css
[2020-04-18 21:05:31.202] [WARN] access - GET /themes/default/assets/css/main.css
[2020-04-18 21:05:31.204] [WARN] access - GET /themes/default/assets/js/jquery-2.2.1.min.js
[2020-04-18 21:05:31.206] [WARN] access - GET /themes/default/assets/js/bootstrap.min.js
[2020-04-18 21:05:31.209] [WARN] access - GET /themes/default/assets/img/logo.png
[2020-04-18 21:05:31.296] [INFO] access - GET /themes/default/assets/css/bootstrap.min.css.map
[2020-04-18 21:05:51.534] [WARN] access - GET /api/site-info
[2020-04-18 21:06:11.967] [INFO] access - PUT /api/site-info
[2020-04-18 21:06:15.029] [INFO] access - GET /
[2020-04-18 21:06:15.047] [WARN] access - GET /themes/default/assets/css/bootstrap.min.css
[2020-04-18 21:06:15.058] [WARN] access - GET /themes/default/assets/js/jquery-2.2.1.min.js
[2020-04-18 21:06:15.059] [WARN] access - GET /themes/default/assets/img/logo.png
[2020-04-18 21:06:15.060] [WARN] access - GET /themes/default/assets/js/bootstrap.min.js
[2020-04-18 21:06:15.061] [WARN] access - GET /themes/default/assets/css/main.css
[2020-04-18 21:06:15.123] [INFO] access - GET /themes/default/assets/css/bootstrap.min.css.map
[2020-04-18 21:07:43.062] [INFO] access - GET /
[2020-04-18 21:07:43.085] [WARN] access - GET /themes/default/assets/css/main.css
[2020-04-18 21:07:43.086] [WARN] access - GET /themes/default/assets/css/bootstrap.min.css
[2020-04-18 21:07:43.087] [WARN] access - GET /themes/default/assets/js/jquery-2.2.1.min.js
[2020-04-18 21:07:43.088] [WARN] access - GET /themes/default/assets/js/bootstrap.min.js
[2020-04-18 21:07:43.089] [WARN] access - GET /themes/default/assets/img/logo.png
[2020-04-18 21:07:43.144] [INFO] access - GET /themes/default/assets/css/bootstrap.min.css.map
[2020-04-18 21:07:54.567] [INFO] access - GET /frontend
[2020-04-18 21:07:54.600] [WARN] access - GET /themes/default/assets/css/bootstrap.min.css
[2020-04-18 21:07:54.603] [WARN] access - GET /themes/default/assets/js/jquery-2.2.1.min.js
[2020-04-18 21:07:54.605] [WARN] access - GET /themes/default/assets/css/main.css
[2020-04-18 21:07:54.606] [WARN] access - GET /themes/default/assets/img/logo.png
[2020-04-18 21:07:54.607] [WARN] access - GET /themes/default/assets/js/bootstrap.min.js
[2020-04-18 21:07:54.607] [WARN] access - GET /media/202004/5e9af929e897746894879502/301586082973_.pic_thumb.jpg
[2020-04-18 21:07:54.662] [WARN] access - GET /themes/default/assets/css/bootstrap.min.css.map
[2020-04-18 21:07:57.202] [INFO] access - GET /css
[2020-04-18 21:07:57.218] [WARN] access - GET /themes/default/assets/css/bootstrap.min.css
[2020-04-18 21:07:57.232] [WARN] access - GET /themes/default/assets/css/main.css
[2020-04-18 21:07:57.233] [WARN] access - GET /themes/default/assets/js/bootstrap.min.js
[2020-04-18 21:07:57.235] [WARN] access - GET /themes/default/assets/js/jquery-2.2.1.min.js
[2020-04-18 21:07:57.236] [WARN] access - GET /media/202004/5e9afa17e897746894879505/301586082973_.pic.jpg
[2020-04-18 21:07:57.237] [WARN] access - GET /themes/default/assets/img/logo.png
[2020-04-18 21:07:57.301] [WARN] access - GET /themes/default/assets/css/bootstrap.min.css.map
[2020-04-18 21:07:59.454] [INFO] access - GET /about
[2020-04-18 21:07:59.481] [WARN] access - GET /themes/default/assets/css/bootstrap.min.css
[2020-04-18 21:07:59.489] [WARN] access - GET /themes/default/assets/js/jquery-2.2.1.min.js
[2020-04-18 21:07:59.490] [WARN] access - GET /themes/default/assets/css/main.css
[2020-04-18 21:07:59.490] [WARN] access - GET /themes/default/assets/img/logo.png
[2020-04-18 21:07:59.494] [WARN] access - GET /themes/default/assets/js/bootstrap.min.js
[2020-04-18 21:07:59.553] [WARN] access - GET /themes/default/assets/css/bootstrap.min.css.map
[2020-04-18 21:08:43.037] [INFO] access - GET /api/categories
[2020-04-18 21:08:43.736] [INFO] access - GET /api/site-info
[2020-04-18 21:08:44.510] [WARN] access - GET /api/categories
[2020-04-18 21:08:45.781] [WARN] access - GET /api/models?type=content
[2020-04-18 21:08:48.454] [WARN] access - GET /api/models?type=feature
[2020-04-18 21:08:49.253] [WARN] access - GET /api/roles
[2020-04-18 21:08:50.024] [WARN] access - GET /api/models?type=feature
[2020-04-18 21:08:51.895] [WARN] access - GET /api/models?type=content
[2020-04-18 21:08:54.265] [INFO] access - GET /api/models/5e9af85de8977468948794ff
[2020-04-18 21:09:22.258] [INFO] access - GET /api/categories/5e9af8b7e897746894879500
[2020-04-18 21:09:22.268] [INFO] access - GET /api/contents?_id=5e9af8b7e897746894879500&currentPage=1&deleted=false&pageSize=20
[2020-04-18 21:09:22.284] [WARN] access - GET /media/202004/5e9af929e897746894879502/301586082973_.pic_thumb.jpg
[2020-04-18 21:09:22.285] [WARN] access - GET /api/contents?_id=5e9af8b7e897746894879500&currentPage=1&deleted=false&pageSize=20
[2020-04-18 21:09:23.938] [INFO] access - GET /api/media?currentPage=1&pageSize=9
[2020-04-18 21:09:23.941] [INFO] access - GET /api/contents/5e9af8f2e897746894879501?markdown=true
[2020-04-18 21:12:47.087] [WARN] access - GET /frontend
[2020-04-18 21:12:47.105] [WARN] access - GET /themes/default/assets/css/bootstrap.min.css
[2020-04-18 21:12:47.106] [WARN] access - GET /themes/default/assets/css/main.css
[2020-04-18 21:12:47.115] [WARN] access - GET /themes/default/assets/js/jquery-2.2.1.min.js
[2020-04-18 21:12:47.116] [WARN] access - GET /themes/default/assets/js/bootstrap.min.js
[2020-04-18 21:12:47.117] [WARN] access - GET /themes/default/assets/img/logo.png
[2020-04-18 21:12:47.118] [WARN] access - GET /media/202004/5e9af929e897746894879502/301586082973_.pic_thumb.jpg
[2020-04-18 21:12:47.167] [WARN] access - GET /themes/default/assets/css/bootstrap.min.css.map
[2020-04-18 21:12:47.994] [INFO] access - GET /frontend/liang-fen-zhong-gao-dong-mian-shi-chang-wen-de-bi-bao
[2020-04-18 21:12:48.017] [WARN] access - GET /themes/default/assets/css/bootstrap.min.css
[2020-04-18 21:12:48.018] [WARN] access - GET /themes/default/assets/js/jquery-2.2.1.min.js
[2020-04-18 21:12:48.450] [WARN] access - GET /themes/default/assets/css/main.css
[2020-04-18 21:12:48.451] [WARN] access - GET /themes/default/assets/js/bootstrap.min.js
[2020-04-18 21:12:48.451] [WARN] access - GET /themes/default/assets/img/logo.png
[2020-04-18 21:12:48.984] [INFO] access - GET /frontend/liang-fen-zhong-gao-dong-mian-shi-chang-wen-de-bi-bao
[2020-04-18 21:12:49.002] [WARN] access - GET /themes/default/assets/css/bootstrap.min.css
[2020-04-18 21:12:49.005] [WARN] access - GET /themes/default/assets/img/logo.png
[2020-04-18 21:12:49.005] [WARN] access - GET /themes/default/assets/css/main.css
[2020-04-18 21:12:49.005] [WARN] access - GET /themes/default/assets/js/jquery-2.2.1.min.js
[2020-04-18 21:12:49.006] [WARN] access - GET /themes/default/assets/js/bootstrap.min.js
[2020-04-18 21:12:50.801] [INFO] access - GET /frontend/liang-fen-zhong-gao-dong-mian-shi-chang-wen-de-bi-bao
[2020-04-18 21:12:50.816] [WARN] access - GET /themes/default/assets/css/bootstrap.min.css
[2020-04-18 21:12:50.822] [WARN] access - GET /themes/default/assets/css/main.css
[2020-04-18 21:12:50.823] [WARN] access - GET /themes/default/assets/js/jquery-2.2.1.min.js
[2020-04-18 21:12:50.823] [WARN] access - GET /themes/default/assets/img/logo.png
[2020-04-18 21:12:50.824] [WARN] access - GET /themes/default/assets/js/bootstrap.min.js
[2020-04-18 21:12:51.654] [INFO] access - GET /frontend/liang-fen-zhong-gao-dong-mian-shi-chang-wen-de-bi-bao
[2020-04-18 21:12:51.673] [WARN] access - GET /themes/default/assets/css/bootstrap.min.css
[2020-04-18 21:12:51.676] [WARN] access - GET /themes/default/assets/js/jquery-2.2.1.min.js
[2020-04-18 21:12:51.677] [WARN] access - GET /themes/default/assets/css/main.css
[2020-04-18 21:12:51.678] [WARN] access - GET /themes/default/assets/js/bootstrap.min.js
[2020-04-18 21:12:51.679] [WARN] access - GET /themes/default/assets/img/logo.png
[2020-04-18 21:13:12.487] [INFO] access - GET /frontend/liang-fen-zhong-gao-dong-mian-shi-chang-wen-de-bi-bao
[2020-04-18 21:13:12.520] [WARN] access - GET /themes/default/assets/css/main.css
[2020-04-18 21:13:12.523] [WARN] access - GET /themes/default/assets/img/logo.png
[2020-04-18 21:13:12.523] [WARN] access - GET /themes/default/assets/css/bootstrap.min.css
[2020-04-18 21:13:12.525] [WARN] access - GET /themes/default/assets/js/jquery-2.2.1.min.js
[2020-04-18 21:13:12.526] [WARN] access - GET /themes/default/assets/js/bootstrap.min.js
[2020-04-18 21:16:03.734] [INFO] access - GET /frontend/liang-fen-zhong-gao-dong-mian-shi-chang-wen-de-bi-bao
[2020-04-18 21:16:03.757] [WARN] access - GET /themes/default/assets/css/bootstrap.min.css
[2020-04-18 21:16:03.757] [WARN] access - GET /themes/default/assets/js/jquery-2.2.1.min.js
[2020-04-18 21:16:03.760] [WARN] access - GET /themes/default/assets/js/bootstrap.min.js
[2020-04-18 21:16:03.760] [WARN] access - GET /themes/default/assets/css/main.css
[2020-04-18 21:16:03.761] [WARN] access - GET /themes/default/assets/img/logo.png
[2020-04-18 21:16:16.265] [INFO] access - GET /frontend/liang-fen-zhong-gao-dong-mian-shi-chang-wen-de-bi-bao
[2020-04-18 21:16:16.286] [WARN] access - GET /themes/default/assets/css/bootstrap.min.css
[2020-04-18 21:16:16.288] [WARN] access - GET /themes/default/assets/css/main.css
[2020-04-18 21:16:16.292] [WARN] access - GET /themes/default/assets/js/bootstrap.min.js
[2020-04-18 21:16:16.293] [WARN] access - GET /themes/default/assets/js/jquery-2.2.1.min.js
[2020-04-18 21:16:16.293] [WARN] access - GET /themes/default/assets/img/logo.png
[2020-04-18 21:16:17.875] [WARN] access - GET /css
[2020-04-18 21:16:17.900] [WARN] access - GET /themes/default/assets/css/bootstrap.min.css
[2020-04-18 21:16:17.906] [WARN] access - GET /themes/default/assets/img/logo.png
[2020-04-18 21:16:17.906] [WARN] access - GET /themes/default/assets/css/main.css
[2020-04-18 21:16:17.907] [WARN] access - GET /themes/default/assets/js/jquery-2.2.1.min.js
[2020-04-18 21:16:17.907] [WARN] access - GET /themes/default/assets/js/bootstrap.min.js
[2020-04-18 21:16:17.909] [WARN] access - GET /media/202004/5e9afa17e897746894879505/301586082973_.pic.jpg
[2020-04-18 21:16:18.638] [INFO] access - GET /frontend
[2020-04-18 21:16:18.657] [WARN] access - GET /themes/default/assets/css/bootstrap.min.css
[2020-04-18 21:16:18.661] [WARN] access - GET /themes/default/assets/css/main.css
[2020-04-18 21:16:18.662] [WARN] access - GET /themes/default/assets/js/jquery-2.2.1.min.js
[2020-04-18 21:16:19.034] [WARN] access - GET /themes/default/assets/js/bootstrap.min.js
[2020-04-18 21:16:19.035] [WARN] access - GET /themes/default/assets/img/logo.png
[2020-04-18 21:16:19.035] [WARN] access - GET /media/202004/5e9af929e897746894879502/301586082973_.pic_thumb.jpg
[2020-04-18 21:16:20.057] [WARN] access - GET /
[2020-04-18 21:16:20.074] [WARN] access - GET /themes/default/assets/css/bootstrap.min.css
[2020-04-18 21:16:20.079] [WARN] access - GET /themes/default/assets/css/main.css
[2020-04-18 21:16:20.080] [WARN] access - GET /themes/default/assets/js/bootstrap.min.js
[2020-04-18 21:16:20.080] [WARN] access - GET /themes/default/assets/js/jquery-2.2.1.min.js
[2020-04-18 21:16:20.081] [WARN] access - GET /themes/default/assets/img/logo.png
[2020-04-18 21:16:54.160] [WARN] access - GET /api/media?currentPage=1&pageSize=9
[2020-04-18 21:17:32.776] [INFO] access - POST /api/media
[2020-04-18 21:17:34.498] [INFO] access - POST /api/contents
[2020-04-18 21:17:34.527] [WARN] access - GET /api/categories/5e9af8b7e897746894879500
[2020-04-18 21:17:34.538] [INFO] access - GET /api/contents?_id=5e9af8b7e897746894879500&currentPage=1&deleted=false&pageSize=20
[2020-04-18 21:17:34.558] [WARN] access - GET /api/contents?_id=5e9af8b7e897746894879500&currentPage=1&deleted=false&pageSize=20
[2020-04-18 21:17:34.564] [INFO] access - GET /media/202004/5e9afdeca03d396bf943271e/301586082973_.pic.jpg
[2020-04-18 21:17:38.107] [INFO] access - GET /
[2020-04-18 21:17:38.129] [WARN] access - GET /themes/default/assets/css/bootstrap.min.css
[2020-04-18 21:17:38.130] [WARN] access - GET /themes/default/assets/js/bootstrap.min.js
[2020-04-18 21:17:38.131] [WARN] access - GET /themes/default/assets/js/jquery-2.2.1.min.js
[2020-04-18 21:17:38.132] [WARN] access - GET /themes/default/assets/css/main.css
[2020-04-18 21:17:38.133] [WARN] access - GET /themes/default/assets/img/logo.png
[2020-04-18 21:18:35.862] [INFO] access - GET /api/media?currentPage=1&pageSize=9
[2020-04-18 21:19:10.971] [INFO] access - POST /api/media
[2020-04-18 21:19:11.905] [INFO] access - POST /api/contents
[2020-04-18 21:19:11.928] [WARN] access - GET /api/categories/5e9af8b7e897746894879500
[2020-04-18 21:19:11.941] [INFO] access - GET /api/contents?_id=5e9af8b7e897746894879500&currentPage=1&deleted=false&pageSize=20
[2020-04-18 21:19:11.957] [WARN] access - GET /api/contents?_id=5e9af8b7e897746894879500&currentPage=1&deleted=false&pageSize=20
[2020-04-18 21:19:11.961] [INFO] access - GET /media/202004/5e9afe4ea03d396bf9432720/301586082973_.pic.jpg
[2020-04-18 21:19:24.526] [INFO] access - GET /api/media?currentPage=1&pageSize=9
[2020-04-18 21:19:47.732] [INFO] access - POST /api/media
[2020-04-18 21:19:48.612] [INFO] access - POST /api/contents
[2020-04-18 21:19:48.634] [WARN] access - GET /api/categories/5e9af8b7e897746894879500
[2020-04-18 21:19:48.652] [INFO] access - GET /api/contents?_id=5e9af8b7e897746894879500&currentPage=1&deleted=false&pageSize=20
[2020-04-18 21:19:48.670] [WARN] access - GET /api/contents?_id=5e9af8b7e897746894879500&currentPage=1&deleted=false&pageSize=20
[2020-04-18 21:19:48.678] [INFO] access - GET /media/202004/5e9afe73a03d396bf9432722/301586082973_.pic.jpg
[2020-04-18 21:20:12.821] [INFO] access - GET /api/media?currentPage=1&pageSize=9
[2020-04-18 21:20:34.213] [INFO] access - POST /api/media
[2020-04-18 21:20:41.507] [INFO] access - POST /api/contents
[2020-04-18 21:20:41.530] [WARN] access - GET /api/categories/5e9af8b7e897746894879500
[2020-04-18 21:20:41.543] [INFO] access - GET /api/contents?_id=5e9af8b7e897746894879500&currentPage=1&deleted=false&pageSize=20
[2020-04-18 21:20:41.560] [WARN] access - GET /api/contents?_id=5e9af8b7e897746894879500&currentPage=1&deleted=false&pageSize=20
[2020-04-18 21:20:41.570] [INFO] access - GET /media/202004/5e9afea2a03d396bf9432724/301586082973_.pic.jpg
[2020-04-18 21:20:45.166] [INFO] access - GET /
[2020-04-18 21:20:45.181] [WARN] access - GET /themes/default/assets/css/bootstrap.min.css
[2020-04-18 21:20:45.188] [WARN] access - GET /themes/default/assets/js/bootstrap.min.js
[2020-04-18 21:20:45.189] [WARN] access - GET /themes/default/assets/css/main.css
[2020-04-18 21:20:45.189] [WARN] access - GET /themes/default/assets/js/jquery-2.2.1.min.js
[2020-04-18 21:20:45.190] [WARN] access - GET /themes/default/assets/img/logo.png
[2020-04-18 21:21:00.798] [INFO] access - GET /frontend
[2020-04-18 21:21:00.821] [WARN] access - GET /themes/default/assets/css/bootstrap.min.css
[2020-04-18 21:21:00.823] [WARN] access - GET /themes/default/assets/css/main.css
[2020-04-18 21:21:00.824] [WARN] access - GET /themes/default/assets/img/logo.png
[2020-04-18 21:21:00.824] [WARN] access - GET /themes/default/assets/js/jquery-2.2.1.min.js
[2020-04-18 21:21:00.825] [WARN] access - GET /themes/default/assets/js/bootstrap.min.js
[2020-04-18 21:21:00.826] [WARN] access - GET /media/202004/5e9afea2a03d396bf9432724/301586082973_.pic.jpg
[2020-04-18 21:21:00.833] [WARN] access - GET /media/202004/5e9afe73a03d396bf9432722/301586082973_.pic.jpg
[2020-04-18 21:21:00.841] [WARN] access - GET /media/202004/5e9afdeca03d396bf943271e/301586082973_.pic.jpg
[2020-04-18 21:21:00.842] [WARN] access - GET /media/202004/5e9afe4ea03d396bf9432720/301586082973_.pic.jpg
[2020-04-18 21:21:00.843] [WARN] access - GET /media/202004/5e9af929e897746894879502/301586082973_.pic_thumb.jpg
[2020-04-18 21:21:22.226] [WARN] access - GET /api/categories
[2020-04-18 21:21:23.946] [WARN] access - GET /api/categories/5e9af8b7e897746894879500
[2020-04-18 21:21:23.949] [WARN] access - GET /api/views
[2020-04-18 21:21:23.949] [WARN] access - GET /api/models?type=content
[2020-04-18 21:21:30.709] [INFO] access - PUT /api/categories/5e9af8b7e897746894879500
[2020-04-18 21:21:30.730] [INFO] access - GET /api/categories
[2020-04-18 21:21:30.739] [WARN] access - GET /api/categories
[2020-04-18 21:21:33.308] [INFO] access - GET /frontend
[2020-04-18 21:21:33.327] [WARN] access - GET /themes/default/assets/css/bootstrap.min.css
[2020-04-18 21:21:33.329] [WARN] access - GET /themes/default/assets/css/main.css
[2020-04-18 21:21:33.331] [WARN] access - GET /themes/default/assets/js/jquery-2.2.1.min.js
[2020-04-18 21:21:33.332] [WARN] access - GET /themes/default/assets/img/logo.png
[2020-04-18 21:21:33.333] [WARN] access - GET /themes/default/assets/js/bootstrap.min.js
[2020-04-18 21:21:33.333] [WARN] access - GET /media/202004/5e9afea2a03d396bf9432724/301586082973_.pic.jpg
[2020-04-18 21:21:33.341] [WARN] access - GET /media/202004/5e9afe73a03d396bf9432722/301586082973_.pic.jpg
[2020-04-18 21:21:33.347] [WARN] access - GET /media/202004/5e9af929e897746894879502/301586082973_.pic_thumb.jpg
[2020-04-18 21:21:33.348] [WARN] access - GET /media/202004/5e9afe4ea03d396bf9432720/301586082973_.pic.jpg
[2020-04-18 21:21:33.348] [WARN] access - GET /media/202004/5e9afdeca03d396bf943271e/301586082973_.pic.jpg
[2020-04-18 21:21:34.125] [WARN] access - GET /frontend
[2020-04-18 21:21:34.142] [WARN] access - GET /themes/default/assets/css/bootstrap.min.css
[2020-04-18 21:21:34.146] [WARN] access - GET /themes/default/assets/css/main.css
[2020-04-18 21:21:34.147] [WARN] access - GET /themes/default/assets/js/bootstrap.min.js
[2020-04-18 21:21:34.148] [WARN] access - GET /themes/default/assets/img/logo.png
[2020-04-18 21:21:34.149] [WARN] access - GET /themes/default/assets/js/jquery-2.2.1.min.js
[2020-04-18 21:21:34.150] [WARN] access - GET /media/202004/5e9afea2a03d396bf9432724/301586082973_.pic.jpg
[2020-04-18 21:21:34.152] [WARN] access - GET /media/202004/5e9afe73a03d396bf9432722/301586082973_.pic.jpg
[2020-04-18 21:21:34.161] [WARN] access - GET /media/202004/5e9afe4ea03d396bf9432720/301586082973_.pic.jpg
[2020-04-18 21:21:34.161] [WARN] access - GET /media/202004/5e9af929e897746894879502/301586082973_.pic_thumb.jpg
[2020-04-18 21:21:34.162] [WARN] access - GET /media/202004/5e9afdeca03d396bf943271e/301586082973_.pic.jpg
[2020-04-18 21:21:35.413] [INFO] access - GET /css
[2020-04-18 21:21:35.432] [WARN] access - GET /themes/default/assets/css/bootstrap.min.css
[2020-04-18 21:21:35.440] [WARN] access - GET /themes/default/assets/img/logo.png
[2020-04-18 21:21:35.441] [WARN] access - GET /themes/default/assets/css/main.css
[2020-04-18 21:21:35.441] [WARN] access - GET /media/202004/5e9afa17e897746894879505/301586082973_.pic.jpg
[2020-04-18 21:21:35.442] [WARN] access - GET /themes/default/assets/js/bootstrap.min.js
[2020-04-18 21:21:35.442] [WARN] access - GET /themes/default/assets/js/jquery-2.2.1.min.js
[2020-04-18 21:21:36.138] [INFO] access - GET /about
[2020-04-18 21:21:36.157] [WARN] access - GET /themes/default/assets/css/bootstrap.min.css
[2020-04-18 21:21:36.163] [WARN] access - GET /themes/default/assets/js/jquery-2.2.1.min.js
[2020-04-18 21:21:36.164] [WARN] access - GET /themes/default/assets/js/bootstrap.min.js
[2020-04-18 21:21:36.164] [WARN] access - GET /themes/default/assets/css/main.css
[2020-04-18 21:21:36.164] [WARN] access - GET /themes/default/assets/img/logo.png
[2020-04-18 21:21:36.842] [WARN] access - GET /css
[2020-04-18 21:21:36.862] [WARN] access - GET /themes/default/assets/css/bootstrap.min.css
[2020-04-18 21:21:36.864] [WARN] access - GET /media/202004/5e9afa17e897746894879505/301586082973_.pic.jpg
[2020-04-18 21:21:36.865] [WARN] access - GET /themes/default/assets/css/main.css
[2020-04-18 21:21:36.865] [WARN] access - GET /themes/default/assets/js/jquery-2.2.1.min.js
[2020-04-18 21:21:36.866] [WARN] access - GET /themes/default/assets/img/logo.png
[2020-04-18 21:21:36.866] [WARN] access - GET /themes/default/assets/js/bootstrap.min.js
[2020-04-18 21:21:37.476] [WARN] access - GET /frontend
[2020-04-18 21:21:37.500] [WARN] access - GET /themes/default/assets/js/bootstrap.min.js
[2020-04-18 21:21:37.500] [WARN] access - GET /media/202004/5e9afea2a03d396bf9432724/301586082973_.pic.jpg
[2020-04-18 21:21:37.501] [WARN] access - GET /themes/default/assets/css/main.css
[2020-04-18 21:21:37.501] [WARN] access - GET /themes/default/assets/js/jquery-2.2.1.min.js
[2020-04-18 21:21:37.502] [WARN] access - GET /themes/default/assets/css/bootstrap.min.css
[2020-04-18 21:21:37.502] [WARN] access - GET /themes/default/assets/img/logo.png
[2020-04-18 21:21:37.508] [WARN] access - GET /media/202004/5e9afe73a03d396bf9432722/301586082973_.pic.jpg
[2020-04-18 21:21:37.509] [WARN] access - GET /media/202004/5e9afe4ea03d396bf9432720/301586082973_.pic.jpg
[2020-04-18 21:21:37.515] [WARN] access - GET /media/202004/5e9afdeca03d396bf943271e/301586082973_.pic.jpg
[2020-04-18 21:21:37.515] [WARN] access - GET /media/202004/5e9af929e897746894879502/301586082973_.pic_thumb.jpg
[2020-04-18 21:21:38.685] [INFO] access - GET /
[2020-04-18 21:21:38.705] [WARN] access - GET /themes/default/assets/css/bootstrap.min.css
[2020-04-18 21:21:38.709] [WARN] access - GET /themes/default/assets/js/jquery-2.2.1.min.js
[2020-04-18 21:21:38.710] [WARN] access - GET /themes/default/assets/js/bootstrap.min.js
[2020-04-18 21:21:38.711] [WARN] access - GET /themes/default/assets/css/main.css
[2020-04-18 21:21:38.712] [WARN] access - GET /themes/default/assets/img/logo.png
[2020-04-18 21:21:39.374] [WARN] access - GET /frontend
[2020-04-18 21:21:39.394] [WARN] access - GET /themes/default/assets/css/bootstrap.min.css
[2020-04-18 21:21:39.397] [WARN] access - GET /themes/default/assets/img/logo.png
[2020-04-18 21:21:39.397] [WARN] access - GET /media/202004/5e9afea2a03d396bf9432724/301586082973_.pic.jpg
[2020-04-18 21:21:39.399] [WARN] access - GET /themes/default/assets/css/main.css
[2020-04-18 21:21:39.399] [WARN] access - GET /themes/default/assets/js/jquery-2.2.1.min.js
[2020-04-18 21:21:39.400] [WARN] access - GET /themes/default/assets/js/bootstrap.min.js
[2020-04-18 21:21:39.404] [WARN] access - GET /media/202004/5e9afe73a03d396bf9432722/301586082973_.pic.jpg
[2020-04-18 21:21:39.405] [WARN] access - GET /media/202004/5e9afe4ea03d396bf9432720/301586082973_.pic.jpg
[2020-04-18 21:21:39.413] [WARN] access - GET /media/202004/5e9afdeca03d396bf943271e/301586082973_.pic.jpg
[2020-04-18 21:21:39.413] [WARN] access - GET /media/202004/5e9af929e897746894879502/301586082973_.pic_thumb.jpg
[2020-04-18 21:21:40.036] [WARN] access - GET /css
[2020-04-18 21:21:40.053] [WARN] access - GET /themes/default/assets/css/bootstrap.min.css
[2020-04-18 21:21:40.059] [WARN] access - GET /themes/default/assets/css/main.css
[2020-04-18 21:21:40.060] [WARN] access - GET /themes/default/assets/js/jquery-2.2.1.min.js
[2020-04-18 21:21:40.060] [WARN] access - GET /media/202004/5e9afa17e897746894879505/301586082973_.pic.jpg
[2020-04-18 21:21:40.061] [WARN] access - GET /themes/default/assets/img/logo.png
[2020-04-18 21:21:40.061] [WARN] access - GET /themes/default/assets/js/bootstrap.min.js
[2020-04-18 21:21:42.003] [INFO] access - GET /css/zhu-ni-xie-chu-you-xiu-de-qian-duan-dai-ma
[2020-04-18 21:21:42.021] [WARN] access - GET /themes/default/assets/css/bootstrap.min.css
[2020-04-18 21:21:42.029] [WARN] access - GET /themes/default/assets/img/logo.png
[2020-04-18 21:21:42.030] [WARN] access - GET /themes/default/assets/js/jquery-2.2.1.min.js
[2020-04-18 21:21:42.030] [WARN] access - GET /themes/default/assets/css/main.css
[2020-04-18 21:21:42.031] [WARN] access - GET /themes/default/assets/js/bootstrap.min.js
[2020-04-18 21:21:56.152] [WARN] access - GET /about
[2020-04-18 21:21:56.178] [WARN] access - GET /themes/default/assets/css/bootstrap.min.css
[2020-04-18 21:21:56.187] [WARN] access - GET /themes/default/assets/css/main.css
[2020-04-18 21:21:56.189] [WARN] access - GET /themes/default/assets/js/bootstrap.min.js
[2020-04-18 21:21:56.189] [WARN] access - GET /themes/default/assets/js/jquery-2.2.1.min.js
[2020-04-18 21:21:56.190] [WARN] access - GET /themes/default/assets/img/logo.png
[2020-04-18 21:21:59.063] [WARN] access - GET /frontend
[2020-04-18 21:21:59.080] [WARN] access - GET /themes/default/assets/css/bootstrap.min.css
[2020-04-18 21:21:59.088] [WARN] access - GET /themes/default/assets/js/bootstrap.min.js
[2020-04-18 21:21:59.090] [WARN] access - GET /themes/default/assets/img/logo.png
[2020-04-18 21:21:59.091] [WARN] access - GET /themes/default/assets/css/main.css
[2020-04-18 21:21:59.092] [WARN] access - GET /themes/default/assets/js/jquery-2.2.1.min.js
[2020-04-18 21:21:59.093] [WARN] access - GET /media/202004/5e9afea2a03d396bf9432724/301586082973_.pic.jpg
[2020-04-18 21:21:59.097] [WARN] access - GET /media/202004/5e9afe73a03d396bf9432722/301586082973_.pic.jpg
[2020-04-18 21:21:59.107] [WARN] access - GET /media/202004/5e9afe4ea03d396bf9432720/301586082973_.pic.jpg
[2020-04-18 21:21:59.108] [WARN] access - GET /media/202004/5e9afdeca03d396bf943271e/301586082973_.pic.jpg
[2020-04-18 21:21:59.108] [WARN] access - GET /media/202004/5e9af929e897746894879502/301586082973_.pic_thumb.jpg
[2020-04-18 21:21:59.742] [INFO] access - GET /css
[2020-04-18 21:21:59.764] [WARN] access - GET /themes/default/assets/css/bootstrap.min.css
[2020-04-18 21:21:59.766] [WARN] access - GET /themes/default/assets/css/main.css
[2020-04-18 21:21:59.767] [WARN] access - GET /themes/default/assets/js/bootstrap.min.js
[2020-04-18 21:21:59.767] [WARN] access - GET /themes/default/assets/js/jquery-2.2.1.min.js
[2020-04-18 21:21:59.768] [WARN] access - GET /themes/default/assets/img/logo.png
[2020-04-18 21:21:59.769] [WARN] access - GET /media/202004/5e9afa17e897746894879505/301586082973_.pic.jpg
[2020-04-18 21:22:00.262] [WARN] access - GET /frontend
[2020-04-18 21:22:00.277] [WARN] access - GET /themes/default/assets/css/bootstrap.min.css
[2020-04-18 21:22:00.286] [WARN] access - GET /themes/default/assets/js/bootstrap.min.js
[2020-04-18 21:22:00.287] [WARN] access - GET /themes/default/assets/css/main.css
[2020-04-18 21:22:00.287] [WARN] access - GET /media/202004/5e9afea2a03d396bf9432724/301586082973_.pic.jpg
[2020-04-18 21:22:00.288] [WARN] access - GET /themes/default/assets/img/logo.png
[2020-04-18 21:22:00.289] [WARN] access - GET /themes/default/assets/js/jquery-2.2.1.min.js
[2020-04-18 21:22:00.294] [WARN] access - GET /media/202004/5e9afe73a03d396bf9432722/301586082973_.pic.jpg
[2020-04-18 21:22:00.294] [WARN] access - GET /media/202004/5e9afe4ea03d396bf9432720/301586082973_.pic.jpg
[2020-04-18 21:22:00.301] [WARN] access - GET /media/202004/5e9afdeca03d396bf943271e/301586082973_.pic.jpg
[2020-04-18 21:22:00.302] [WARN] access - GET /media/202004/5e9af929e897746894879502/301586082973_.pic_thumb.jpg
[2020-04-18 21:22:00.830] [WARN] access - GET /
[2020-04-18 21:22:00.848] [WARN] access - GET /themes/default/assets/css/bootstrap.min.css
[2020-04-18 21:22:00.852] [WARN] access - GET /themes/default/assets/js/jquery-2.2.1.min.js
[2020-04-18 21:22:00.853] [WARN] access - GET /themes/default/assets/css/main.css
[2020-04-18 21:22:00.853] [WARN] access - GET /themes/default/assets/js/bootstrap.min.js
[2020-04-18 21:22:00.856] [WARN] access - GET /themes/default/assets/img/logo.png
[2020-04-18 21:22:03.197] [WARN] access - GET /about
[2020-04-18 21:22:03.219] [WARN] access - GET /themes/default/assets/css/bootstrap.min.css
[2020-04-18 21:22:03.226] [WARN] access - GET /themes/default/assets/js/bootstrap.min.js
[2020-04-18 21:22:03.227] [WARN] access - GET /themes/default/assets/css/main.css
[2020-04-18 21:22:03.228] [WARN] access - GET /themes/default/assets/js/jquery-2.2.1.min.js
[2020-04-18 21:22:03.229] [WARN] access - GET /themes/default/assets/img/logo.png
