[2020-04-19 17:01:28.076] [INFO] access - GET /
[2020-04-19 17:01:28.092] [WARN] access - GET /themes/default/assets/css/main.css
[2020-04-19 17:01:28.092] [WARN] access - GET /themes/default/assets/css/bootstrap.min.css
[2020-04-19 17:01:28.093] [WARN] access - GET /themes/default/assets/js/jquery-2.2.1.min.js
[2020-04-19 17:01:28.093] [WARN] access - GET /themes/default/assets/img/logo.png
[2020-04-19 17:01:28.097] [WARN] access - GET /themes/default/assets/js/bootstrap.min.js
[2020-04-19 17:01:41.133] [INFO] access - GET /css/zhu-ni-xie-chu-you-xiu-de-qian-duan-dai-ma
[2020-04-19 17:01:41.151] [WARN] access - GET /themes/default/assets/css/bootstrap.min.css
[2020-04-19 17:01:41.161] [WARN] access - GET /themes/default/assets/js/jquery-2.2.1.min.js
[2020-04-19 17:01:41.161] [WARN] access - GET /themes/default/assets/css/main.css
[2020-04-19 17:01:41.162] [WARN] access - GET /themes/default/assets/img/logo.png
[2020-04-19 17:01:41.163] [WARN] access - GET /themes/default/assets/js/bootstrap.min.js
[2020-04-19 17:02:05.369] [INFO] access - GET /frontend
[2020-04-19 17:02:05.386] [WARN] access - GET /themes/default/assets/css/bootstrap.min.css
[2020-04-19 17:02:05.397] [WARN] access - GET /themes/default/assets/css/main.css
[2020-04-19 17:02:05.398] [WARN] access - GET /themes/default/assets/js/jquery-2.2.1.min.js
[2020-04-19 17:02:05.398] [WARN] access - GET /themes/default/assets/img/logo.png
[2020-04-19 17:02:05.399] [WARN] access - GET /themes/default/assets/js/bootstrap.min.js
[2020-04-19 17:02:05.399] [WARN] access - GET /media/202004/5e9afea2a03d396bf9432724/301586082973_.pic.jpg
[2020-04-19 17:02:05.410] [WARN] access - GET /media/202004/5e9afe73a03d396bf9432722/301586082973_.pic.jpg
[2020-04-19 17:02:05.413] [WARN] access - GET /media/202004/5e9afe4ea03d396bf9432720/301586082973_.pic.jpg
[2020-04-19 17:02:05.415] [WARN] access - GET /media/202004/5e9afdeca03d396bf943271e/301586082973_.pic.jpg
[2020-04-19 17:02:05.416] [INFO] access - GET /media/202004/5e9af929e897746894879502/301586082973_.pic_thumb.jpg
[2020-04-19 17:02:06.379] [INFO] access - GET /
[2020-04-19 17:02:06.395] [WARN] access - GET /themes/default/assets/css/bootstrap.min.css
[2020-04-19 17:02:06.401] [WARN] access - GET /themes/default/assets/img/logo.png
[2020-04-19 17:02:06.402] [WARN] access - GET /themes/default/assets/js/bootstrap.min.js
[2020-04-19 17:02:06.402] [WARN] access - GET /themes/default/assets/css/main.css
[2020-04-19 17:02:06.403] [WARN] access - GET /themes/default/assets/js/jquery-2.2.1.min.js
[2020-04-19 17:02:07.398] [WARN] access - GET /frontend
[2020-04-19 17:02:07.428] [WARN] access - GET /themes/default/assets/css/bootstrap.min.css
[2020-04-19 17:02:07.429] [WARN] access - GET /themes/default/assets/css/main.css
[2020-04-19 17:02:07.430] [WARN] access - GET /themes/default/assets/img/logo.png
[2020-04-19 17:02:07.430] [WARN] access - GET /themes/default/assets/js/jquery-2.2.1.min.js
[2020-04-19 17:02:07.431] [WARN] access - GET /themes/default/assets/js/bootstrap.min.js
[2020-04-19 17:02:07.431] [WARN] access - GET /media/202004/5e9afea2a03d396bf9432724/301586082973_.pic.jpg
[2020-04-19 17:02:07.435] [WARN] access - GET /media/202004/5e9afe73a03d396bf9432722/301586082973_.pic.jpg
[2020-04-19 17:02:07.444] [WARN] access - GET /media/202004/5e9afe4ea03d396bf9432720/301586082973_.pic.jpg
[2020-04-19 17:02:07.445] [WARN] access - GET /media/202004/5e9afdeca03d396bf943271e/301586082973_.pic.jpg
[2020-04-19 17:02:07.446] [WARN] access - GET /media/202004/5e9af929e897746894879502/301586082973_.pic_thumb.jpg
[2020-04-19 17:02:08.166] [INFO] access - GET /css
[2020-04-19 17:02:08.185] [WARN] access - GET /themes/default/assets/css/bootstrap.min.css
[2020-04-19 17:02:08.186] [WARN] access - GET /themes/default/assets/css/main.css
[2020-04-19 17:02:08.188] [WARN] access - GET /themes/default/assets/js/jquery-2.2.1.min.js
[2020-04-19 17:02:08.188] [WARN] access - GET /themes/default/assets/img/logo.png
[2020-04-19 17:02:08.189] [WARN] access - GET /themes/default/assets/js/bootstrap.min.js
[2020-04-19 17:02:08.189] [WARN] access - GET /media/202004/5e9afa17e897746894879505/301586082973_.pic.jpg
[2020-04-19 17:02:09.040] [WARN] access - GET /about
[2020-04-19 17:02:09.058] [WARN] access - GET /themes/default/assets/css/bootstrap.min.css
[2020-04-19 17:02:09.065] [WARN] access - GET /themes/default/assets/css/main.css
[2020-04-19 17:02:09.066] [WARN] access - GET /themes/default/assets/js/jquery-2.2.1.min.js
[2020-04-19 17:02:09.066] [WARN] access - GET /themes/default/assets/img/logo.png
[2020-04-19 17:02:09.067] [WARN] access - GET /themes/default/assets/js/bootstrap.min.js
[2020-04-19 17:02:10.559] [WARN] access - GET /
[2020-04-19 17:02:10.576] [WARN] access - GET /themes/default/assets/css/bootstrap.min.css
[2020-04-19 17:02:10.580] [WARN] access - GET /themes/default/assets/css/main.css
[2020-04-19 17:02:10.581] [WARN] access - GET /themes/default/assets/js/bootstrap.min.js
[2020-04-19 17:02:10.581] [WARN] access - GET /themes/default/assets/js/jquery-2.2.1.min.js
[2020-04-19 17:02:10.582] [WARN] access - GET /themes/default/assets/img/logo.png
[2020-04-19 17:02:11.317] [WARN] access - GET /frontend
[2020-04-19 17:02:11.335] [WARN] access - GET /themes/default/assets/css/bootstrap.min.css
[2020-04-19 17:02:11.339] [WARN] access - GET /themes/default/assets/js/bootstrap.min.js
[2020-04-19 17:02:11.339] [WARN] access - GET /themes/default/assets/js/jquery-2.2.1.min.js
[2020-04-19 17:02:11.339] [WARN] access - GET /themes/default/assets/img/logo.png
[2020-04-19 17:02:11.340] [WARN] access - GET /media/202004/5e9afea2a03d396bf9432724/301586082973_.pic.jpg
[2020-04-19 17:02:11.340] [WARN] access - GET /themes/default/assets/css/main.css
[2020-04-19 17:02:11.347] [WARN] access - GET /media/202004/5e9afe73a03d396bf9432722/301586082973_.pic.jpg
[2020-04-19 17:02:11.347] [WARN] access - GET /media/202004/5e9afe4ea03d396bf9432720/301586082973_.pic.jpg
[2020-04-19 17:02:11.352] [WARN] access - GET /media/202004/5e9afdeca03d396bf943271e/301586082973_.pic.jpg
[2020-04-19 17:02:11.385] [WARN] access - GET /media/202004/5e9af929e897746894879502/301586082973_.pic_thumb.jpg
[2020-04-19 17:02:11.920] [WARN] access - GET /css
[2020-04-19 17:02:11.937] [WARN] access - GET /themes/default/assets/css/bootstrap.min.css
[2020-04-19 17:02:11.942] [WARN] access - GET /themes/default/assets/css/main.css
[2020-04-19 17:02:11.943] [WARN] access - GET /themes/default/assets/js/jquery-2.2.1.min.js
[2020-04-19 17:02:11.944] [WARN] access - GET /themes/default/assets/img/logo.png
[2020-04-19 17:02:11.944] [WARN] access - GET /themes/default/assets/js/bootstrap.min.js
[2020-04-19 17:02:11.945] [WARN] access - GET /media/202004/5e9afa17e897746894879505/301586082973_.pic.jpg
[2020-04-19 17:02:12.597] [WARN] access - GET /about
[2020-04-19 17:02:12.613] [WARN] access - GET /themes/default/assets/css/bootstrap.min.css
[2020-04-19 17:02:12.620] [WARN] access - GET /themes/default/assets/js/bootstrap.min.js
[2020-04-19 17:02:12.620] [WARN] access - GET /themes/default/assets/img/logo.png
[2020-04-19 17:02:12.620] [WARN] access - GET /themes/default/assets/css/main.css
[2020-04-19 17:02:12.620] [WARN] access - GET /themes/default/assets/js/jquery-2.2.1.min.js
[2020-04-19 17:02:14.119] [WARN] access - GET /css
[2020-04-19 17:02:14.135] [WARN] access - GET /themes/default/assets/css/bootstrap.min.css
[2020-04-19 17:02:14.141] [WARN] access - GET /themes/default/assets/css/main.css
[2020-04-19 17:02:14.142] [WARN] access - GET /themes/default/assets/js/bootstrap.min.js
[2020-04-19 17:02:14.142] [WARN] access - GET /themes/default/assets/js/jquery-2.2.1.min.js
[2020-04-19 17:02:14.144] [WARN] access - GET /themes/default/assets/img/logo.png
[2020-04-19 17:02:14.145] [WARN] access - GET /media/202004/5e9afa17e897746894879505/301586082973_.pic.jpg
[2020-04-19 17:02:14.758] [WARN] access - GET /frontend
[2020-04-19 17:02:14.774] [WARN] access - GET /themes/default/assets/css/bootstrap.min.css
[2020-04-19 17:02:14.779] [WARN] access - GET /themes/default/assets/css/main.css
[2020-04-19 17:02:14.779] [WARN] access - GET /media/202004/5e9afea2a03d396bf9432724/301586082973_.pic.jpg
[2020-04-19 17:02:14.780] [WARN] access - GET /themes/default/assets/js/bootstrap.min.js
[2020-04-19 17:02:14.781] [WARN] access - GET /themes/default/assets/img/logo.png
[2020-04-19 17:02:14.781] [WARN] access - GET /themes/default/assets/js/jquery-2.2.1.min.js
[2020-04-19 17:02:14.788] [WARN] access - GET /media/202004/5e9afe73a03d396bf9432722/301586082973_.pic.jpg
[2020-04-19 17:02:14.788] [WARN] access - GET /media/202004/5e9afe4ea03d396bf9432720/301586082973_.pic.jpg
[2020-04-19 17:02:14.793] [WARN] access - GET /media/202004/5e9afdeca03d396bf943271e/301586082973_.pic.jpg
[2020-04-19 17:02:14.793] [WARN] access - GET /media/202004/5e9af929e897746894879502/301586082973_.pic_thumb.jpg
[2020-04-19 17:02:15.875] [INFO] access - GET /frontend/ju-xing-de-peng-zhuang-jian-ce
[2020-04-19 17:02:15.895] [WARN] access - GET /themes/default/assets/css/bootstrap.min.css
[2020-04-19 17:02:15.902] [WARN] access - GET /themes/default/assets/css/main.css
[2020-04-19 17:02:15.903] [WARN] access - GET /themes/default/assets/img/logo.png
[2020-04-19 17:02:15.903] [WARN] access - GET /themes/default/assets/js/bootstrap.min.js
[2020-04-19 17:02:15.904] [WARN] access - GET /themes/default/assets/js/jquery-2.2.1.min.js
[2020-04-19 17:40:10.990] [INFO] access - GET /frontend
[2020-04-19 17:40:11.014] [WARN] access - GET /themes/default/assets/css/main.css
[2020-04-19 17:40:11.023] [WARN] access - GET /themes/default/assets/css/bootstrap.min.css
[2020-04-19 17:40:11.025] [WARN] access - GET /themes/default/assets/img/logo.png
[2020-04-19 17:40:11.026] [WARN] access - GET /themes/default/assets/js/jquery-2.2.1.min.js
[2020-04-19 17:40:11.026] [WARN] access - GET /media/202004/5e9afea2a03d396bf9432724/301586082973_.pic.jpg
[2020-04-19 17:40:11.026] [WARN] access - GET /themes/default/assets/js/bootstrap.min.js
[2020-04-19 17:40:11.031] [WARN] access - GET /media/202004/5e9afe73a03d396bf9432722/301586082973_.pic.jpg
[2020-04-19 17:40:11.039] [WARN] access - GET /media/202004/5e9afe4ea03d396bf9432720/301586082973_.pic.jpg
[2020-04-19 17:40:11.042] [WARN] access - GET /media/202004/5e9af929e897746894879502/301586082973_.pic_thumb.jpg
[2020-04-19 17:40:11.042] [WARN] access - GET /media/202004/5e9afdeca03d396bf943271e/301586082973_.pic.jpg
[2020-04-19 17:40:13.840] [INFO] access - GET /
[2020-04-19 17:40:13.864] [WARN] access - GET /themes/default/assets/css/bootstrap.min.css
[2020-04-19 17:40:13.865] [WARN] access - GET /themes/default/assets/js/jquery-2.2.1.min.js
[2020-04-19 17:40:13.866] [WARN] access - GET /themes/default/assets/js/bootstrap.min.js
[2020-04-19 17:40:13.867] [WARN] access - GET /themes/default/assets/css/main.css
[2020-04-19 17:40:13.867] [WARN] access - GET /themes/default/assets/img/logo.png
[2020-04-19 17:40:15.220] [WARN] access - GET /frontend
[2020-04-19 17:40:15.239] [WARN] access - GET /themes/default/assets/css/bootstrap.min.css
[2020-04-19 17:40:15.241] [WARN] access - GET /themes/default/assets/css/main.css
[2020-04-19 17:40:15.241] [WARN] access - GET /themes/default/assets/js/jquery-2.2.1.min.js
[2020-04-19 17:40:15.242] [WARN] access - GET /themes/default/assets/js/bootstrap.min.js
[2020-04-19 17:40:15.242] [WARN] access - GET /themes/default/assets/img/logo.png
[2020-04-19 17:40:15.243] [WARN] access - GET /media/202004/5e9afea2a03d396bf9432724/301586082973_.pic.jpg
[2020-04-19 17:40:15.251] [WARN] access - GET /media/202004/5e9afe73a03d396bf9432722/301586082973_.pic.jpg
[2020-04-19 17:40:15.255] [WARN] access - GET /media/202004/5e9afe4ea03d396bf9432720/301586082973_.pic.jpg
[2020-04-19 17:40:15.257] [WARN] access - GET /media/202004/5e9af929e897746894879502/301586082973_.pic_thumb.jpg
[2020-04-19 17:40:15.258] [WARN] access - GET /media/202004/5e9afdeca03d396bf943271e/301586082973_.pic.jpg
[2020-04-19 17:40:16.032] [WARN] access - GET /css
[2020-04-19 17:40:16.051] [WARN] access - GET /themes/default/assets/css/bootstrap.min.css
[2020-04-19 17:40:16.055] [WARN] access - GET /themes/default/assets/css/main.css
[2020-04-19 17:40:16.056] [WARN] access - GET /themes/default/assets/js/jquery-2.2.1.min.js
[2020-04-19 17:40:16.057] [WARN] access - GET /themes/default/assets/img/logo.png
[2020-04-19 17:40:16.057] [WARN] access - GET /themes/default/assets/js/bootstrap.min.js
[2020-04-19 17:40:16.058] [WARN] access - GET /media/202004/5e9afa17e897746894879505/301586082973_.pic.jpg
[2020-04-19 17:40:16.822] [WARN] access - GET /frontend
[2020-04-19 17:40:16.840] [WARN] access - GET /themes/default/assets/css/bootstrap.min.css
[2020-04-19 17:40:16.846] [WARN] access - GET /themes/default/assets/css/main.css
[2020-04-19 17:40:16.847] [WARN] access - GET /media/202004/5e9afea2a03d396bf9432724/301586082973_.pic.jpg
[2020-04-19 17:40:16.847] [WARN] access - GET /themes/default/assets/js/jquery-2.2.1.min.js
[2020-04-19 17:40:16.848] [WARN] access - GET /themes/default/assets/js/bootstrap.min.js
[2020-04-19 17:40:16.848] [WARN] access - GET /themes/default/assets/img/logo.png
[2020-04-19 17:40:16.853] [WARN] access - GET /media/202004/5e9afe73a03d396bf9432722/301586082973_.pic.jpg
[2020-04-19 17:40:16.859] [WARN] access - GET /media/202004/5e9afe4ea03d396bf9432720/301586082973_.pic.jpg
[2020-04-19 17:40:16.861] [WARN] access - GET /media/202004/5e9afdeca03d396bf943271e/301586082973_.pic.jpg
[2020-04-19 17:40:16.862] [WARN] access - GET /media/202004/5e9af929e897746894879502/301586082973_.pic_thumb.jpg
[2020-04-19 17:40:17.720] [WARN] access - GET /
[2020-04-19 17:40:17.743] [WARN] access - GET /themes/default/assets/css/bootstrap.min.css
[2020-04-19 17:40:17.750] [WARN] access - GET /themes/default/assets/css/main.css
[2020-04-19 17:40:17.750] [WARN] access - GET /themes/default/assets/js/jquery-2.2.1.min.js
[2020-04-19 17:40:17.751] [WARN] access - GET /themes/default/assets/js/bootstrap.min.js
[2020-04-19 17:40:17.751] [WARN] access - GET /themes/default/assets/img/logo.png
[2020-04-19 17:40:18.467] [WARN] access - GET /frontend
[2020-04-19 17:40:18.487] [WARN] access - GET /themes/default/assets/css/bootstrap.min.css
[2020-04-19 17:40:18.493] [WARN] access - GET /themes/default/assets/css/main.css
[2020-04-19 17:40:18.493] [WARN] access - GET /themes/default/assets/js/jquery-2.2.1.min.js
[2020-04-19 17:40:18.494] [WARN] access - GET /themes/default/assets/img/logo.png
[2020-04-19 17:40:18.494] [WARN] access - GET /media/202004/5e9afea2a03d396bf9432724/301586082973_.pic.jpg
[2020-04-19 17:40:18.495] [WARN] access - GET /themes/default/assets/js/bootstrap.min.js
[2020-04-19 17:40:18.505] [WARN] access - GET /media/202004/5e9afe73a03d396bf9432722/301586082973_.pic.jpg
[2020-04-19 17:40:18.506] [WARN] access - GET /media/202004/5e9afe4ea03d396bf9432720/301586082973_.pic.jpg
[2020-04-19 17:40:18.508] [WARN] access - GET /media/202004/5e9af929e897746894879502/301586082973_.pic_thumb.jpg
[2020-04-19 17:40:18.509] [WARN] access - GET /media/202004/5e9afdeca03d396bf943271e/301586082973_.pic.jpg
[2020-04-19 17:40:19.243] [WARN] access - GET /
[2020-04-19 17:40:19.273] [WARN] access - GET /themes/default/assets/img/logo.png
[2020-04-19 17:40:19.273] [WARN] access - GET /themes/default/assets/js/jquery-2.2.1.min.js
[2020-04-19 17:40:19.273] [WARN] access - GET /themes/default/assets/js/bootstrap.min.js
[2020-04-19 17:40:19.274] [WARN] access - GET /themes/default/assets/css/bootstrap.min.css
[2020-04-19 17:40:19.274] [WARN] access - GET /themes/default/assets/css/main.css
[2020-04-19 17:40:20.230] [WARN] access - GET /frontend
[2020-04-19 17:40:20.247] [WARN] access - GET /themes/default/assets/css/bootstrap.min.css
[2020-04-19 17:40:20.250] [WARN] access - GET /themes/default/assets/js/bootstrap.min.js
[2020-04-19 17:40:20.251] [WARN] access - GET /themes/default/assets/css/main.css
[2020-04-19 17:40:20.252] [WARN] access - GET /themes/default/assets/js/jquery-2.2.1.min.js
[2020-04-19 17:40:20.253] [WARN] access - GET /themes/default/assets/img/logo.png
[2020-04-19 17:40:20.254] [WARN] access - GET /media/202004/5e9afea2a03d396bf9432724/301586082973_.pic.jpg
[2020-04-19 17:40:20.266] [WARN] access - GET /media/202004/5e9afe4ea03d396bf9432720/301586082973_.pic.jpg
[2020-04-19 17:40:20.267] [WARN] access - GET /media/202004/5e9af929e897746894879502/301586082973_.pic_thumb.jpg
[2020-04-19 17:40:20.267] [WARN] access - GET /media/202004/5e9afdeca03d396bf943271e/301586082973_.pic.jpg
[2020-04-19 17:40:20.267] [WARN] access - GET /media/202004/5e9afe73a03d396bf9432722/301586082973_.pic.jpg
[2020-04-19 17:40:21.071] [WARN] access - GET /frontend
[2020-04-19 17:40:21.093] [WARN] access - GET /themes/default/assets/css/bootstrap.min.css
[2020-04-19 17:40:21.100] [WARN] access - GET /themes/default/assets/css/main.css
[2020-04-19 17:40:21.100] [WARN] access - GET /themes/default/assets/js/jquery-2.2.1.min.js
[2020-04-19 17:40:21.101] [WARN] access - GET /themes/default/assets/js/bootstrap.min.js
[2020-04-19 17:40:21.102] [WARN] access - GET /media/202004/5e9afea2a03d396bf9432724/301586082973_.pic.jpg
[2020-04-19 17:40:21.102] [WARN] access - GET /themes/default/assets/img/logo.png
[2020-04-19 17:40:21.113] [WARN] access - GET /media/202004/5e9afe73a03d396bf9432722/301586082973_.pic.jpg
[2020-04-19 17:40:21.114] [WARN] access - GET /media/202004/5e9afe4ea03d396bf9432720/301586082973_.pic.jpg
[2020-04-19 17:40:21.116] [WARN] access - GET /media/202004/5e9afdeca03d396bf943271e/301586082973_.pic.jpg
[2020-04-19 17:40:21.117] [WARN] access - GET /media/202004/5e9af929e897746894879502/301586082973_.pic_thumb.jpg
[2020-04-19 17:40:21.666] [WARN] access - GET /css
[2020-04-19 17:40:21.684] [WARN] access - GET /themes/default/assets/css/bootstrap.min.css
[2020-04-19 17:40:21.691] [WARN] access - GET /themes/default/assets/js/jquery-2.2.1.min.js
[2020-04-19 17:40:21.692] [WARN] access - GET /themes/default/assets/js/bootstrap.min.js
[2020-04-19 17:40:21.692] [WARN] access - GET /themes/default/assets/img/logo.png
[2020-04-19 17:40:21.692] [WARN] access - GET /themes/default/assets/css/main.css
[2020-04-19 17:40:21.693] [WARN] access - GET /media/202004/5e9afa17e897746894879505/301586082973_.pic.jpg
[2020-04-19 17:40:22.303] [WARN] access - GET /frontend
[2020-04-19 17:40:22.319] [WARN] access - GET /themes/default/assets/css/bootstrap.min.css
[2020-04-19 17:40:22.324] [WARN] access - GET /themes/default/assets/css/main.css
[2020-04-19 17:40:22.325] [WARN] access - GET /themes/default/assets/js/jquery-2.2.1.min.js
[2020-04-19 17:40:22.326] [WARN] access - GET /themes/default/assets/img/logo.png
[2020-04-19 17:40:22.326] [WARN] access - GET /themes/default/assets/js/bootstrap.min.js
[2020-04-19 17:40:22.327] [WARN] access - GET /media/202004/5e9afea2a03d396bf9432724/301586082973_.pic.jpg
[2020-04-19 17:40:22.334] [WARN] access - GET /media/202004/5e9afe73a03d396bf9432722/301586082973_.pic.jpg
[2020-04-19 17:40:22.338] [WARN] access - GET /media/202004/5e9afe4ea03d396bf9432720/301586082973_.pic.jpg
[2020-04-19 17:40:22.338] [WARN] access - GET /media/202004/5e9afdeca03d396bf943271e/301586082973_.pic.jpg
[2020-04-19 17:40:22.339] [WARN] access - GET /media/202004/5e9af929e897746894879502/301586082973_.pic_thumb.jpg
[2020-04-19 17:40:23.075] [WARN] access - GET /
[2020-04-19 17:40:23.091] [WARN] access - GET /themes/default/assets/css/bootstrap.min.css
[2020-04-19 17:40:23.096] [WARN] access - GET /themes/default/assets/css/main.css
[2020-04-19 17:40:23.098] [WARN] access - GET /themes/default/assets/js/jquery-2.2.1.min.js
[2020-04-19 17:40:23.098] [WARN] access - GET /themes/default/assets/img/logo.png
[2020-04-19 17:40:23.098] [WARN] access - GET /themes/default/assets/js/bootstrap.min.js
[2020-04-19 17:40:24.135] [WARN] access - GET /frontend
[2020-04-19 17:40:24.157] [WARN] access - GET /themes/default/assets/css/bootstrap.min.css
[2020-04-19 17:40:24.164] [WARN] access - GET /themes/default/assets/js/jquery-2.2.1.min.js
[2020-04-19 17:40:24.164] [WARN] access - GET /themes/default/assets/css/main.css
[2020-04-19 17:40:24.165] [WARN] access - GET /themes/default/assets/js/bootstrap.min.js
[2020-04-19 17:40:24.166] [WARN] access - GET /themes/default/assets/img/logo.png
[2020-04-19 17:40:24.166] [WARN] access - GET /media/202004/5e9afea2a03d396bf9432724/301586082973_.pic.jpg
[2020-04-19 17:40:24.177] [WARN] access - GET /media/202004/5e9afdeca03d396bf943271e/301586082973_.pic.jpg
[2020-04-19 17:40:24.178] [WARN] access - GET /media/202004/5e9afe73a03d396bf9432722/301586082973_.pic.jpg
[2020-04-19 17:40:24.178] [WARN] access - GET /media/202004/5e9afe4ea03d396bf9432720/301586082973_.pic.jpg
[2020-04-19 17:40:24.183] [WARN] access - GET /media/202004/5e9af929e897746894879502/301586082973_.pic_thumb.jpg
[2020-04-19 17:40:24.853] [WARN] access - GET /css
[2020-04-19 17:40:24.869] [WARN] access - GET /themes/default/assets/css/bootstrap.min.css
[2020-04-19 17:40:24.877] [WARN] access - GET /themes/default/assets/js/jquery-2.2.1.min.js
[2020-04-19 17:40:24.877] [WARN] access - GET /media/202004/5e9afa17e897746894879505/301586082973_.pic.jpg
[2020-04-19 17:40:24.877] [WARN] access - GET /themes/default/assets/css/main.css
[2020-04-19 17:40:24.877] [WARN] access - GET /themes/default/assets/js/bootstrap.min.js
[2020-04-19 17:40:24.878] [WARN] access - GET /themes/default/assets/img/logo.png
[2020-04-19 17:40:25.693] [WARN] access - GET /about
[2020-04-19 17:40:25.716] [WARN] access - GET /themes/default/assets/css/bootstrap.min.css
[2020-04-19 17:40:25.717] [WARN] access - GET /themes/default/assets/img/logo.png
[2020-04-19 17:40:25.718] [WARN] access - GET /themes/default/assets/js/jquery-2.2.1.min.js
[2020-04-19 17:40:25.719] [WARN] access - GET /themes/default/assets/css/main.css
[2020-04-19 17:40:25.719] [WARN] access - GET /themes/default/assets/js/bootstrap.min.js
[2020-04-19 17:40:27.318] [WARN] access - GET /css
[2020-04-19 17:40:27.335] [WARN] access - GET /themes/default/assets/css/bootstrap.min.css
[2020-04-19 17:40:27.341] [WARN] access - GET /themes/default/assets/js/bootstrap.min.js
[2020-04-19 17:40:27.341] [WARN] access - GET /themes/default/assets/css/main.css
[2020-04-19 17:40:27.342] [WARN] access - GET /themes/default/assets/js/jquery-2.2.1.min.js
[2020-04-19 17:40:27.342] [WARN] access - GET /media/202004/5e9afa17e897746894879505/301586082973_.pic.jpg
[2020-04-19 17:40:27.342] [WARN] access - GET /themes/default/assets/img/logo.png
[2020-04-19 17:40:28.311] [WARN] access - GET /about
[2020-04-19 17:40:28.330] [WARN] access - GET /themes/default/assets/css/bootstrap.min.css
[2020-04-19 17:40:28.337] [WARN] access - GET /themes/default/assets/css/main.css
[2020-04-19 17:40:28.338] [WARN] access - GET /themes/default/assets/js/jquery-2.2.1.min.js
[2020-04-19 17:40:28.339] [WARN] access - GET /themes/default/assets/img/logo.png
[2020-04-19 17:40:28.339] [WARN] access - GET /themes/default/assets/js/bootstrap.min.js
[2020-04-19 17:52:43.568] [WARN] access - GET /about
[2020-04-19 17:52:43.593] [WARN] access - GET /themes/default/assets/css/bootstrap.min.css
[2020-04-19 17:52:43.594] [WARN] access - GET /themes/default/assets/js/jquery-2.2.1.min.js
[2020-04-19 17:52:43.596] [WARN] access - GET /themes/default/assets/css/main.css
[2020-04-19 17:52:43.597] [WARN] access - GET /themes/default/assets/js/bootstrap.min.js
[2020-04-19 17:52:43.597] [WARN] access - GET /themes/default/assets/img/logo.png
[2020-04-19 17:52:52.020] [INFO] access - GET /admin/install
[2020-04-19 17:52:52.043] [WARN] access - GET /assets/admin/vendor.css
[2020-04-19 17:52:52.052] [WARN] access - GET /assets/admin/main.css
[2020-04-19 17:52:52.055] [WARN] access - GET /assets/admin/views.js
[2020-04-19 17:52:52.055] [WARN] access - GET /assets/admin/main.js
[2020-04-19 17:52:52.093] [INFO] access - GET /assets/admin/vendor.js
[2020-04-19 17:52:52.199] [WARN] access - GET /api/install
[2020-04-19 17:52:52.207] [WARN] access - GET /api/install
[2020-04-19 17:52:52.238] [INFO] access - GET /assets/admin/images/logo-lg@2x.png
[2020-04-19 17:52:52.296] [INFO] access - GET /assets/admin/fonts/fontawesome-webfont.woff2?v=4.6.1
[2020-04-19 17:52:54.498] [INFO] access - PUT /api/account/sign-in
[2020-04-19 17:52:54.527] [INFO] access - PUT /api/statistics
[2020-04-19 17:52:54.553] [WARN] access - GET /api/account
[2020-04-19 17:52:54.553] [WARN] access - GET /assets/admin/images/logo@2x.png
[2020-04-19 17:52:54.557] [INFO] access - GET /api/dashboard
[2020-04-19 17:52:54.557] [WARN] access - GET /api/categories
[2020-04-19 17:52:54.560] [WARN] access - GET /api/account
