[2020-04-19 21:20:20.778] [INFO] access - GET /admin/features
[2020-04-19 21:20:20.824] [WARN] access - GET /assets/admin/vendor.css
[2020-04-19 21:20:20.825] [WARN] access - GET /assets/admin/main.css
[2020-04-19 21:20:20.827] [WARN] access - GET /assets/admin/vendor.js
[2020-04-19 21:20:20.827] [WARN] access - GET /assets/admin/main.js
[2020-04-19 21:20:20.828] [WARN] access - GET /assets/admin/views.js
[2020-04-19 21:20:21.053] [WARN] access - GET /api/account
[2020-04-19 21:20:21.120] [INFO] access - PUT /api/statistics
[2020-04-19 21:20:21.158] [WARN] access - GET /assets/admin/images/logo.png
[2020-04-19 21:20:21.161] [WARN] access - GET /api/categories
[2020-04-19 21:20:21.164] [INFO] access - GET /api/dashboard
[2020-04-19 21:20:21.167] [WARN] access - GET /api/models?type=feature
[2020-04-19 21:20:21.168] [WARN] access - GET /assets/admin/fonts/fontawesome-webfont.woff2?v=4.6.1
[2020-04-19 21:20:21.170] [WARN] access - GET /api/features
[2020-04-19 21:20:21.199] [WARN] access - GET /media/202004/5e9c38bd0518b1771b0be7a9/13.jpg
[2020-04-19 21:20:25.130] [WARN] access - GET /admin/features
[2020-04-19 21:20:25.151] [WARN] access - GET /assets/admin/vendor.css
[2020-04-19 21:20:25.154] [WARN] access - GET /assets/admin/main.css
[2020-04-19 21:20:25.157] [WARN] access - GET /assets/admin/vendor.js
[2020-04-19 21:20:25.164] [WARN] access - GET /assets/admin/views.js
[2020-04-19 21:20:25.169] [WARN] access - GET /assets/admin/main.js
[2020-04-19 21:20:25.293] [WARN] access - GET /api/account
[2020-04-19 21:20:25.314] [WARN] access - GET /assets/admin/images/logo.png
[2020-04-19 21:20:25.356] [INFO] access - PUT /api/statistics
[2020-04-19 21:20:25.379] [WARN] access - GET /assets/admin/fonts/fontawesome-webfont.woff2?v=4.6.1
[2020-04-19 21:20:25.380] [WARN] access - GET /api/dashboard
[2020-04-19 21:20:25.384] [WARN] access - GET /api/categories
[2020-04-19 21:20:25.392] [WARN] access - GET /admin/features
[2020-04-19 21:20:25.392] [WARN] access - GET /api/features
[2020-04-19 21:20:25.393] [WARN] access - GET /api/models?type=feature
[2020-04-19 21:20:25.427] [WARN] access - GET /assets/admin/vendor.css
[2020-04-19 21:20:25.432] [WARN] access - GET /assets/admin/main.css
[2020-04-19 21:20:25.433] [WARN] access - GET /assets/admin/vendor.js
[2020-04-19 21:20:25.435] [WARN] access - GET /assets/admin/main.js
[2020-04-19 21:20:25.436] [WARN] access - GET /assets/admin/views.js
[2020-04-19 21:20:25.516] [WARN] access - GET /api/account
[2020-04-19 21:20:25.540] [WARN] access - GET /assets/admin/images/logo.png
[2020-04-19 21:20:25.576] [INFO] access - PUT /api/statistics
[2020-04-19 21:20:25.599] [WARN] access - GET /assets/admin/fonts/fontawesome-webfont.woff2?v=4.6.1
[2020-04-19 21:20:25.601] [WARN] access - GET /api/dashboard
[2020-04-19 21:20:25.603] [WARN] access - GET /api/categories
[2020-04-19 21:20:25.612] [WARN] access - GET /api/models?type=feature
[2020-04-19 21:20:25.616] [WARN] access - GET /api/features
[2020-04-19 21:20:25.645] [WARN] access - GET /media/202004/5e9c38bd0518b1771b0be7a9/13.jpg
[2020-04-19 21:21:46.314] [WARN] access - GET /api/categories/5e9af8b7e897746894879500
[2020-04-19 21:21:46.341] [INFO] access - GET /api/contents?_id=5e9af8b7e897746894879500&currentPage=1&deleted=false&pageSize=20
[2020-04-19 21:21:46.363] [WARN] access - GET /api/contents?_id=5e9af8b7e897746894879500&currentPage=1&deleted=false&pageSize=20
[2020-04-19 21:21:46.394] [WARN] access - GET /media/202004/5e9afe73a03d396bf9432722/301586082973_.pic.jpg
[2020-04-19 21:21:46.398] [WARN] access - GET /media/202004/5e9afea2a03d396bf9432724/301586082973_.pic.jpg
[2020-04-19 21:21:46.398] [WARN] access - GET /media/202004/5e9af929e897746894879502/301586082973_.pic_thumb.jpg
[2020-04-19 21:21:46.399] [WARN] access - GET /media/202004/5e9afe4ea03d396bf9432720/301586082973_.pic.jpg
[2020-04-19 21:21:46.405] [WARN] access - GET /media/202004/5e9afdeca03d396bf943271e/301586082973_.pic.jpg
[2020-04-19 21:21:47.208] [WARN] access - GET /api/categories/5e9af9dae897746894879504
[2020-04-19 21:21:47.215] [INFO] access - GET /api/contents?_id=5e9af9dae897746894879504&currentPage=1&deleted=false&pageSize=20
[2020-04-19 21:21:47.229] [WARN] access - GET /api/contents?_id=5e9af9dae897746894879504&currentPage=1&deleted=false&pageSize=20
[2020-04-19 21:21:47.242] [WARN] access - GET /media/202004/5e9afa17e897746894879505/301586082973_.pic.jpg
[2020-04-19 21:34:20.577] [INFO] access - GET /admin/contents/category/5e9af9dae897746894879504
[2020-04-19 21:34:20.614] [WARN] access - GET /assets/admin/vendor.css
[2020-04-19 21:34:20.621] [WARN] access - GET /assets/admin/main.js
[2020-04-19 21:34:20.621] [WARN] access - GET /assets/admin/vendor.js
[2020-04-19 21:34:20.622] [WARN] access - GET /assets/admin/main.css
[2020-04-19 21:34:20.622] [WARN] access - GET /assets/admin/views.js
[2020-04-19 21:34:20.733] [WARN] access - GET /api/account
[2020-04-19 21:34:20.759] [WARN] access - GET /assets/admin/images/logo.png
[2020-04-19 21:34:20.798] [INFO] access - PUT /api/statistics
[2020-04-19 21:34:20.813] [WARN] access - GET /assets/admin/fonts/fontawesome-webfont.woff2?v=4.6.1
[2020-04-19 21:34:20.824] [WARN] access - GET /api/categories/5e9af9dae897746894879504
[2020-04-19 21:34:20.824] [WARN] access - GET /api/categories
[2020-04-19 21:34:20.826] [WARN] access - GET /api/dashboard
[2020-04-19 21:34:20.835] [WARN] access - GET /api/contents?_id=5e9af9dae897746894879504&currentPage=1&deleted=false&pageSize=20
[2020-04-19 21:34:20.843] [WARN] access - GET /api/contents?_id=5e9af9dae897746894879504&currentPage=1&deleted=false&pageSize=20
[2020-04-19 21:34:20.865] [WARN] access - GET /media/202004/5e9afa17e897746894879505/301586082973_.pic.jpg
[2020-04-19 21:34:22.931] [WARN] access - GET /api/models?type=feature
[2020-04-19 21:34:22.935] [WARN] access - GET /api/features
[2020-04-19 21:34:22.967] [WARN] access - GET /media/202004/5e9c38bd0518b1771b0be7a9/13.jpg
[2020-04-19 21:34:36.447] [WARN] access - GET /api/models?type=feature
[2020-04-19 21:34:36.451] [WARN] access - GET /api/features
[2020-04-19 21:34:36.471] [WARN] access - GET /media/202004/5e9c38bd0518b1771b0be7a9/13.jpg
[2020-04-19 21:34:38.043] [WARN] access - GET /api/categories/5e9af8b7e897746894879500
[2020-04-19 21:34:38.050] [WARN] access - GET /api/contents?_id=5e9af8b7e897746894879500&currentPage=1&deleted=false&pageSize=20
[2020-04-19 21:34:38.063] [WARN] access - GET /api/contents?_id=5e9af8b7e897746894879500&currentPage=1&deleted=false&pageSize=20
[2020-04-19 21:34:38.087] [WARN] access - GET /media/202004/5e9afea2a03d396bf9432724/301586082973_.pic.jpg
[2020-04-19 21:34:38.088] [WARN] access - GET /media/202004/5e9afe73a03d396bf9432722/301586082973_.pic.jpg
[2020-04-19 21:34:38.088] [WARN] access - GET /media/202004/5e9afe4ea03d396bf9432720/301586082973_.pic.jpg
[2020-04-19 21:34:38.089] [WARN] access - GET /media/202004/5e9afdeca03d396bf943271e/301586082973_.pic.jpg
[2020-04-19 21:34:38.090] [WARN] access - GET /media/202004/5e9af929e897746894879502/301586082973_.pic_thumb.jpg
[2020-04-19 21:34:38.759] [WARN] access - GET /api/categories/5e9af9dae897746894879504
[2020-04-19 21:34:38.767] [WARN] access - GET /api/contents?_id=5e9af9dae897746894879504&currentPage=1&deleted=false&pageSize=20
[2020-04-19 21:34:38.778] [WARN] access - GET /api/contents?_id=5e9af9dae897746894879504&currentPage=1&deleted=false&pageSize=20
[2020-04-19 21:34:38.785] [WARN] access - GET /media/202004/5e9afa17e897746894879505/301586082973_.pic.jpg
[2020-04-19 21:34:39.369] [WARN] access - GET /api/contents?currentPage=1&deleted=true&pageSize=20
[2020-04-19 21:34:39.383] [WARN] access - GET /api/contents?currentPage=1&deleted=true&pageSize=20
[2020-04-19 21:34:40.936] [WARN] access - GET /api/pages/5e9af966e897746894879503?markdown=true
[2020-04-19 21:34:40.936] [WARN] access - GET /api/media?currentPage=1&pageSize=9
[2020-04-19 21:34:41.640] [WARN] access - GET /api/media?currentPage=1&pageSize=20
[2020-04-19 21:34:41.685] [WARN] access - GET /media/202004/5e9c38bd0518b1771b0be7a9/13.jpg
[2020-04-19 21:34:41.687] [WARN] access - GET /media/202004/5e9afea2a03d396bf9432724/301586082973_.pic.jpg
[2020-04-19 21:34:41.688] [WARN] access - GET /media/202004/5e9afe73a03d396bf9432722/301586082973_.pic.jpg
[2020-04-19 21:34:41.689] [WARN] access - GET /media/202004/5e9afe4ea03d396bf9432720/301586082973_.pic.jpg
[2020-04-19 21:34:41.690] [WARN] access - GET /media/202004/5e9afdeca03d396bf943271e/301586082973_.pic.jpg
[2020-04-19 21:34:41.692] [WARN] access - GET /media/202004/5e9afa17e897746894879505/301586082973_.pic.jpg
[2020-04-19 21:34:41.695] [WARN] access - GET /media/202004/5e9af929e897746894879502/301586082973_.pic_thumb.jpg
[2020-04-19 21:34:45.459] [WARN] access - GET /api/site-info
[2020-04-19 21:34:49.461] [WARN] access - GET /api/models?type=content
[2020-04-19 21:34:50.125] [WARN] access - GET /api/categories
[2020-04-19 21:34:50.818] [WARN] access - GET /api/models?type=content
[2020-04-19 21:34:51.434] [WARN] access - GET /api/models?type=feature
[2020-04-19 21:34:52.304] [WARN] access - GET /api/roles
[2020-04-19 21:34:52.968] [WARN] access - GET /api/admin-users
[2020-04-19 21:47:58.404] [WARN] access - GET /
[2020-04-19 21:47:58.431] [WARN] access - GET /themes/default/assets/css/bootstrap.min.css
[2020-04-19 21:47:58.441] [WARN] access - GET /themes/default/assets/css/main.css
[2020-04-19 21:47:58.442] [WARN] access - GET /themes/default/assets/js/jquery-2.2.1.min.js
[2020-04-19 21:47:58.443] [WARN] access - GET /themes/default/assets/img/logo.png
[2020-04-19 21:47:58.443] [WARN] access - GET /themes/default/assets/js/bootstrap.min.js
[2020-04-19 21:47:58.445] [WARN] access - GET /media/202004/5e9c38bd0518b1771b0be7a9/13.jpg
[2020-04-19 21:47:58.525] [WARN] access - GET /themes/default/assets/fonts/glyphicons-halflings-regular.woff2
[2020-04-19 21:47:58.526] [WARN] access - GET /themes/default/assets/css/bootstrap.min.css.map
