[2020-04-19 18:06:36.498] [WARN] access - GET /admin
[2020-04-19 18:06:36.524] [WARN] access - GET /assets/admin/vendor.css
[2020-04-19 18:06:36.536] [WARN] access - GET /assets/admin/vendor.js
[2020-04-19 18:06:36.536] [WARN] access - GET /assets/admin/main.css
[2020-04-19 18:06:36.537] [WARN] access - GET /assets/admin/views.js
[2020-04-19 18:06:36.538] [WARN] access - GET /assets/admin/main.js
[2020-04-19 18:06:36.600] [WARN] access - GET /assets/admin/images/logo@2x.png
[2020-04-19 18:06:36.622] [INFO] access - PUT /api/statistics
[2020-04-19 18:06:36.652] [WARN] access - GET /assets/admin/fonts/fontawesome-webfont.woff2?v=4.6.1
[2020-04-19 18:06:36.659] [WARN] access - GET /api/dashboard
[2020-04-19 18:06:36.659] [WARN] access - GET /api/account
[2020-04-19 18:06:36.659] [WARN] access - GET /api/categories
[2020-04-19 18:06:36.669] [WARN] access - GET /api/account
[2020-04-19 18:06:37.416] [WARN] access - GET /admin
[2020-04-19 18:06:37.434] [WARN] access - GET /assets/admin/vendor.css
[2020-04-19 18:06:37.442] [WARN] access - GET /assets/admin/main.css
[2020-04-19 18:06:37.443] [WARN] access - GET /assets/admin/main.js
[2020-04-19 18:06:37.443] [WARN] access - GET /assets/admin/vendor.js
[2020-04-19 18:06:37.443] [WARN] access - GET /assets/admin/views.js
[2020-04-19 18:06:37.472] [WARN] access - GET /assets/admin/images/logo@2x.png
[2020-04-19 18:06:37.491] [INFO] access - PUT /api/statistics
[2020-04-19 18:06:37.508] [WARN] access - GET /api/account
[2020-04-19 18:06:37.508] [WARN] access - GET /api/dashboard
[2020-04-19 18:06:37.509] [WARN] access - GET /api/categories
[2020-04-19 18:06:37.517] [WARN] access - GET /api/account
[2020-04-19 18:06:37.826] [WARN] access - GET /admin
[2020-04-19 18:06:37.842] [WARN] access - GET /assets/admin/vendor.css
[2020-04-19 18:06:37.849] [WARN] access - GET /assets/admin/main.css
[2020-04-19 18:06:37.850] [WARN] access - GET /assets/admin/vendor.js
[2020-04-19 18:06:37.851] [WARN] access - GET /assets/admin/main.js
[2020-04-19 18:06:37.852] [WARN] access - GET /assets/admin/views.js
[2020-04-19 18:06:37.877] [WARN] access - GET /assets/admin/images/logo@2x.png
[2020-04-19 18:06:37.897] [INFO] access - PUT /api/statistics
[2020-04-19 18:06:37.919] [WARN] access - GET /api/dashboard
[2020-04-19 18:06:37.919] [WARN] access - GET /api/account
[2020-04-19 18:06:37.920] [WARN] access - GET /api/categories
[2020-04-19 18:06:37.925] [WARN] access - GET /api/account
[2020-04-19 18:11:01.794] [WARN] access - GET /admin
[2020-04-19 18:11:01.813] [WARN] access - GET /assets/admin/vendor.css
[2020-04-19 18:11:01.821] [WARN] access - GET /assets/admin/main.css
[2020-04-19 18:11:01.822] [WARN] access - GET /assets/admin/vendor.js
[2020-04-19 18:11:01.823] [WARN] access - GET /assets/admin/views.js
[2020-04-19 18:11:01.823] [WARN] access - GET /assets/admin/main.js
[2020-04-19 18:11:01.881] [INFO] access - PUT /api/statistics
[2020-04-19 18:11:01.904] [WARN] access - GET /api/account
[2020-04-19 18:11:01.904] [WARN] access - GET /api/categories
[2020-04-19 18:11:01.904] [INFO] access - GET /assets/admin/images/logo@2x.png
[2020-04-19 18:11:01.905] [WARN] access - GET /api/dashboard
[2020-04-19 18:11:01.909] [WARN] access - GET /api/account
[2020-04-19 18:11:02.880] [WARN] access - GET /admin
[2020-04-19 18:11:02.903] [WARN] access - GET /assets/admin/vendor.css
[2020-04-19 18:11:02.907] [WARN] access - GET /assets/admin/main.js
[2020-04-19 18:11:02.908] [WARN] access - GET /assets/admin/vendor.js
[2020-04-19 18:11:02.908] [WARN] access - GET /assets/admin/main.css
[2020-04-19 18:11:02.909] [WARN] access - GET /assets/admin/views.js
[2020-04-19 18:11:02.954] [INFO] access - PUT /api/statistics
[2020-04-19 18:11:02.973] [WARN] access - GET /api/account
[2020-04-19 18:11:02.974] [WARN] access - GET /api/dashboard
[2020-04-19 18:11:02.975] [WARN] access - GET /api/categories
[2020-04-19 18:11:02.979] [WARN] access - GET /api/account
[2020-04-19 18:11:02.995] [WARN] access - GET /assets/admin/images/logo@2x.png
[2020-04-19 18:11:10.318] [WARN] access - GET /assets/admin/vendor.css
[2020-04-19 18:11:10.319] [WARN] access - GET /assets/admin/main.css
[2020-04-19 18:12:40.579] [INFO] access - GET /admin
[2020-04-19 18:12:40.621] [INFO] access - GET /assets/admin/main.css
[2020-04-19 18:12:40.624] [INFO] access - GET /assets/admin/vendor.css
[2020-04-19 18:12:40.632] [INFO] access - GET /assets/admin/main.js
[2020-04-19 18:12:40.633] [INFO] access - GET /assets/admin/views.js
[2020-04-19 18:12:40.668] [INFO] access - GET /assets/admin/vendor.js
[2020-04-19 18:12:46.284] [WARN] access - GET /admin
[2020-04-19 18:12:46.307] [WARN] access - GET /assets/admin/vendor.css
[2020-04-19 18:12:46.316] [WARN] access - GET /assets/admin/main.css
[2020-04-19 18:12:46.316] [WARN] access - GET /assets/admin/main.js
[2020-04-19 18:12:46.317] [WARN] access - GET /assets/admin/views.js
[2020-04-19 18:12:46.354] [INFO] access - GET /assets/admin/vendor.js
[2020-04-19 18:12:46.585] [INFO] access - PUT /api/statistics
[2020-04-19 18:12:46.608] [WARN] access - GET /api/account
[2020-04-19 18:12:46.608] [INFO] access - GET /assets/admin/images/logo.png
[2020-04-19 18:12:46.609] [WARN] access - GET /api/categories
[2020-04-19 18:12:46.609] [WARN] access - GET /api/dashboard
[2020-04-19 18:12:46.610] [INFO] access - GET /assets/admin/fonts/fontawesome-webfont.woff2?v=4.6.1
[2020-04-19 18:12:46.617] [WARN] access - GET /api/account
[2020-04-19 18:16:00.892] [INFO] access - GET /admin
[2020-04-19 18:16:00.920] [INFO] access - GET /assets/admin/vendor.css
[2020-04-19 18:16:00.926] [INFO] access - GET /assets/admin/main.css
[2020-04-19 18:16:00.931] [INFO] access - GET /assets/admin/main.js
[2020-04-19 18:16:00.935] [INFO] access - GET /assets/admin/views.js
[2020-04-19 18:16:00.958] [INFO] access - GET /assets/admin/vendor.js
[2020-04-19 18:16:01.046] [INFO] access - GET /assets/admin/images/logo.png
[2020-04-19 18:16:01.070] [INFO] access - PUT /api/statistics
[2020-04-19 18:16:01.091] [WARN] access - GET /api/dashboard
[2020-04-19 18:16:01.091] [WARN] access - GET /api/categories
[2020-04-19 18:16:01.092] [WARN] access - GET /api/account
[2020-04-19 18:16:01.094] [INFO] access - GET /assets/admin/fonts/fontawesome-webfont.woff2?v=4.6.1
[2020-04-19 18:16:01.100] [WARN] access - GET /api/account
[2020-04-19 18:16:29.883] [WARN] access - GET /api/models?type=feature
[2020-04-19 18:16:29.884] [WARN] access - GET /api/features
[2020-04-19 18:16:31.976] [WARN] access - GET /api/categories/5e9af8b7e897746894879500
[2020-04-19 18:16:31.983] [INFO] access - GET /api/contents?_id=5e9af8b7e897746894879500&currentPage=1&deleted=false&pageSize=20
[2020-04-19 18:16:32.004] [WARN] access - GET /api/contents?_id=5e9af8b7e897746894879500&currentPage=1&deleted=false&pageSize=20
[2020-04-19 18:16:32.035] [WARN] access - GET /media/202004/5e9afea2a03d396bf9432724/301586082973_.pic.jpg
[2020-04-19 18:16:32.036] [WARN] access - GET /media/202004/5e9afe73a03d396bf9432722/301586082973_.pic.jpg
[2020-04-19 18:16:32.037] [WARN] access - GET /media/202004/5e9afe4ea03d396bf9432720/301586082973_.pic.jpg
[2020-04-19 18:16:32.037] [WARN] access - GET /media/202004/5e9afdeca03d396bf943271e/301586082973_.pic.jpg
[2020-04-19 18:16:32.038] [WARN] access - GET /media/202004/5e9af929e897746894879502/301586082973_.pic_thumb.jpg
[2020-04-19 18:16:32.710] [WARN] access - GET /api/categories/5e9af9dae897746894879504
[2020-04-19 18:16:32.716] [INFO] access - GET /api/contents?_id=5e9af9dae897746894879504&currentPage=1&deleted=false&pageSize=20
[2020-04-19 18:16:32.730] [WARN] access - GET /api/contents?_id=5e9af9dae897746894879504&currentPage=1&deleted=false&pageSize=20
[2020-04-19 18:16:32.746] [WARN] access - GET /media/202004/5e9afa17e897746894879505/301586082973_.pic.jpg
[2020-04-19 18:16:36.454] [WARN] access - GET /api/media?currentPage=1&pageSize=20
[2020-04-19 18:16:39.189] [WARN] access - GET /api/site-info
[2020-04-19 18:16:39.997] [WARN] access - GET /api/categories
[2020-04-19 18:16:41.169] [WARN] access - GET /api/models?type=content
[2020-04-19 18:16:42.160] [WARN] access - GET /api/models?type=feature
[2020-04-19 18:16:44.320] [WARN] access - GET /api/models?type=content
[2020-04-19 18:16:44.968] [WARN] access - GET /api/categories
[2020-04-19 18:20:57.902] [INFO] access - GET /admin/setting/categories
[2020-04-19 18:20:57.947] [INFO] access - GET /assets/admin/main.css
[2020-04-19 18:20:57.951] [INFO] access - GET /assets/admin/vendor.css
[2020-04-19 18:20:57.952] [INFO] access - GET /assets/admin/main.js
[2020-04-19 18:20:57.970] [INFO] access - GET /assets/admin/views.js
[2020-04-19 18:20:57.994] [INFO] access - GET /assets/admin/vendor.js
[2020-04-19 18:21:02.046] [WARN] access - GET /admin/setting/categories
[2020-04-19 18:21:02.063] [WARN] access - GET /assets/admin/vendor.css
[2020-04-19 18:21:02.068] [WARN] access - GET /assets/admin/main.css
[2020-04-19 18:21:02.068] [WARN] access - GET /assets/admin/views.js
[2020-04-19 18:21:02.069] [WARN] access - GET /assets/admin/main.js
[2020-04-19 18:21:02.099] [INFO] access - GET /assets/admin/vendor.js
[2020-04-19 18:21:02.189] [WARN] access - GET /api/account
[2020-04-19 18:21:02.207] [INFO] access - GET /assets/admin/images/logo.png
[2020-04-19 18:21:02.239] [INFO] access - PUT /api/statistics
[2020-04-19 18:21:02.252] [WARN] access - GET /api/dashboard
[2020-04-19 18:21:02.253] [WARN] access - GET /api/categories
[2020-04-19 18:21:02.263] [INFO] access - GET /assets/admin/fonts/fontawesome-webfont.woff2?v=4.6.1
[2020-04-19 18:21:02.273] [WARN] access - GET /api/categories
[2020-04-19 18:21:03.952] [WARN] access - GET /admin/setting/categories
[2020-04-19 18:21:03.968] [WARN] access - GET /assets/admin/vendor.css
[2020-04-19 18:21:03.975] [WARN] access - GET /assets/admin/main.css
[2020-04-19 18:21:03.975] [WARN] access - GET /assets/admin/vendor.js
[2020-04-19 18:21:03.976] [WARN] access - GET /assets/admin/main.js
[2020-04-19 18:21:03.976] [WARN] access - GET /assets/admin/views.js
[2020-04-19 18:21:04.061] [WARN] access - GET /api/account
[2020-04-19 18:21:04.078] [WARN] access - GET /assets/admin/images/logo.png
[2020-04-19 18:21:04.108] [INFO] access - PUT /api/statistics
[2020-04-19 18:21:04.119] [WARN] access - GET /api/dashboard
[2020-04-19 18:21:04.119] [WARN] access - GET /api/categories
[2020-04-19 18:21:04.130] [WARN] access - GET /api/categories
[2020-04-19 18:21:04.808] [WARN] access - GET /admin/setting/categories
[2020-04-19 18:21:04.826] [WARN] access - GET /assets/admin/vendor.css
[2020-04-19 18:21:04.834] [WARN] access - GET /assets/admin/main.js
[2020-04-19 18:21:04.835] [WARN] access - GET /assets/admin/main.css
[2020-04-19 18:21:04.835] [WARN] access - GET /assets/admin/vendor.js
[2020-04-19 18:21:04.836] [WARN] access - GET /assets/admin/views.js
[2020-04-19 18:21:04.896] [WARN] access - GET /api/account
[2020-04-19 18:21:04.913] [WARN] access - GET /assets/admin/images/logo.png
[2020-04-19 18:21:04.947] [INFO] access - PUT /api/statistics
[2020-04-19 18:21:04.962] [WARN] access - GET /api/dashboard
[2020-04-19 18:21:04.963] [WARN] access - GET /api/categories
[2020-04-19 18:21:04.979] [WARN] access - GET /api/categories
[2020-04-19 18:23:06.946] [INFO] access - GET /admin/setting/categories
[2020-04-19 18:23:06.978] [INFO] access - GET /assets/admin/main.css
[2020-04-19 18:23:06.987] [INFO] access - GET /assets/admin/main.js
[2020-04-19 18:23:06.988] [INFO] access - GET /assets/admin/views.js
[2020-04-19 18:23:06.988] [INFO] access - GET /assets/admin/vendor.css
[2020-04-19 18:23:07.018] [INFO] access - GET /assets/admin/vendor.js
[2020-04-19 18:23:07.143] [WARN] access - GET /api/account
[2020-04-19 18:23:07.176] [INFO] access - GET /assets/admin/images/logo.png
[2020-04-19 18:23:07.200] [INFO] access - PUT /api/statistics
[2020-04-19 18:23:07.251] [INFO] access - GET /assets/admin/fonts/fontawesome-webfont.woff2?v=4.6.1
[2020-04-19 18:23:07.252] [WARN] access - GET /api/dashboard
[2020-04-19 18:23:07.252] [WARN] access - GET /api/categories
[2020-04-19 18:23:07.267] [WARN] access - GET /api/categories
[2020-04-19 18:25:14.924] [INFO] access - GET /admin/setting/categories
[2020-04-19 18:25:14.951] [INFO] access - GET /assets/admin/vendor.css
[2020-04-19 18:25:14.952] [INFO] access - GET /assets/admin/main.css
[2020-04-19 18:25:14.985] [INFO] access - GET /assets/admin/views.js
[2020-04-19 18:25:14.987] [INFO] access - GET /assets/admin/main.js
[2020-04-19 18:25:15.016] [INFO] access - GET /assets/admin/vendor.js
[2020-04-19 18:25:20.774] [WARN] access - GET /admin/setting/categories
[2020-04-19 18:25:20.797] [WARN] access - GET /assets/admin/vendor.css
[2020-04-19 18:25:20.797] [WARN] access - GET /assets/admin/main.css
[2020-04-19 18:25:20.804] [WARN] access - GET /assets/admin/main.js
[2020-04-19 18:25:20.805] [WARN] access - GET /assets/admin/views.js
[2020-04-19 18:25:20.837] [INFO] access - GET /assets/admin/vendor.js
[2020-04-19 18:25:20.919] [WARN] access - GET /api/account
[2020-04-19 18:25:20.969] [INFO] access - PUT /api/statistics
[2020-04-19 18:25:20.994] [WARN] access - GET /api/dashboard
[2020-04-19 18:25:20.996] [WARN] access - GET /api/categories
[2020-04-19 18:25:21.000] [INFO] access - GET /assets/admin/fonts/fontawesome-webfont.woff2?v=4.6.1
[2020-04-19 18:25:21.005] [INFO] access - GET /assets/admin/images/logo.png
[2020-04-19 18:25:21.013] [WARN] access - GET /api/categories
[2020-04-19 18:25:44.403] [INFO] access - GET /admin/setting/categories
[2020-04-19 18:25:44.428] [INFO] access - GET /assets/admin/main.css
[2020-04-19 18:25:44.434] [INFO] access - GET /assets/admin/vendor.css
[2020-04-19 18:25:44.439] [INFO] access - GET /assets/admin/views.js
[2020-04-19 18:25:44.449] [INFO] access - GET /assets/admin/main.js
[2020-04-19 18:25:44.590] [INFO] access - GET /assets/admin/vendor.js
[2020-04-19 18:25:44.745] [WARN] access - GET /api/account
[2020-04-19 18:25:44.769] [INFO] access - GET /assets/admin/images/logo.png
[2020-04-19 18:25:44.832] [INFO] access - PUT /api/statistics
[2020-04-19 18:25:44.864] [WARN] access - GET /api/dashboard
[2020-04-19 18:25:44.871] [INFO] access - GET /assets/admin/fonts/fontawesome-webfont.woff2?v=4.6.1
[2020-04-19 18:25:44.874] [WARN] access - GET /api/categories
[2020-04-19 18:25:44.884] [WARN] access - GET /api/categories
[2020-04-19 18:26:11.791] [INFO] access - GET /admin/setting/categories
[2020-04-19 18:26:11.808] [INFO] access - GET /assets/admin/main.css
[2020-04-19 18:26:11.811] [INFO] access - GET /assets/admin/vendor.css
[2020-04-19 18:26:11.830] [INFO] access - GET /assets/admin/views.js
[2020-04-19 18:26:11.834] [INFO] access - GET /assets/admin/main.js
[2020-04-19 18:26:11.929] [INFO] access - GET /assets/admin/vendor.js
[2020-04-19 18:26:12.070] [WARN] access - GET /api/account
[2020-04-19 18:26:12.086] [INFO] access - GET /assets/admin/images/logo.png
[2020-04-19 18:26:12.123] [INFO] access - PUT /api/statistics
[2020-04-19 18:26:12.138] [WARN] access - GET /api/dashboard
[2020-04-19 18:26:12.139] [WARN] access - GET /api/categories
[2020-04-19 18:26:12.141] [INFO] access - GET /assets/admin/fonts/fontawesome-webfont.woff2?v=4.6.1
[2020-04-19 18:26:12.150] [WARN] access - GET /api/categories
[2020-04-19 18:26:54.721] [INFO] access - GET /admin/setting/categories
[2020-04-19 18:26:54.746] [INFO] access - GET /assets/admin/main.css
[2020-04-19 18:26:54.757] [INFO] access - GET /assets/admin/vendor.css
[2020-04-19 18:26:54.767] [INFO] access - GET /assets/admin/views.js
[2020-04-19 18:26:54.769] [INFO] access - GET /assets/admin/main.js
[2020-04-19 18:26:54.868] [INFO] access - GET /assets/admin/vendor.js
[2020-04-19 18:26:55.036] [WARN] access - GET /api/account
[2020-04-19 18:26:55.054] [INFO] access - GET /assets/admin/images/logo.png
[2020-04-19 18:26:55.113] [INFO] access - PUT /api/statistics
[2020-04-19 18:26:55.139] [WARN] access - GET /api/dashboard
[2020-04-19 18:26:55.141] [WARN] access - GET /api/categories
[2020-04-19 18:26:55.141] [INFO] access - GET /assets/admin/fonts/fontawesome-webfont.woff2?v=4.6.1
[2020-04-19 18:26:55.150] [WARN] access - GET /api/categories
[2020-04-19 18:27:29.645] [INFO] access - GET /admin/setting/categories
[2020-04-19 18:27:29.671] [INFO] access - GET /assets/admin/main.css
[2020-04-19 18:27:29.673] [INFO] access - GET /assets/admin/vendor.css
[2020-04-19 18:27:29.678] [INFO] access - GET /assets/admin/views.js
[2020-04-19 18:27:29.683] [INFO] access - GET /assets/admin/main.js
[2020-04-19 18:27:29.775] [INFO] access - GET /assets/admin/vendor.js
[2020-04-19 18:27:29.916] [WARN] access - GET /api/account
[2020-04-19 18:27:29.936] [INFO] access - GET /assets/admin/images/logo.png
[2020-04-19 18:27:29.969] [INFO] access - PUT /api/statistics
[2020-04-19 18:27:29.983] [WARN] access - GET /api/dashboard
[2020-04-19 18:27:29.984] [WARN] access - GET /api/categories
[2020-04-19 18:27:29.986] [INFO] access - GET /assets/admin/fonts/fontawesome-webfont.woff2?v=4.6.1
[2020-04-19 18:27:29.990] [WARN] access - GET /api/categories
[2020-04-19 18:27:41.340] [INFO] access - GET /admin/setting/categories
[2020-04-19 18:27:41.366] [INFO] access - GET /assets/admin/main.css
[2020-04-19 18:27:41.374] [INFO] access - GET /assets/admin/vendor.css
[2020-04-19 18:27:41.383] [INFO] access - GET /assets/admin/views.js
[2020-04-19 18:27:41.387] [INFO] access - GET /assets/admin/main.js
[2020-04-19 18:27:41.477] [INFO] access - GET /assets/admin/vendor.js
[2020-04-19 18:27:41.618] [WARN] access - GET /api/account
[2020-04-19 18:27:41.637] [INFO] access - GET /assets/admin/images/logo.png
[2020-04-19 18:27:41.665] [INFO] access - PUT /api/statistics
[2020-04-19 18:27:41.688] [WARN] access - GET /api/categories
[2020-04-19 18:27:41.688] [WARN] access - GET /api/dashboard
[2020-04-19 18:27:41.690] [INFO] access - GET /assets/admin/fonts/fontawesome-webfont.woff2?v=4.6.1
[2020-04-19 18:27:41.704] [WARN] access - GET /api/categories
[2020-04-19 18:28:37.627] [INFO] access - GET /admin/setting/categories
[2020-04-19 18:28:37.657] [INFO] access - GET /assets/admin/main.css
[2020-04-19 18:28:37.666] [INFO] access - GET /assets/admin/views.js
[2020-04-19 18:28:37.666] [INFO] access - GET /assets/admin/vendor.css
[2020-04-19 18:28:37.670] [INFO] access - GET /assets/admin/main.js
[2020-04-19 18:28:37.765] [INFO] access - GET /assets/admin/vendor.js
[2020-04-19 18:28:37.948] [WARN] access - GET /api/account
[2020-04-19 18:28:37.961] [INFO] access - GET /assets/admin/images/logo.png
[2020-04-19 18:28:38.005] [INFO] access - PUT /api/statistics
[2020-04-19 18:28:38.027] [WARN] access - GET /api/dashboard
[2020-04-19 18:28:38.028] [WARN] access - GET /api/categories
[2020-04-19 18:28:38.029] [INFO] access - GET /assets/admin/fonts/fontawesome-webfont.woff2?v=4.6.1
[2020-04-19 18:28:38.034] [WARN] access - GET /api/categories
[2020-04-19 18:29:28.907] [INFO] access - GET /admin/setting/categories
[2020-04-19 18:29:28.930] [INFO] access - GET /assets/admin/main.css
[2020-04-19 18:29:28.939] [INFO] access - GET /assets/admin/vendor.css
[2020-04-19 18:29:28.942] [INFO] access - GET /assets/admin/views.js
[2020-04-19 18:29:28.946] [INFO] access - GET /assets/admin/main.js
[2020-04-19 18:29:29.036] [INFO] access - GET /assets/admin/vendor.js
[2020-04-19 18:29:29.171] [WARN] access - GET /api/account
[2020-04-19 18:29:29.191] [INFO] access - GET /assets/admin/images/logo.png
[2020-04-19 18:29:29.222] [INFO] access - PUT /api/statistics
[2020-04-19 18:29:29.238] [WARN] access - GET /api/categories
[2020-04-19 18:29:29.238] [WARN] access - GET /api/dashboard
[2020-04-19 18:29:29.240] [INFO] access - GET /assets/admin/fonts/fontawesome-webfont.woff2?v=4.6.1
[2020-04-19 18:29:29.245] [WARN] access - GET /api/categories
[2020-04-19 18:33:29.979] [INFO] access - GET /admin
[2020-04-19 18:33:30.036] [INFO] access - GET /assets/admin/main.js
[2020-04-19 18:33:30.037] [INFO] access - GET /assets/admin/vendor.css
[2020-04-19 18:33:30.051] [INFO] access - GET /assets/admin/views.js
[2020-04-19 18:33:30.054] [INFO] access - GET /assets/admin/main.css
[2020-04-19 18:33:30.153] [INFO] access - GET /assets/admin/vendor.js
[2020-04-19 18:33:30.342] [INFO] access - GET /assets/admin/images/logo.png
[2020-04-19 18:33:30.443] [INFO] access - PUT /api/statistics
[2020-04-19 18:33:30.448] [INFO] access - GET /assets/admin/fonts/fontawesome-webfont.woff2?v=4.6.1
[2020-04-19 18:33:30.479] [WARN] access - GET /api/account
[2020-04-19 18:33:30.480] [WARN] access - GET /api/dashboard
[2020-04-19 18:33:30.490] [INFO] access - GET /api/categories
[2020-04-19 18:33:30.493] [WARN] access - GET /api/account
[2020-04-19 18:35:02.520] [INFO] access - GET /admin
[2020-04-19 18:35:02.548] [INFO] access - GET /assets/admin/main.css
[2020-04-19 18:35:02.549] [INFO] access - GET /assets/admin/vendor.css
[2020-04-19 18:35:02.563] [INFO] access - GET /assets/admin/views.js
[2020-04-19 18:35:02.564] [INFO] access - GET /assets/admin/main.js
[2020-04-19 18:35:02.677] [INFO] access - GET /assets/admin/vendor.js
[2020-04-19 18:35:02.853] [INFO] access - GET /assets/admin/images/logo.png
[2020-04-19 18:35:02.879] [INFO] access - PUT /api/statistics
[2020-04-19 18:35:02.913] [WARN] access - GET /api/dashboard
[2020-04-19 18:35:02.917] [WARN] access - GET /api/account
[2020-04-19 18:35:02.919] [INFO] access - GET /assets/admin/fonts/fontawesome-webfont.woff2?v=4.6.1
[2020-04-19 18:35:02.919] [WARN] access - GET /api/categories
[2020-04-19 18:35:02.928] [WARN] access - GET /api/account
[2020-04-19 18:35:28.388] [INFO] access - GET /admin
[2020-04-19 18:35:28.414] [INFO] access - GET /assets/admin/vendor.css
[2020-04-19 18:35:28.416] [INFO] access - GET /assets/admin/main.css
[2020-04-19 18:35:28.426] [INFO] access - GET /assets/admin/views.js
[2020-04-19 18:35:28.429] [INFO] access - GET /assets/admin/main.js
[2020-04-19 18:35:28.533] [INFO] access - GET /assets/admin/vendor.js
[2020-04-19 18:35:28.696] [INFO] access - GET /assets/admin/images/logo.png
[2020-04-19 18:35:28.743] [INFO] access - PUT /api/statistics
[2020-04-19 18:35:28.762] [WARN] access - GET /api/dashboard
[2020-04-19 18:35:28.767] [WARN] access - GET /api/account
[2020-04-19 18:35:28.767] [INFO] access - GET /assets/admin/fonts/fontawesome-webfont.woff2?v=4.6.1
[2020-04-19 18:35:28.768] [WARN] access - GET /api/categories
[2020-04-19 18:35:28.779] [WARN] access - GET /api/account
[2020-04-19 18:35:59.382] [INFO] access - GET /admin
[2020-04-19 18:35:59.400] [INFO] access - GET /assets/admin/main.css
[2020-04-19 18:35:59.412] [INFO] access - GET /assets/admin/vendor.css
[2020-04-19 18:35:59.425] [INFO] access - GET /assets/admin/main.js
[2020-04-19 18:35:59.428] [INFO] access - GET /assets/admin/views.js
[2020-04-19 18:35:59.523] [INFO] access - GET /assets/admin/vendor.js
[2020-04-19 18:35:59.680] [INFO] access - GET /assets/admin/images/logo.png
[2020-04-19 18:35:59.707] [INFO] access - PUT /api/statistics
[2020-04-19 18:35:59.743] [WARN] access - GET /api/account
[2020-04-19 18:35:59.748] [INFO] access - GET /assets/admin/fonts/fontawesome-webfont.woff2?v=4.6.1
[2020-04-19 18:35:59.748] [WARN] access - GET /api/categories
[2020-04-19 18:35:59.748] [WARN] access - GET /api/dashboard
[2020-04-19 18:35:59.761] [WARN] access - GET /api/account
[2020-04-19 18:36:13.397] [WARN] access - GET /api/models?type=feature
[2020-04-19 18:36:13.398] [WARN] access - GET /api/features
[2020-04-19 18:36:16.367] [WARN] access - GET /api/models?type=feature
[2020-04-19 18:36:16.368] [WARN] access - GET /api/features
[2020-04-19 18:36:31.916] [INFO] access - GET /admin
[2020-04-19 18:36:31.947] [INFO] access - GET /assets/admin/main.css
[2020-04-19 18:36:31.952] [INFO] access - GET /assets/admin/vendor.css
[2020-04-19 18:36:31.956] [INFO] access - GET /assets/admin/views.js
[2020-04-19 18:36:31.960] [INFO] access - GET /assets/admin/main.js
[2020-04-19 18:36:32.064] [INFO] access - GET /assets/admin/vendor.js
[2020-04-19 18:36:32.218] [INFO] access - GET /assets/admin/images/logo.png
[2020-04-19 18:36:32.245] [INFO] access - PUT /api/statistics
[2020-04-19 18:36:32.281] [WARN] access - GET /api/categories
[2020-04-19 18:36:32.281] [WARN] access - GET /api/account
[2020-04-19 18:36:32.289] [INFO] access - GET /assets/admin/fonts/fontawesome-webfont.woff2?v=4.6.1
[2020-04-19 18:36:32.290] [WARN] access - GET /api/dashboard
[2020-04-19 18:36:32.299] [WARN] access - GET /api/account
[2020-04-19 18:36:34.326] [WARN] access - GET /api/models?type=feature
[2020-04-19 18:36:34.326] [WARN] access - GET /api/features
[2020-04-19 18:36:37.632] [WARN] access - GET /api/models?type=feature
[2020-04-19 18:36:37.632] [WARN] access - GET /api/features
[2020-04-19 18:36:50.285] [INFO] access - GET /admin/features
[2020-04-19 18:36:50.302] [INFO] access - GET /assets/admin/main.css
[2020-04-19 18:36:50.310] [INFO] access - GET /assets/admin/vendor.css
[2020-04-19 18:36:50.328] [INFO] access - GET /assets/admin/views.js
[2020-04-19 18:36:50.333] [INFO] access - GET /assets/admin/main.js
[2020-04-19 18:36:50.431] [INFO] access - GET /assets/admin/vendor.js
[2020-04-19 18:36:50.575] [WARN] access - GET /api/account
[2020-04-19 18:36:50.590] [INFO] access - GET /assets/admin/images/logo.png
[2020-04-19 18:36:50.639] [INFO] access - PUT /api/statistics
[2020-04-19 18:36:50.665] [WARN] access - GET /api/dashboard
[2020-04-19 18:36:50.668] [WARN] access - GET /api/categories
[2020-04-19 18:36:50.669] [INFO] access - GET /assets/admin/fonts/fontawesome-webfont.woff2?v=4.6.1
[2020-04-19 18:36:50.671] [WARN] access - GET /api/features
[2020-04-19 18:36:50.672] [WARN] access - GET /api/models?type=feature
[2020-04-19 18:36:54.359] [WARN] access - GET /api/models?type=feature
[2020-04-19 18:36:54.363] [WARN] access - GET /api/features
[2020-04-19 18:37:40.359] [INFO] access - GET /admin
[2020-04-19 18:37:40.385] [INFO] access - GET /assets/admin/vendor.css
[2020-04-19 18:37:40.401] [INFO] access - GET /assets/admin/main.css
[2020-04-19 18:37:40.410] [INFO] access - GET /assets/admin/views.js
[2020-04-19 18:37:40.417] [INFO] access - GET /assets/admin/main.js
[2020-04-19 18:37:40.545] [INFO] access - GET /assets/admin/vendor.js
[2020-04-19 18:37:40.726] [INFO] access - PUT /api/statistics
[2020-04-19 18:37:40.782] [INFO] access - GET /assets/admin/images/logo.png
[2020-04-19 18:37:40.784] [WARN] access - GET /api/account
[2020-04-19 18:37:40.786] [WARN] access - GET /api/categories
[2020-04-19 18:37:40.786] [WARN] access - GET /api/dashboard
[2020-04-19 18:37:40.792] [INFO] access - GET /assets/admin/fonts/fontawesome-webfont.woff2?v=4.6.1
[2020-04-19 18:37:40.797] [WARN] access - GET /api/account
[2020-04-19 18:37:45.790] [WARN] access - GET /api/models?type=feature
[2020-04-19 18:37:45.791] [WARN] access - GET /api/features
[2020-04-19 18:38:13.753] [INFO] access - GET /admin/features
[2020-04-19 18:38:13.786] [INFO] access - GET /assets/admin/vendor.css
[2020-04-19 18:38:13.790] [INFO] access - GET /assets/admin/main.css
[2020-04-19 18:38:13.812] [INFO] access - GET /assets/admin/views.js
[2020-04-19 18:38:13.813] [INFO] access - GET /assets/admin/main.js
[2020-04-19 18:38:13.915] [INFO] access - GET /assets/admin/vendor.js
[2020-04-19 18:38:14.074] [WARN] access - GET /api/account
[2020-04-19 18:38:14.087] [INFO] access - GET /assets/admin/images/logo.png
[2020-04-19 18:38:14.131] [INFO] access - PUT /api/statistics
[2020-04-19 18:38:14.157] [WARN] access - GET /api/dashboard
[2020-04-19 18:38:14.160] [WARN] access - GET /api/categories
[2020-04-19 18:38:14.161] [INFO] access - GET /assets/admin/fonts/fontawesome-webfont.woff2?v=4.6.1
[2020-04-19 18:38:14.162] [WARN] access - GET /api/features
[2020-04-19 18:38:14.162] [WARN] access - GET /api/models?type=feature
[2020-04-19 18:38:48.415] [INFO] access - GET /admin/features
[2020-04-19 18:38:48.438] [INFO] access - GET /assets/admin/main.css
[2020-04-19 18:38:48.448] [INFO] access - GET /assets/admin/vendor.css
[2020-04-19 18:38:48.451] [INFO] access - GET /assets/admin/views.js
[2020-04-19 18:38:48.459] [INFO] access - GET /assets/admin/main.js
[2020-04-19 18:38:48.557] [INFO] access - GET /assets/admin/vendor.js
[2020-04-19 18:38:48.718] [WARN] access - GET /api/account
[2020-04-19 18:38:48.735] [INFO] access - GET /assets/admin/images/logo.png
[2020-04-19 18:38:48.771] [INFO] access - PUT /api/statistics
[2020-04-19 18:38:48.806] [WARN] access - GET /api/categories
[2020-04-19 18:38:48.807] [WARN] access - GET /api/dashboard
[2020-04-19 18:38:48.810] [INFO] access - GET /assets/admin/fonts/fontawesome-webfont.woff2?v=4.6.1
[2020-04-19 18:38:48.814] [WARN] access - GET /api/models?type=feature
[2020-04-19 18:38:48.821] [WARN] access - GET /api/features
[2020-04-19 18:38:51.023] [WARN] access - GET /api/categories/5e9af8b7e897746894879500
[2020-04-19 18:38:51.038] [WARN] access - GET /api/contents?_id=5e9af8b7e897746894879500&currentPage=1&deleted=false&pageSize=20
[2020-04-19 18:38:51.053] [WARN] access - GET /api/contents?_id=5e9af8b7e897746894879500&currentPage=1&deleted=false&pageSize=20
[2020-04-19 18:38:51.072] [WARN] access - GET /media/202004/5e9afea2a03d396bf9432724/301586082973_.pic.jpg
[2020-04-19 18:38:51.073] [WARN] access - GET /media/202004/5e9afe73a03d396bf9432722/301586082973_.pic.jpg
[2020-04-19 18:38:51.073] [WARN] access - GET /media/202004/5e9afe4ea03d396bf9432720/301586082973_.pic.jpg
[2020-04-19 18:38:51.074] [WARN] access - GET /media/202004/5e9afdeca03d396bf943271e/301586082973_.pic.jpg
[2020-04-19 18:38:51.077] [WARN] access - GET /media/202004/5e9af929e897746894879502/301586082973_.pic_thumb.jpg
[2020-04-19 18:38:51.782] [WARN] access - GET /api/categories/5e9af9dae897746894879504
[2020-04-19 18:38:51.804] [WARN] access - GET /api/contents?_id=5e9af9dae897746894879504&currentPage=1&deleted=false&pageSize=20
[2020-04-19 18:38:51.815] [WARN] access - GET /api/contents?_id=5e9af9dae897746894879504&currentPage=1&deleted=false&pageSize=20
[2020-04-19 18:38:51.817] [WARN] access - GET /media/202004/5e9afa17e897746894879505/301586082973_.pic.jpg
[2020-04-19 18:38:53.225] [WARN] access - GET /api/contents?currentPage=1&deleted=true&pageSize=20
[2020-04-19 18:38:53.234] [WARN] access - GET /api/contents?currentPage=1&deleted=true&pageSize=20
[2020-04-19 18:38:57.915] [WARN] access - GET /api/media?currentPage=1&pageSize=9
[2020-04-19 18:38:57.915] [WARN] access - GET /api/pages/5e9af966e897746894879503?markdown=true
[2020-04-19 18:38:58.789] [WARN] access - GET /api/media?currentPage=1&pageSize=20
[2020-04-19 18:38:58.828] [WARN] access - GET /media/202004/5e9afea2a03d396bf9432724/301586082973_.pic.jpg
[2020-04-19 18:38:58.830] [WARN] access - GET /media/202004/5e9afe73a03d396bf9432722/301586082973_.pic.jpg
[2020-04-19 18:38:58.831] [WARN] access - GET /media/202004/5e9afdeca03d396bf943271e/301586082973_.pic.jpg
[2020-04-19 18:38:58.831] [WARN] access - GET /media/202004/5e9afe4ea03d396bf9432720/301586082973_.pic.jpg
[2020-04-19 18:38:58.832] [WARN] access - GET /media/202004/5e9af929e897746894879502/301586082973_.pic_thumb.jpg
[2020-04-19 18:39:02.421] [WARN] access - GET /api/site-info
[2020-04-19 18:39:03.104] [WARN] access - GET /api/categories
[2020-04-19 18:39:03.798] [WARN] access - GET /api/models?type=content
[2020-04-19 18:39:04.437] [WARN] access - GET /api/models?type=feature
[2020-04-19 18:39:05.071] [WARN] access - GET /api/roles
[2020-04-19 18:39:05.719] [WARN] access - GET /api/admin-users
[2020-04-19 18:40:05.210] [INFO] access - GET /admin/setting/admin-users
[2020-04-19 18:40:05.233] [WARN] access - GET /assets/admin/vendor.css
[2020-04-19 18:40:05.245] [WARN] access - GET /assets/admin/main.css
[2020-04-19 18:40:05.245] [WARN] access - GET /assets/admin/vendor.js
[2020-04-19 18:40:05.250] [WARN] access - GET /assets/admin/views.js
[2020-04-19 18:40:05.251] [WARN] access - GET /assets/admin/main.js
[2020-04-19 18:40:05.386] [WARN] access - GET /api/account
[2020-04-19 18:40:05.404] [WARN] access - GET /assets/admin/images/logo.png
[2020-04-19 18:40:05.436] [INFO] access - PUT /api/statistics
[2020-04-19 18:40:05.471] [WARN] access - GET /assets/admin/fonts/fontawesome-webfont.woff2?v=4.6.1
[2020-04-19 18:40:05.472] [WARN] access - GET /api/dashboard
[2020-04-19 18:40:05.472] [WARN] access - GET /api/categories
[2020-04-19 18:40:05.476] [WARN] access - GET /api/admin-users
[2020-04-19 18:40:19.458] [WARN] access - GET /api/models?type=feature
[2020-04-19 18:40:19.459] [WARN] access - GET /api/features
[2020-04-19 18:40:22.501] [WARN] access - GET /api/categories/5e9af8b7e897746894879500
[2020-04-19 18:40:22.516] [WARN] access - GET /api/contents?_id=5e9af8b7e897746894879500&currentPage=1&deleted=false&pageSize=20
[2020-04-19 18:40:22.538] [WARN] access - GET /api/contents?_id=5e9af8b7e897746894879500&currentPage=1&deleted=false&pageSize=20
[2020-04-19 18:40:22.561] [WARN] access - GET /media/202004/5e9afea2a03d396bf9432724/301586082973_.pic.jpg
[2020-04-19 18:40:22.563] [WARN] access - GET /media/202004/5e9afe4ea03d396bf9432720/301586082973_.pic.jpg
[2020-04-19 18:40:22.564] [WARN] access - GET /media/202004/5e9afe73a03d396bf9432722/301586082973_.pic.jpg
[2020-04-19 18:40:22.564] [WARN] access - GET /media/202004/5e9af929e897746894879502/301586082973_.pic_thumb.jpg
[2020-04-19 18:40:22.565] [WARN] access - GET /media/202004/5e9afdeca03d396bf943271e/301586082973_.pic.jpg
[2020-04-19 18:40:23.166] [WARN] access - GET /api/contents?currentPage=1&deleted=true&pageSize=20
[2020-04-19 18:40:23.177] [WARN] access - GET /api/contents?currentPage=1&deleted=true&pageSize=20
[2020-04-19 18:40:23.972] [WARN] access - GET /api/categories/5e9af9dae897746894879504
[2020-04-19 18:40:23.980] [WARN] access - GET /api/contents?_id=5e9af9dae897746894879504&currentPage=1&deleted=false&pageSize=20
[2020-04-19 18:40:23.997] [WARN] access - GET /api/contents?_id=5e9af9dae897746894879504&currentPage=1&deleted=false&pageSize=20
[2020-04-19 18:40:24.000] [WARN] access - GET /media/202004/5e9afa17e897746894879505/301586082973_.pic.jpg
[2020-04-19 18:40:26.201] [WARN] access - GET /api/contents?currentPage=1&deleted=true&pageSize=20
[2020-04-19 18:40:26.216] [WARN] access - GET /api/contents?currentPage=1&deleted=true&pageSize=20
[2020-04-19 18:40:27.793] [WARN] access - GET /api/pages/5e9af966e897746894879503?markdown=true
[2020-04-19 18:40:27.794] [WARN] access - GET /api/media?currentPage=1&pageSize=9
[2020-04-19 18:40:28.483] [WARN] access - GET /api/media?currentPage=1&pageSize=20
[2020-04-19 18:40:31.213] [WARN] access - GET /api/site-info
[2020-04-19 18:40:56.025] [WARN] access - GET /api/pages/5e9af966e897746894879503?markdown=true
[2020-04-19 18:40:56.026] [WARN] access - GET /api/media?currentPage=1&pageSize=9
[2020-04-19 18:41:02.872] [WARN] access - GET /assets/admin/vendor.css
[2020-04-19 18:41:02.873] [WARN] access - GET /assets/admin/main.css
[2020-04-19 18:43:24.057] [INFO] access - GET /admin/pages/5e9af966e897746894879503
[2020-04-19 18:43:24.098] [INFO] access - GET /assets/admin/main.css
[2020-04-19 18:43:24.103] [INFO] access - GET /assets/admin/vendor.css
[2020-04-19 18:43:24.115] [INFO] access - GET /assets/admin/views.js
[2020-04-19 18:43:24.117] [INFO] access - GET /assets/admin/main.js
[2020-04-19 18:43:24.215] [INFO] access - GET /assets/admin/vendor.js
[2020-04-19 18:43:24.404] [WARN] access - GET /api/account
[2020-04-19 18:43:24.417] [INFO] access - GET /assets/admin/images/logo.png
[2020-04-19 18:43:24.475] [INFO] access - PUT /api/statistics
[2020-04-19 18:43:24.509] [WARN] access - GET /api/categories
[2020-04-19 18:43:24.510] [WARN] access - GET /api/pages/5e9af966e897746894879503?markdown=true
[2020-04-19 18:43:24.513] [WARN] access - GET /api/dashboard
[2020-04-19 18:43:24.513] [INFO] access - GET /assets/admin/fonts/fontawesome-webfont.woff2?v=4.6.1
[2020-04-19 18:43:24.517] [WARN] access - GET /api/media?currentPage=1&pageSize=9
[2020-04-19 18:43:26.391] [WARN] access - GET /api/media?currentPage=1&pageSize=20
[2020-04-19 18:43:26.440] [WARN] access - GET /media/202004/5e9afe73a03d396bf9432722/301586082973_.pic.jpg
[2020-04-19 18:43:26.441] [WARN] access - GET /media/202004/5e9afea2a03d396bf9432724/301586082973_.pic.jpg
[2020-04-19 18:43:26.442] [WARN] access - GET /media/202004/5e9afdeca03d396bf943271e/301586082973_.pic.jpg
[2020-04-19 18:43:26.445] [WARN] access - GET /media/202004/5e9afa17e897746894879505/301586082973_.pic.jpg
[2020-04-19 18:43:26.446] [WARN] access - GET /media/202004/5e9afe4ea03d396bf9432720/301586082973_.pic.jpg
[2020-04-19 18:43:26.449] [WARN] access - GET /media/202004/5e9af929e897746894879502/301586082973_.pic_thumb.jpg
[2020-04-19 18:43:28.916] [WARN] access - GET /api/site-info
[2020-04-19 18:43:29.541] [WARN] access - GET /api/categories
[2020-04-19 18:43:30.184] [WARN] access - GET /api/models?type=content
[2020-04-19 18:44:00.885] [WARN] access - GET /api/features
[2020-04-19 18:44:00.890] [WARN] access - GET /api/models?type=feature
[2020-04-19 18:44:03.253] [WARN] access - GET /api/categories/5e9af8b7e897746894879500
[2020-04-19 18:44:03.267] [WARN] access - GET /api/contents?_id=5e9af8b7e897746894879500&currentPage=1&deleted=false&pageSize=20
[2020-04-19 18:44:03.284] [WARN] access - GET /api/contents?_id=5e9af8b7e897746894879500&currentPage=1&deleted=false&pageSize=20
[2020-04-19 18:44:03.309] [WARN] access - GET /media/202004/5e9afea2a03d396bf9432724/301586082973_.pic.jpg
[2020-04-19 18:44:03.310] [WARN] access - GET /media/202004/5e9afe73a03d396bf9432722/301586082973_.pic.jpg
[2020-04-19 18:44:03.312] [WARN] access - GET /media/202004/5e9afe4ea03d396bf9432720/301586082973_.pic.jpg
[2020-04-19 18:44:03.313] [WARN] access - GET /media/202004/5e9af929e897746894879502/301586082973_.pic_thumb.jpg
[2020-04-19 18:44:03.314] [WARN] access - GET /media/202004/5e9afdeca03d396bf943271e/301586082973_.pic.jpg
[2020-04-19 18:44:04.375] [WARN] access - GET /api/categories/5e9af9dae897746894879504
[2020-04-19 18:44:04.393] [WARN] access - GET /api/contents?_id=5e9af9dae897746894879504&currentPage=1&deleted=false&pageSize=20
[2020-04-19 18:44:04.411] [WARN] access - GET /media/202004/5e9afa17e897746894879505/301586082973_.pic.jpg
[2020-04-19 18:44:04.412] [WARN] access - GET /api/contents?_id=5e9af9dae897746894879504&currentPage=1&deleted=false&pageSize=20
[2020-04-19 18:44:07.736] [WARN] access - GET /api/pages/5e9af966e897746894879503?markdown=true
[2020-04-19 18:44:07.737] [WARN] access - GET /api/media?currentPage=1&pageSize=9
[2020-04-19 18:44:08.635] [WARN] access - GET /api/media?currentPage=1&pageSize=20
[2020-04-19 18:45:18.331] [INFO] access - GET /admin/account
[2020-04-19 18:45:18.359] [INFO] access - GET /assets/admin/main.css
[2020-04-19 18:45:18.360] [INFO] access - GET /assets/admin/vendor.css
[2020-04-19 18:45:18.374] [INFO] access - GET /assets/admin/views.js
[2020-04-19 18:45:18.376] [INFO] access - GET /assets/admin/main.js
[2020-04-19 18:45:18.475] [INFO] access - GET /assets/admin/vendor.js
[2020-04-19 18:45:18.620] [WARN] access - GET /api/account
[2020-04-19 18:45:18.639] [INFO] access - GET /assets/admin/images/logo.png
[2020-04-19 18:45:18.670] [INFO] access - PUT /api/statistics
[2020-04-19 18:45:18.694] [WARN] access - GET /api/dashboard
[2020-04-19 18:45:18.695] [WARN] access - GET /api/categories
[2020-04-19 18:45:18.700] [INFO] access - GET /assets/admin/fonts/fontawesome-webfont.woff2?v=4.6.1
[2020-04-19 18:45:21.715] [WARN] access - GET /api/models?type=feature
[2020-04-19 18:45:21.720] [WARN] access - GET /api/features
[2020-04-19 18:45:23.118] [WARN] access - GET /api/categories/5e9af8b7e897746894879500
[2020-04-19 18:45:23.130] [WARN] access - GET /api/contents?_id=5e9af8b7e897746894879500&currentPage=1&deleted=false&pageSize=20
[2020-04-19 18:45:23.157] [WARN] access - GET /api/contents?_id=5e9af8b7e897746894879500&currentPage=1&deleted=false&pageSize=20
[2020-04-19 18:45:23.169] [WARN] access - GET /media/202004/5e9afea2a03d396bf9432724/301586082973_.pic.jpg
[2020-04-19 18:45:23.182] [WARN] access - GET /media/202004/5e9afe73a03d396bf9432722/301586082973_.pic.jpg
[2020-04-19 18:45:23.182] [WARN] access - GET /media/202004/5e9afdeca03d396bf943271e/301586082973_.pic.jpg
[2020-04-19 18:45:23.183] [WARN] access - GET /media/202004/5e9af929e897746894879502/301586082973_.pic_thumb.jpg
[2020-04-19 18:45:23.184] [WARN] access - GET /media/202004/5e9afe4ea03d396bf9432720/301586082973_.pic.jpg
[2020-04-19 18:45:23.804] [WARN] access - GET /api/categories/5e9af9dae897746894879504
[2020-04-19 18:45:23.818] [WARN] access - GET /api/contents?_id=5e9af9dae897746894879504&currentPage=1&deleted=false&pageSize=20
[2020-04-19 18:45:23.840] [WARN] access - GET /api/contents?_id=5e9af9dae897746894879504&currentPage=1&deleted=false&pageSize=20
[2020-04-19 18:45:23.845] [WARN] access - GET /media/202004/5e9afa17e897746894879505/301586082973_.pic.jpg
[2020-04-19 18:45:25.276] [WARN] access - GET /api/contents?currentPage=1&deleted=true&pageSize=20
[2020-04-19 18:45:25.300] [WARN] access - GET /api/contents?currentPage=1&deleted=true&pageSize=20
[2020-04-19 18:45:27.003] [WARN] access - GET /api/pages/5e9af966e897746894879503?markdown=true
[2020-04-19 18:45:27.003] [WARN] access - GET /api/media?currentPage=1&pageSize=9
[2020-04-19 18:45:27.654] [WARN] access - GET /api/media?currentPage=1&pageSize=20
[2020-04-19 18:45:27.701] [WARN] access - GET /media/202004/5e9afe73a03d396bf9432722/301586082973_.pic.jpg
[2020-04-19 18:45:27.703] [WARN] access - GET /media/202004/5e9afea2a03d396bf9432724/301586082973_.pic.jpg
[2020-04-19 18:45:27.705] [WARN] access - GET /media/202004/5e9afe4ea03d396bf9432720/301586082973_.pic.jpg
[2020-04-19 18:45:27.707] [WARN] access - GET /media/202004/5e9afdeca03d396bf943271e/301586082973_.pic.jpg
[2020-04-19 18:45:27.707] [WARN] access - GET /media/202004/5e9afa17e897746894879505/301586082973_.pic.jpg
[2020-04-19 18:45:27.708] [WARN] access - GET /media/202004/5e9af929e897746894879502/301586082973_.pic_thumb.jpg
[2020-04-19 18:45:30.058] [WARN] access - GET /api/site-info
[2020-04-19 18:45:30.741] [WARN] access - GET /api/categories
[2020-04-19 18:45:31.377] [WARN] access - GET /api/models?type=content
[2020-04-19 18:45:32.069] [WARN] access - GET /api/models?type=feature
[2020-04-19 18:45:32.689] [WARN] access - GET /api/roles
[2020-04-19 18:45:33.261] [WARN] access - GET /api/admin-users
[2020-04-19 18:46:48.983] [INFO] access - GET /admin
[2020-04-19 18:46:49.008] [INFO] access - GET /assets/admin/main.css
[2020-04-19 18:46:49.015] [INFO] access - GET /assets/admin/vendor.css
[2020-04-19 18:46:49.035] [INFO] access - GET /assets/admin/views.js
[2020-04-19 18:46:49.036] [INFO] access - GET /assets/admin/main.js
[2020-04-19 18:46:49.127] [INFO] access - GET /assets/admin/vendor.js
[2020-04-19 18:46:49.310] [INFO] access - GET /assets/admin/images/logo.png
[2020-04-19 18:46:49.343] [INFO] access - PUT /api/statistics
[2020-04-19 18:46:49.371] [WARN] access - GET /api/dashboard
[2020-04-19 18:46:49.372] [WARN] access - GET /api/account
[2020-04-19 18:46:49.373] [INFO] access - GET /assets/admin/fonts/fontawesome-webfont.woff2?v=4.6.1
[2020-04-19 18:46:49.374] [WARN] access - GET /api/categories
[2020-04-19 18:46:49.379] [WARN] access - GET /api/account
[2020-04-19 18:47:10.528] [INFO] access - GET /admin
[2020-04-19 18:47:10.554] [INFO] access - GET /assets/admin/main.css
[2020-04-19 18:47:10.565] [INFO] access - GET /assets/admin/vendor.css
[2020-04-19 18:47:10.567] [INFO] access - GET /assets/admin/views.js
[2020-04-19 18:47:10.577] [INFO] access - GET /assets/admin/main.js
[2020-04-19 18:47:10.677] [INFO] access - GET /assets/admin/vendor.js
[2020-04-19 18:47:10.837] [INFO] access - GET /assets/admin/images/logo.png
[2020-04-19 18:47:10.867] [INFO] access - PUT /api/statistics
[2020-04-19 18:47:10.906] [WARN] access - GET /api/dashboard
[2020-04-19 18:47:10.911] [WARN] access - GET /api/categories
[2020-04-19 18:47:10.914] [INFO] access - GET /assets/admin/fonts/fontawesome-webfont.woff2?v=4.6.1
[2020-04-19 18:47:10.916] [WARN] access - GET /api/account
[2020-04-19 18:47:10.923] [WARN] access - GET /api/account
[2020-04-19 18:47:25.214] [INFO] access - GET /admin
[2020-04-19 18:47:25.241] [INFO] access - GET /assets/admin/vendor.css
[2020-04-19 18:47:25.245] [INFO] access - GET /assets/admin/main.css
[2020-04-19 18:47:25.261] [INFO] access - GET /assets/admin/views.js
[2020-04-19 18:47:25.269] [INFO] access - GET /assets/admin/main.js
[2020-04-19 18:47:25.360] [INFO] access - GET /assets/admin/vendor.js
[2020-04-19 18:47:25.511] [INFO] access - GET /assets/admin/images/logo.png
[2020-04-19 18:47:25.562] [INFO] access - PUT /api/statistics
[2020-04-19 18:47:25.587] [INFO] access - GET /assets/admin/fonts/fontawesome-webfont.woff2?v=4.6.1
[2020-04-19 18:47:25.596] [WARN] access - GET /api/account
[2020-04-19 18:47:25.597] [WARN] access - GET /api/dashboard
[2020-04-19 18:47:25.609] [WARN] access - GET /api/categories
[2020-04-19 18:47:25.616] [WARN] access - GET /api/account
[2020-04-19 18:47:36.408] [INFO] access - GET /admin
[2020-04-19 18:47:36.441] [INFO] access - GET /assets/admin/vendor.css
[2020-04-19 18:47:36.443] [INFO] access - GET /assets/admin/main.css
[2020-04-19 18:47:36.455] [INFO] access - GET /assets/admin/views.js
[2020-04-19 18:47:36.456] [INFO] access - GET /assets/admin/main.js
[2020-04-19 18:47:36.558] [INFO] access - GET /assets/admin/vendor.js
[2020-04-19 18:47:36.722] [INFO] access - GET /assets/admin/images/logo.png
[2020-04-19 18:47:36.768] [INFO] access - PUT /api/statistics
[2020-04-19 18:47:36.790] [WARN] access - GET /api/dashboard
[2020-04-19 18:47:36.791] [WARN] access - GET /api/account
[2020-04-19 18:47:36.791] [INFO] access - GET /assets/admin/fonts/fontawesome-webfont.woff2?v=4.6.1
[2020-04-19 18:47:36.792] [WARN] access - GET /api/categories
[2020-04-19 18:47:36.806] [WARN] access - GET /api/account
[2020-04-19 18:48:44.709] [INFO] access - GET /admin
[2020-04-19 18:48:44.741] [INFO] access - GET /assets/admin/vendor.css
[2020-04-19 18:48:44.741] [INFO] access - GET /assets/admin/main.css
[2020-04-19 18:48:44.749] [INFO] access - GET /assets/admin/views.js
[2020-04-19 18:48:44.752] [INFO] access - GET /assets/admin/main.js
[2020-04-19 18:48:44.877] [INFO] access - GET /assets/admin/vendor.js
[2020-04-19 18:48:45.070] [INFO] access - GET /assets/admin/images/logo.png
[2020-04-19 18:48:45.131] [INFO] access - PUT /api/statistics
[2020-04-19 18:48:45.161] [INFO] access - GET /assets/admin/fonts/fontawesome-webfont.woff2?v=4.6.1
[2020-04-19 18:48:45.169] [WARN] access - GET /api/dashboard
[2020-04-19 18:48:45.174] [WARN] access - GET /api/account
[2020-04-19 18:48:45.178] [WARN] access - GET /api/categories
[2020-04-19 18:48:45.193] [WARN] access - GET /api/account
[2020-04-19 18:49:50.191] [WARN] access - GET /admin
[2020-04-19 18:49:50.214] [WARN] access - GET /assets/admin/vendor.css
[2020-04-19 18:49:50.223] [WARN] access - GET /assets/admin/main.css
[2020-04-19 18:49:50.226] [WARN] access - GET /assets/admin/vendor.js
[2020-04-19 18:49:50.226] [WARN] access - GET /assets/admin/views.js
[2020-04-19 18:49:50.227] [WARN] access - GET /assets/admin/main.js
[2020-04-19 18:49:50.363] [WARN] access - GET /assets/admin/images/logo.png
[2020-04-19 18:49:50.394] [INFO] access - PUT /api/statistics
[2020-04-19 18:49:50.426] [WARN] access - GET /assets/admin/fonts/fontawesome-webfont.woff2?v=4.6.1
[2020-04-19 18:49:50.428] [WARN] access - GET /api/dashboard
[2020-04-19 18:49:50.428] [WARN] access - GET /api/categories
[2020-04-19 18:49:50.429] [WARN] access - GET /api/account
[2020-04-19 18:49:50.438] [WARN] access - GET /api/account
[2020-04-19 18:51:23.193] [INFO] access - GET /admin
[2020-04-19 18:51:23.234] [INFO] access - GET /assets/admin/main.css
[2020-04-19 18:51:23.238] [INFO] access - GET /assets/admin/vendor.css
[2020-04-19 18:51:23.242] [INFO] access - GET /assets/admin/main.js
[2020-04-19 18:51:23.242] [INFO] access - GET /assets/admin/views.js
[2020-04-19 18:51:23.359] [INFO] access - GET /assets/admin/vendor.js
[2020-04-19 18:51:23.541] [INFO] access - GET /assets/admin/images/logo.png
[2020-04-19 18:51:23.576] [INFO] access - PUT /api/statistics
[2020-04-19 18:51:23.631] [INFO] access - GET /assets/admin/fonts/fontawesome-webfont.woff2?v=4.6.1
[2020-04-19 18:51:23.632] [WARN] access - GET /api/dashboard
[2020-04-19 18:51:23.633] [WARN] access - GET /api/account
[2020-04-19 18:51:23.635] [WARN] access - GET /api/categories
[2020-04-19 18:51:23.647] [WARN] access - GET /api/account
[2020-04-19 18:52:50.131] [INFO] access - GET /admin
[2020-04-19 18:52:50.157] [INFO] access - GET /assets/admin/main.css
[2020-04-19 18:52:50.163] [INFO] access - GET /assets/admin/vendor.css
[2020-04-19 18:52:50.169] [INFO] access - GET /assets/admin/views.js
[2020-04-19 18:52:50.175] [INFO] access - GET /assets/admin/main.js
[2020-04-19 18:52:50.266] [INFO] access - GET /assets/admin/vendor.js
[2020-04-19 18:52:50.447] [INFO] access - GET /assets/admin/images/logo.png
[2020-04-19 18:52:50.480] [INFO] access - PUT /api/statistics
[2020-04-19 18:52:50.505] [WARN] access - GET /api/dashboard
[2020-04-19 18:52:50.506] [WARN] access - GET /api/account
[2020-04-19 18:52:50.506] [WARN] access - GET /api/categories
[2020-04-19 18:52:50.507] [INFO] access - GET /assets/admin/fonts/fontawesome-webfont.woff2?v=4.6.1
[2020-04-19 18:52:50.513] [WARN] access - GET /api/account
[2020-04-19 18:55:02.264] [WARN] access - GET /api/models?type=feature
[2020-04-19 18:55:02.264] [WARN] access - GET /api/features
[2020-04-19 18:55:04.907] [WARN] access - GET /api/categories/5e9af8b7e897746894879500
[2020-04-19 18:55:04.922] [WARN] access - GET /api/contents?_id=5e9af8b7e897746894879500&currentPage=1&deleted=false&pageSize=20
[2020-04-19 18:55:04.942] [WARN] access - GET /api/contents?_id=5e9af8b7e897746894879500&currentPage=1&deleted=false&pageSize=20
[2020-04-19 18:55:04.961] [WARN] access - GET /media/202004/5e9afea2a03d396bf9432724/301586082973_.pic.jpg
[2020-04-19 18:55:04.962] [WARN] access - GET /media/202004/5e9afe73a03d396bf9432722/301586082973_.pic.jpg
[2020-04-19 18:55:04.965] [WARN] access - GET /media/202004/5e9af929e897746894879502/301586082973_.pic_thumb.jpg
[2020-04-19 18:55:04.966] [WARN] access - GET /media/202004/5e9afdeca03d396bf943271e/301586082973_.pic.jpg
[2020-04-19 18:55:04.967] [WARN] access - GET /media/202004/5e9afe4ea03d396bf9432720/301586082973_.pic.jpg
[2020-04-19 18:55:44.594] [INFO] access - GET /admin/contents/category/5e9af8b7e897746894879500
[2020-04-19 18:55:44.638] [INFO] access - GET /assets/admin/vendor.css
[2020-04-19 18:55:44.640] [INFO] access - GET /assets/admin/main.css
[2020-04-19 18:55:44.658] [INFO] access - GET /assets/admin/views.js
[2020-04-19 18:55:44.658] [INFO] access - GET /assets/admin/main.js
[2020-04-19 18:55:44.779] [INFO] access - GET /assets/admin/vendor.js
[2020-04-19 18:55:44.938] [WARN] access - GET /api/account
[2020-04-19 18:55:44.954] [INFO] access - GET /assets/admin/images/logo.png
[2020-04-19 18:55:44.994] [INFO] access - PUT /api/statistics
[2020-04-19 18:55:45.050] [WARN] access - GET /api/dashboard
[2020-04-19 18:55:45.052] [WARN] access - GET /api/categories/5e9af8b7e897746894879500
[2020-04-19 18:55:45.052] [WARN] access - GET /api/categories
[2020-04-19 18:55:45.054] [INFO] access - GET /assets/admin/fonts/fontawesome-webfont.woff2?v=4.6.1
[2020-04-19 18:55:45.062] [WARN] access - GET /api/contents?_id=5e9af8b7e897746894879500&currentPage=1&deleted=false&pageSize=20
[2020-04-19 18:55:45.079] [WARN] access - GET /api/contents?_id=5e9af8b7e897746894879500&currentPage=1&deleted=false&pageSize=20
[2020-04-19 18:55:45.100] [WARN] access - GET /media/202004/5e9afe73a03d396bf9432722/301586082973_.pic.jpg
[2020-04-19 18:55:45.105] [WARN] access - GET /media/202004/5e9afea2a03d396bf9432724/301586082973_.pic.jpg
[2020-04-19 18:55:45.107] [WARN] access - GET /media/202004/5e9afe4ea03d396bf9432720/301586082973_.pic.jpg
[2020-04-19 18:55:45.112] [WARN] access - GET /media/202004/5e9af929e897746894879502/301586082973_.pic_thumb.jpg
[2020-04-19 18:55:45.115] [WARN] access - GET /media/202004/5e9afdeca03d396bf943271e/301586082973_.pic.jpg
[2020-04-19 18:55:59.262] [WARN] access - GET /api/categories/5e9af9dae897746894879504
[2020-04-19 18:55:59.281] [WARN] access - GET /api/contents?_id=5e9af9dae897746894879504&currentPage=1&deleted=false&pageSize=20
[2020-04-19 18:55:59.301] [WARN] access - GET /api/contents?_id=5e9af9dae897746894879504&currentPage=1&deleted=false&pageSize=20
[2020-04-19 18:55:59.305] [WARN] access - GET /media/202004/5e9afa17e897746894879505/301586082973_.pic.jpg
[2020-04-19 18:56:04.474] [WARN] access - GET /api/contents?currentPage=1&deleted=true&pageSize=20
[2020-04-19 18:56:04.485] [WARN] access - GET /api/contents?currentPage=1&deleted=true&pageSize=20
[2020-04-19 18:56:08.396] [WARN] access - GET /api/media?currentPage=1&pageSize=9
[2020-04-19 18:56:08.397] [WARN] access - GET /api/pages/5e9af966e897746894879503?markdown=true
[2020-04-19 18:57:06.901] [INFO] access - GET /admin/pages/5e9af966e897746894879503
[2020-04-19 18:57:06.924] [INFO] access - GET /assets/admin/main.css
[2020-04-19 18:57:06.933] [INFO] access - GET /assets/admin/vendor.css
[2020-04-19 18:57:06.937] [INFO] access - GET /assets/admin/views.js
[2020-04-19 18:57:06.942] [INFO] access - GET /assets/admin/main.js
[2020-04-19 18:57:07.042] [INFO] access - GET /assets/admin/vendor.js
[2020-04-19 18:57:07.224] [WARN] access - GET /api/account
[2020-04-19 18:57:07.255] [INFO] access - GET /assets/admin/images/logo.png
[2020-04-19 18:57:07.299] [INFO] access - PUT /api/statistics
[2020-04-19 18:57:07.345] [WARN] access - GET /api/dashboard
[2020-04-19 18:57:07.346] [WARN] access - GET /api/categories
[2020-04-19 18:57:07.352] [WARN] access - GET /api/pages/5e9af966e897746894879503?markdown=true
[2020-04-19 18:57:07.354] [INFO] access - GET /assets/admin/fonts/fontawesome-webfont.woff2?v=4.6.1
[2020-04-19 18:57:07.356] [WARN] access - GET /api/media?currentPage=1&pageSize=9
[2020-04-19 18:57:22.821] [INFO] access - GET /admin/pages/5e9af966e897746894879503
[2020-04-19 18:57:22.854] [INFO] access - GET /assets/admin/main.css
[2020-04-19 18:57:22.858] [INFO] access - GET /assets/admin/vendor.css
[2020-04-19 18:57:22.865] [INFO] access - GET /assets/admin/views.js
[2020-04-19 18:57:22.870] [INFO] access - GET /assets/admin/main.js
[2020-04-19 18:57:22.962] [INFO] access - GET /assets/admin/vendor.js
[2020-04-19 18:57:23.099] [WARN] access - GET /api/account
[2020-04-19 18:57:23.119] [INFO] access - GET /assets/admin/images/logo.png
[2020-04-19 18:57:23.175] [INFO] access - PUT /api/statistics
[2020-04-19 18:57:23.196] [WARN] access - GET /api/dashboard
[2020-04-19 18:57:23.196] [WARN] access - GET /api/categories
[2020-04-19 18:57:23.200] [WARN] access - GET /api/pages/5e9af966e897746894879503?markdown=true
[2020-04-19 18:57:23.200] [INFO] access - GET /assets/admin/fonts/fontawesome-webfont.woff2?v=4.6.1
[2020-04-19 18:57:23.202] [WARN] access - GET /api/media?currentPage=1&pageSize=9
[2020-04-19 18:58:22.405] [INFO] access - GET /admin/pages/5e9af966e897746894879503
[2020-04-19 18:58:22.430] [INFO] access - GET /assets/admin/main.css
[2020-04-19 18:58:22.432] [INFO] access - GET /assets/admin/vendor.css
[2020-04-19 18:58:22.442] [INFO] access - GET /assets/admin/main.js
[2020-04-19 18:58:22.443] [INFO] access - GET /assets/admin/views.js
[2020-04-19 18:58:22.538] [INFO] access - GET /assets/admin/vendor.js
[2020-04-19 18:58:22.672] [WARN] access - GET /api/account
[2020-04-19 18:58:22.692] [INFO] access - GET /assets/admin/images/logo.png
[2020-04-19 18:58:22.744] [INFO] access - PUT /api/statistics
[2020-04-19 18:58:22.761] [WARN] access - GET /api/dashboard
[2020-04-19 18:58:22.764] [WARN] access - GET /api/categories
[2020-04-19 18:58:22.768] [INFO] access - GET /assets/admin/fonts/fontawesome-webfont.woff2?v=4.6.1
[2020-04-19 18:58:22.769] [WARN] access - GET /api/pages/5e9af966e897746894879503?markdown=true
[2020-04-19 18:58:22.770] [WARN] access - GET /api/media?currentPage=1&pageSize=9
[2020-04-19 18:59:21.863] [INFO] access - GET /admin/pages/5e9af966e897746894879503
[2020-04-19 18:59:21.882] [INFO] access - GET /assets/admin/main.css
[2020-04-19 18:59:21.890] [INFO] access - GET /assets/admin/vendor.css
[2020-04-19 18:59:21.899] [INFO] access - GET /assets/admin/views.js
[2020-04-19 18:59:21.904] [INFO] access - GET /assets/admin/main.js
[2020-04-19 18:59:22.005] [INFO] access - GET /assets/admin/vendor.js
[2020-04-19 18:59:22.163] [WARN] access - GET /api/account
[2020-04-19 18:59:22.181] [INFO] access - GET /assets/admin/images/logo.png
[2020-04-19 18:59:22.238] [INFO] access - PUT /api/statistics
[2020-04-19 18:59:22.265] [WARN] access - GET /api/dashboard
[2020-04-19 18:59:22.266] [WARN] access - GET /api/categories
[2020-04-19 18:59:22.269] [INFO] access - GET /assets/admin/fonts/fontawesome-webfont.woff2?v=4.6.1
[2020-04-19 18:59:22.270] [WARN] access - GET /api/pages/5e9af966e897746894879503?markdown=true
[2020-04-19 18:59:22.277] [WARN] access - GET /api/media?currentPage=1&pageSize=9
